Determining if the environ exist failed with the following output:
Change Dir: /home/parallels/Downloads/cmake-3.24.0/CMakeFiles/CMakeTmp

Run Build Command(s):/usr/bin/make -f Makefile cmTC_afb5d/fast && make  -f CMakeFiles/cmTC_afb5d.dir/build.make CMakeFiles/cmTC_afb5d.dir/build
make[1]: Verzeichnis „/home/parallels/Downloads/cmake-3.24.0/CMakeFiles/CMakeTmp“ wird betreten
Building C object CMakeFiles/cmTC_afb5d.dir/CheckSymbolExists.c.o
/usr/bin/gcc   -std=gnu11 -o CMakeFiles/cmTC_afb5d.dir/CheckSymbolExists.c.o -c /home/parallels/Downloads/cmake-3.24.0/CMakeFiles/CMakeTmp/CheckSymbolExists.c
/home/parallels/Downloads/cmake-3.24.0/CMakeFiles/CMakeTmp/CheckSymbolExists.c: In function ‘main’:
/home/parallels/Downloads/cmake-3.24.0/CMakeFiles/CMakeTmp/CheckSymbolExists.c:8:19: error: ‘environ’ undeclared (first use in this function)
    8 |   return ((int*)(&environ))[argc];
      |                   ^~~~~~~
/home/parallels/Downloads/cmake-3.24.0/CMakeFiles/CMakeTmp/CheckSymbolExists.c:8:19: note: each undeclared identifier is reported only once for each function it appears in
make[1]: *** [CMakeFiles/cmTC_afb5d.dir/build.make:78: CMakeFiles/cmTC_afb5d.dir/CheckSymbolExists.c.o] Fehler 1
make[1]: Verzeichnis „/home/parallels/Downloads/cmake-3.24.0/CMakeFiles/CMakeTmp“ wird verlassen
make: *** [Makefile:127: cmTC_afb5d/fast] Fehler 2


File /home/parallels/Downloads/cmake-3.24.0/CMakeFiles/CMakeTmp/CheckSymbolExists.c:
/* */
#include <stdlib.h>

int main(int argc, char** argv)
{
  (void)argv;
#ifndef environ
  return ((int*)(&environ))[argc];
#else
  (void)argc;
  return 0;
#endif
}
Performing C SOURCE FILE Test CMAKE_HAVE_LIBC_PTHREAD failed with the following output:
Change Dir: /home/parallels/Downloads/cmake-3.24.0/CMakeFiles/CMakeTmp

Run Build Command(s):/usr/bin/make -f Makefile cmTC_098c7/fast && make  -f CMakeFiles/cmTC_098c7.dir/build.make CMakeFiles/cmTC_098c7.dir/build
make[1]: Verzeichnis „/home/parallels/Downloads/cmake-3.24.0/CMakeFiles/CMakeTmp“ wird betreten
Building C object CMakeFiles/cmTC_098c7.dir/src.c.o
/usr/bin/gcc -DCMAKE_HAVE_LIBC_PTHREAD  -std=gnu11 -o CMakeFiles/cmTC_098c7.dir/src.c.o -c /home/parallels/Downloads/cmake-3.24.0/CMakeFiles/CMakeTmp/src.c
Linking C executable cmTC_098c7
/home/parallels/Downloads/cmake-3.24.0/Bootstrap.cmk/cmake -E cmake_link_script CMakeFiles/cmTC_098c7.dir/link.txt --verbose=1
/usr/bin/gcc CMakeFiles/cmTC_098c7.dir/src.c.o -o cmTC_098c7 
/usr/bin/ld: CMakeFiles/cmTC_098c7.dir/src.c.o: in function `main':
src.c:(.text+0x48): undefined reference to `pthread_create'
/usr/bin/ld: src.c:(.text+0x50): undefined reference to `pthread_detach'
/usr/bin/ld: src.c:(.text+0x58): undefined reference to `pthread_cancel'
/usr/bin/ld: src.c:(.text+0x64): undefined reference to `pthread_join'
collect2: error: ld returned 1 exit status
make[1]: *** [CMakeFiles/cmTC_098c7.dir/build.make:99: cmTC_098c7] Fehler 1
make[1]: Verzeichnis „/home/parallels/Downloads/cmake-3.24.0/CMakeFiles/CMakeTmp“ wird verlassen
make: *** [Makefile:127: cmTC_098c7/fast] Fehler 2


Source file was:
#include <pthread.h>

static void* test_func(void* data)
{
  return data;
}

int main(void)
{
  pthread_t thread;
  pthread_create(&thread, NULL, test_func, NULL);
  pthread_detach(thread);
  pthread_cancel(thread);
  pthread_join(thread, NULL);
  pthread_atfork(NULL, NULL, NULL);
  pthread_exit(NULL);

  return 0;
}

Determining if the function pthread_create exists in the pthreads failed with the following output:
Change Dir: /home/parallels/Downloads/cmake-3.24.0/CMakeFiles/CMakeTmp

Run Build Command(s):/usr/bin/make -f Makefile cmTC_76336/fast && make  -f CMakeFiles/cmTC_76336.dir/build.make CMakeFiles/cmTC_76336.dir/build
make[1]: Verzeichnis „/home/parallels/Downloads/cmake-3.24.0/CMakeFiles/CMakeTmp“ wird betreten
Building C object CMakeFiles/cmTC_76336.dir/CheckFunctionExists.c.o
/usr/bin/gcc   -DCHECK_FUNCTION_EXISTS=pthread_create -std=gnu11 -o CMakeFiles/cmTC_76336.dir/CheckFunctionExists.c.o -c /home/parallels/Downloads/cmake-3.24.0/Modules/CheckFunctionExists.c
Linking C executable cmTC_76336
/home/parallels/Downloads/cmake-3.24.0/Bootstrap.cmk/cmake -E cmake_link_script CMakeFiles/cmTC_76336.dir/link.txt --verbose=1
/usr/bin/gcc  -DCHECK_FUNCTION_EXISTS=pthread_create CMakeFiles/cmTC_76336.dir/CheckFunctionExists.c.o -o cmTC_76336  -lpthreads 
/usr/bin/ld: -lpthreads kann nicht gefunden werden
collect2: error: ld returned 1 exit status
make[1]: *** [CMakeFiles/cmTC_76336.dir/build.make:99: cmTC_76336] Fehler 1
make[1]: Verzeichnis „/home/parallels/Downloads/cmake-3.24.0/CMakeFiles/CMakeTmp“ wird verlassen
make: *** [Makefile:127: cmTC_76336/fast] Fehler 2



Checking whether CXX compiler has environ in stdlib.h failed to compile with the following output:
Change Dir: /home/parallels/Downloads/cmake-3.24.0/Source/kwsys/CMakeFiles/CMakeTmp

Run Build Command(s):/usr/bin/make -f Makefile cmTC_bc9ca/fast && make  -f CMakeFiles/cmTC_bc9ca.dir/build.make CMakeFiles/cmTC_bc9ca.dir/build
make[1]: Verzeichnis „/home/parallels/Downloads/cmake-3.24.0/Source/kwsys/CMakeFiles/CMakeTmp“ wird betreten
Building CXX object CMakeFiles/cmTC_bc9ca.dir/kwsysPlatformTestsCXX.cxx.o
/usr/bin/g++ -DTEST_KWSYS_CXX_HAS_ENVIRON_IN_STDLIB_H  -std=gnu++17 -o CMakeFiles/cmTC_bc9ca.dir/kwsysPlatformTestsCXX.cxx.o -c /home/parallels/Downloads/cmake-3.24.0/Source/kwsys/kwsysPlatformTestsCXX.cxx
/home/parallels/Downloads/cmake-3.24.0/Source/kwsys/kwsysPlatformTestsCXX.cxx: In function ‘int main()’:
/home/parallels/Downloads/cmake-3.24.0/Source/kwsys/kwsysPlatformTestsCXX.cxx:53:13: error: ‘environ’ was not declared in this scope; did you mean ‘union’?
   53 |   char* e = environ[0];
      |             ^~~~~~~
      |             union
make[1]: *** [CMakeFiles/cmTC_bc9ca.dir/build.make:78: CMakeFiles/cmTC_bc9ca.dir/kwsysPlatformTestsCXX.cxx.o] Fehler 1
make[1]: Verzeichnis „/home/parallels/Downloads/cmake-3.24.0/Source/kwsys/CMakeFiles/CMakeTmp“ wird verlassen
make: *** [Makefile:127: cmTC_bc9ca/fast] Fehler 2



Checking whether CXX compiler struct stat has st_mtimespec member failed to compile with the following output:
Change Dir: /home/parallels/Downloads/cmake-3.24.0/Source/kwsys/CMakeFiles/CMakeTmp

Run Build Command(s):/usr/bin/make -f Makefile cmTC_be065/fast && make  -f CMakeFiles/cmTC_be065.dir/build.make CMakeFiles/cmTC_be065.dir/build
make[1]: Verzeichnis „/home/parallels/Downloads/cmake-3.24.0/Source/kwsys/CMakeFiles/CMakeTmp“ wird betreten
Building CXX object CMakeFiles/cmTC_be065.dir/kwsysPlatformTestsCXX.cxx.o
/usr/bin/g++ -DTEST_KWSYS_CXX_STAT_HAS_ST_MTIMESPEC  -std=gnu++17 -o CMakeFiles/cmTC_be065.dir/kwsysPlatformTestsCXX.cxx.o -c /home/parallels/Downloads/cmake-3.24.0/Source/kwsys/kwsysPlatformTestsCXX.cxx
/home/parallels/Downloads/cmake-3.24.0/Source/kwsys/kwsysPlatformTestsCXX.cxx: In function ‘int main()’:
/home/parallels/Downloads/cmake-3.24.0/Source/kwsys/kwsysPlatformTestsCXX.cxx:26:15: error: ‘struct stat’ has no member named ‘st_mtimespec’
   26 |   (void)stat1.st_mtimespec.tv_sec;
      |               ^~~~~~~~~~~~
/home/parallels/Downloads/cmake-3.24.0/Source/kwsys/kwsysPlatformTestsCXX.cxx:27:15: error: ‘struct stat’ has no member named ‘st_mtimespec’
   27 |   (void)stat1.st_mtimespec.tv_nsec;
      |               ^~~~~~~~~~~~
make[1]: *** [CMakeFiles/cmTC_be065.dir/build.make:78: CMakeFiles/cmTC_be065.dir/kwsysPlatformTestsCXX.cxx.o] Fehler 1
make[1]: Verzeichnis „/home/parallels/Downloads/cmake-3.24.0/Source/kwsys/CMakeFiles/CMakeTmp“ wird verlassen
make: *** [Makefile:127: cmTC_be065/fast] Fehler 2



Determining if the function connect exists in the socket;dl failed with the following output:
Change Dir: /home/parallels/Downloads/cmake-3.24.0/CMakeFiles/CMakeTmp

Run Build Command(s):/usr/bin/make -f Makefile cmTC_dbafc/fast && make  -f CMakeFiles/cmTC_dbafc.dir/build.make CMakeFiles/cmTC_dbafc.dir/build
make[1]: Verzeichnis „/home/parallels/Downloads/cmake-3.24.0/CMakeFiles/CMakeTmp“ wird betreten
Building C object CMakeFiles/cmTC_dbafc.dir/CheckFunctionExists.c.o
/usr/bin/gcc   -w -DCHECK_FUNCTION_EXISTS=connect -std=gnu11 -o CMakeFiles/cmTC_dbafc.dir/CheckFunctionExists.c.o -c /home/parallels/Downloads/cmake-3.24.0/Modules/CheckFunctionExists.c
Linking C executable cmTC_dbafc
/home/parallels/Downloads/cmake-3.24.0/Bootstrap.cmk/cmake -E cmake_link_script CMakeFiles/cmTC_dbafc.dir/link.txt --verbose=1
/usr/bin/gcc  -w -DCHECK_FUNCTION_EXISTS=connect CMakeFiles/cmTC_dbafc.dir/CheckFunctionExists.c.o -o cmTC_dbafc  -lsocket -ldl 
/usr/bin/ld: -lsocket kann nicht gefunden werden
collect2: error: ld returned 1 exit status
make[1]: *** [CMakeFiles/cmTC_dbafc.dir/build.make:99: cmTC_dbafc] Fehler 1
make[1]: Verzeichnis „/home/parallels/Downloads/cmake-3.24.0/CMakeFiles/CMakeTmp“ wird verlassen
make: *** [Makefile:127: cmTC_dbafc/fast] Fehler 2



Determining if the RAND_status exist failed with the following output:
Change Dir: /home/parallels/Downloads/cmake-3.24.0/CMakeFiles/CMakeTmp

Run Build Command(s):/usr/bin/make -f Makefile cmTC_5e7d3/fast && make  -f CMakeFiles/cmTC_5e7d3.dir/build.make CMakeFiles/cmTC_5e7d3.dir/build
make[1]: Verzeichnis „/home/parallels/Downloads/cmake-3.24.0/CMakeFiles/CMakeTmp“ wird betreten
Building C object CMakeFiles/cmTC_5e7d3.dir/CheckSymbolExists.c.o
/usr/bin/gcc   -w  -std=gnu11 -o CMakeFiles/cmTC_5e7d3.dir/CheckSymbolExists.c.o -c /home/parallels/Downloads/cmake-3.24.0/CMakeFiles/CMakeTmp/CheckSymbolExists.c
/home/parallels/Downloads/cmake-3.24.0/CMakeFiles/CMakeTmp/CheckSymbolExists.c: In function ‘main’:
/home/parallels/Downloads/cmake-3.24.0/CMakeFiles/CMakeTmp/CheckSymbolExists.c:7:19: error: ‘RAND_status’ undeclared (first use in this function)
    7 |   return ((int*)(&RAND_status))[argc];
      |                   ^~~~~~~~~~~
/home/parallels/Downloads/cmake-3.24.0/CMakeFiles/CMakeTmp/CheckSymbolExists.c:7:19: note: each undeclared identifier is reported only once for each function it appears in
make[1]: *** [CMakeFiles/cmTC_5e7d3.dir/build.make:78: CMakeFiles/cmTC_5e7d3.dir/CheckSymbolExists.c.o] Fehler 1
make[1]: Verzeichnis „/home/parallels/Downloads/cmake-3.24.0/CMakeFiles/CMakeTmp“ wird verlassen
make: *** [Makefile:127: cmTC_5e7d3/fast] Fehler 2


File /home/parallels/Downloads/cmake-3.24.0/CMakeFiles/CMakeTmp/CheckSymbolExists.c:
/* */

int main(int argc, char** argv)
{
  (void)argv;
#ifndef RAND_status
  return ((int*)(&RAND_status))[argc];
#else
  (void)argc;
  return 0;
#endif
}
Determining if the RAND_screen exist failed with the following output:
Change Dir: /home/parallels/Downloads/cmake-3.24.0/CMakeFiles/CMakeTmp

Run Build Command(s):/usr/bin/make -f Makefile cmTC_ec229/fast && make  -f CMakeFiles/cmTC_ec229.dir/build.make CMakeFiles/cmTC_ec229.dir/build
make[1]: Verzeichnis „/home/parallels/Downloads/cmake-3.24.0/CMakeFiles/CMakeTmp“ wird betreten
Building C object CMakeFiles/cmTC_ec229.dir/CheckSymbolExists.c.o
/usr/bin/gcc   -w  -std=gnu11 -o CMakeFiles/cmTC_ec229.dir/CheckSymbolExists.c.o -c /home/parallels/Downloads/cmake-3.24.0/CMakeFiles/CMakeTmp/CheckSymbolExists.c
/home/parallels/Downloads/cmake-3.24.0/CMakeFiles/CMakeTmp/CheckSymbolExists.c: In function ‘main’:
/home/parallels/Downloads/cmake-3.24.0/CMakeFiles/CMakeTmp/CheckSymbolExists.c:7:19: error: ‘RAND_screen’ undeclared (first use in this function)
    7 |   return ((int*)(&RAND_screen))[argc];
      |                   ^~~~~~~~~~~
/home/parallels/Downloads/cmake-3.24.0/CMakeFiles/CMakeTmp/CheckSymbolExists.c:7:19: note: each undeclared identifier is reported only once for each function it appears in
make[1]: *** [CMakeFiles/cmTC_ec229.dir/build.make:78: CMakeFiles/cmTC_ec229.dir/CheckSymbolExists.c.o] Fehler 1
make[1]: Verzeichnis „/home/parallels/Downloads/cmake-3.24.0/CMakeFiles/CMakeTmp“ wird verlassen
make: *** [Makefile:127: cmTC_ec229/fast] Fehler 2


File /home/parallels/Downloads/cmake-3.24.0/CMakeFiles/CMakeTmp/CheckSymbolExists.c:
/* */

int main(int argc, char** argv)
{
  (void)argv;
#ifndef RAND_screen
  return ((int*)(&RAND_screen))[argc];
#else
  (void)argc;
  return 0;
#endif
}
Determining if the RAND_egd exist failed with the following output:
Change Dir: /home/parallels/Downloads/cmake-3.24.0/CMakeFiles/CMakeTmp

Run Build Command(s):/usr/bin/make -f Makefile cmTC_7aea5/fast && make  -f CMakeFiles/cmTC_7aea5.dir/build.make CMakeFiles/cmTC_7aea5.dir/build
make[1]: Verzeichnis „/home/parallels/Downloads/cmake-3.24.0/CMakeFiles/CMakeTmp“ wird betreten
Building C object CMakeFiles/cmTC_7aea5.dir/CheckSymbolExists.c.o
/usr/bin/gcc   -w  -std=gnu11 -o CMakeFiles/cmTC_7aea5.dir/CheckSymbolExists.c.o -c /home/parallels/Downloads/cmake-3.24.0/CMakeFiles/CMakeTmp/CheckSymbolExists.c
/home/parallels/Downloads/cmake-3.24.0/CMakeFiles/CMakeTmp/CheckSymbolExists.c: In function ‘main’:
/home/parallels/Downloads/cmake-3.24.0/CMakeFiles/CMakeTmp/CheckSymbolExists.c:7:19: error: ‘RAND_egd’ undeclared (first use in this function)
    7 |   return ((int*)(&RAND_egd))[argc];
      |                   ^~~~~~~~
/home/parallels/Downloads/cmake-3.24.0/CMakeFiles/CMakeTmp/CheckSymbolExists.c:7:19: note: each undeclared identifier is reported only once for each function it appears in
make[1]: *** [CMakeFiles/cmTC_7aea5.dir/build.make:78: CMakeFiles/cmTC_7aea5.dir/CheckSymbolExists.c.o] Fehler 1
make[1]: Verzeichnis „/home/parallels/Downloads/cmake-3.24.0/CMakeFiles/CMakeTmp“ wird verlassen
make: *** [Makefile:127: cmTC_7aea5/fast] Fehler 2


File /home/parallels/Downloads/cmake-3.24.0/CMakeFiles/CMakeTmp/CheckSymbolExists.c:
/* */

int main(int argc, char** argv)
{
  (void)argv;
#ifndef RAND_egd
  return ((int*)(&RAND_egd))[argc];
#else
  (void)argc;
  return 0;
#endif
}
Determining if the function dlopen exists in the dl;/usr/lib/aarch64-linux-gnu/libssl.so;/usr/lib/aarch64-linux-gnu/libcrypto.so;cmnghttp2 failed with the following output:
Change Dir: /home/parallels/Downloads/cmake-3.24.0/CMakeFiles/CMakeTmp

Run Build Command(s):/usr/bin/make -f Makefile cmTC_2c4d4/fast && make  -f CMakeFiles/cmTC_2c4d4.dir/build.make CMakeFiles/cmTC_2c4d4.dir/build
make[1]: Verzeichnis „/home/parallels/Downloads/cmake-3.24.0/CMakeFiles/CMakeTmp“ wird betreten
Building C object CMakeFiles/cmTC_2c4d4.dir/CheckFunctionExists.c.o
/usr/bin/gcc   -w -DCHECK_FUNCTION_EXISTS=dlopen -std=gnu11 -o CMakeFiles/cmTC_2c4d4.dir/CheckFunctionExists.c.o -c /home/parallels/Downloads/cmake-3.24.0/Modules/CheckFunctionExists.c
Linking C executable cmTC_2c4d4
/home/parallels/Downloads/cmake-3.24.0/Bootstrap.cmk/cmake -E cmake_link_script CMakeFiles/cmTC_2c4d4.dir/link.txt --verbose=1
/usr/bin/gcc  -w -DCHECK_FUNCTION_EXISTS=dlopen CMakeFiles/cmTC_2c4d4.dir/CheckFunctionExists.c.o -o cmTC_2c4d4  -ldl /usr/lib/aarch64-linux-gnu/libssl.so /usr/lib/aarch64-linux-gnu/libcrypto.so -lcmnghttp2 
/usr/bin/ld: -lcmnghttp2 kann nicht gefunden werden
collect2: error: ld returned 1 exit status
make[1]: *** [CMakeFiles/cmTC_2c4d4.dir/build.make:101: cmTC_2c4d4] Fehler 1
make[1]: Verzeichnis „/home/parallels/Downloads/cmake-3.24.0/CMakeFiles/CMakeTmp“ wird verlassen
make: *** [Makefile:127: cmTC_2c4d4/fast] Fehler 2



Determining if files stdio.h;inttypes.h;sys/filio.h exist failed with the following output:
Change Dir: /home/parallels/Downloads/cmake-3.24.0/CMakeFiles/CMakeTmp

Run Build Command(s):/usr/bin/make -f Makefile cmTC_01ac3/fast && make  -f CMakeFiles/cmTC_01ac3.dir/build.make CMakeFiles/cmTC_01ac3.dir/build
make[1]: Verzeichnis „/home/parallels/Downloads/cmake-3.24.0/CMakeFiles/CMakeTmp“ wird betreten
Building C object CMakeFiles/cmTC_01ac3.dir/HAVE_SYS_FILIO_H.c.o
/usr/bin/gcc   -w  -std=gnu11 -o CMakeFiles/cmTC_01ac3.dir/HAVE_SYS_FILIO_H.c.o -c /home/parallels/Downloads/cmake-3.24.0/CMakeFiles/CheckIncludeFiles/HAVE_SYS_FILIO_H.c
/home/parallels/Downloads/cmake-3.24.0/CMakeFiles/CheckIncludeFiles/HAVE_SYS_FILIO_H.c:4:10: fatal error: sys/filio.h: Datei oder Verzeichnis nicht gefunden
    4 | #include <sys/filio.h>
      |          ^~~~~~~~~~~~~
compilation terminated.
make[1]: *** [CMakeFiles/cmTC_01ac3.dir/build.make:78: CMakeFiles/cmTC_01ac3.dir/HAVE_SYS_FILIO_H.c.o] Fehler 1
make[1]: Verzeichnis „/home/parallels/Downloads/cmake-3.24.0/CMakeFiles/CMakeTmp“ wird verlassen
make: *** [Makefile:127: cmTC_01ac3/fast] Fehler 2


Source:
/* */
#include <stdio.h>
#include <inttypes.h>
#include <sys/filio.h>


int main(void){return 0;}

Determining if files stdio.h;inttypes.h;sys/ioctl.h;sys/param.h;sys/poll.h;sys/resource.h;sys/select.h;sys/socket.h;sys/sockio.h exist failed with the following output:
Change Dir: /home/parallels/Downloads/cmake-3.24.0/CMakeFiles/CMakeTmp

Run Build Command(s):/usr/bin/make -f Makefile cmTC_d5469/fast && make  -f CMakeFiles/cmTC_d5469.dir/build.make CMakeFiles/cmTC_d5469.dir/build
make[1]: Verzeichnis „/home/parallels/Downloads/cmake-3.24.0/CMakeFiles/CMakeTmp“ wird betreten
Building C object CMakeFiles/cmTC_d5469.dir/HAVE_SYS_SOCKIO_H.c.o
/usr/bin/gcc   -w  -std=gnu11 -o CMakeFiles/cmTC_d5469.dir/HAVE_SYS_SOCKIO_H.c.o -c /home/parallels/Downloads/cmake-3.24.0/CMakeFiles/CheckIncludeFiles/HAVE_SYS_SOCKIO_H.c
/home/parallels/Downloads/cmake-3.24.0/CMakeFiles/CheckIncludeFiles/HAVE_SYS_SOCKIO_H.c:10:10: fatal error: sys/sockio.h: Datei oder Verzeichnis nicht gefunden
   10 | #include <sys/sockio.h>
      |          ^~~~~~~~~~~~~~
compilation terminated.
make[1]: *** [CMakeFiles/cmTC_d5469.dir/build.make:78: CMakeFiles/cmTC_d5469.dir/HAVE_SYS_SOCKIO_H.c.o] Fehler 1
make[1]: Verzeichnis „/home/parallels/Downloads/cmake-3.24.0/CMakeFiles/CMakeTmp“ wird verlassen
make: *** [Makefile:127: cmTC_d5469/fast] Fehler 2


Source:
/* */
#include <stdio.h>
#include <inttypes.h>
#include <sys/ioctl.h>
#include <sys/param.h>
#include <sys/poll.h>
#include <sys/resource.h>
#include <sys/select.h>
#include <sys/socket.h>
#include <sys/sockio.h>


int main(void){return 0;}

Determining if files stdio.h;inttypes.h;sys/ioctl.h;sys/param.h;sys/poll.h;sys/resource.h;sys/select.h;sys/socket.h;sys/stat.h;sys/time.h;sys/types.h;sys/uio.h;sys/un.h;sys/utime.h exist failed with the following output:
Change Dir: /home/parallels/Downloads/cmake-3.24.0/CMakeFiles/CMakeTmp

Run Build Command(s):/usr/bin/make -f Makefile cmTC_66622/fast && make  -f CMakeFiles/cmTC_66622.dir/build.make CMakeFiles/cmTC_66622.dir/build
make[1]: Verzeichnis „/home/parallels/Downloads/cmake-3.24.0/CMakeFiles/CMakeTmp“ wird betreten
Building C object CMakeFiles/cmTC_66622.dir/HAVE_SYS_UTIME_H.c.o
/usr/bin/gcc   -w  -std=gnu11 -o CMakeFiles/cmTC_66622.dir/HAVE_SYS_UTIME_H.c.o -c /home/parallels/Downloads/cmake-3.24.0/CMakeFiles/CheckIncludeFiles/HAVE_SYS_UTIME_H.c
/home/parallels/Downloads/cmake-3.24.0/CMakeFiles/CheckIncludeFiles/HAVE_SYS_UTIME_H.c:15:10: fatal error: sys/utime.h: Datei oder Verzeichnis nicht gefunden
   15 | #include <sys/utime.h>
      |          ^~~~~~~~~~~~~
compilation terminated.
make[1]: *** [CMakeFiles/cmTC_66622.dir/build.make:78: CMakeFiles/cmTC_66622.dir/HAVE_SYS_UTIME_H.c.o] Fehler 1
make[1]: Verzeichnis „/home/parallels/Downloads/cmake-3.24.0/CMakeFiles/CMakeTmp“ wird verlassen
make: *** [Makefile:127: cmTC_66622/fast] Fehler 2


Source:
/* */
#include <stdio.h>
#include <inttypes.h>
#include <sys/ioctl.h>
#include <sys/param.h>
#include <sys/poll.h>
#include <sys/resource.h>
#include <sys/select.h>
#include <sys/socket.h>
#include <sys/stat.h>
#include <sys/time.h>
#include <sys/types.h>
#include <sys/uio.h>
#include <sys/un.h>
#include <sys/utime.h>


int main(void){return 0;}

Determining if files stdio.h;inttypes.h;sys/ioctl.h;sys/param.h;sys/poll.h;sys/resource.h;sys/select.h;sys/socket.h;sys/stat.h;sys/time.h;sys/types.h;sys/uio.h;sys/un.h;sys/xattr.h;alloca.h;arpa/inet.h;arpa/tftp.h;assert.h;errno.h;fcntl.h;idn2.h exist failed with the following output:
Change Dir: /home/parallels/Downloads/cmake-3.24.0/CMakeFiles/CMakeTmp

Run Build Command(s):/usr/bin/make -f Makefile cmTC_e53da/fast && make  -f CMakeFiles/cmTC_e53da.dir/build.make CMakeFiles/cmTC_e53da.dir/build
make[1]: Verzeichnis „/home/parallels/Downloads/cmake-3.24.0/CMakeFiles/CMakeTmp“ wird betreten
Building C object CMakeFiles/cmTC_e53da.dir/HAVE_IDN2_H.c.o
/usr/bin/gcc   -w  -std=gnu11 -o CMakeFiles/cmTC_e53da.dir/HAVE_IDN2_H.c.o -c /home/parallels/Downloads/cmake-3.24.0/CMakeFiles/CheckIncludeFiles/HAVE_IDN2_H.c
/home/parallels/Downloads/cmake-3.24.0/CMakeFiles/CheckIncludeFiles/HAVE_IDN2_H.c:22:10: fatal error: idn2.h: Datei oder Verzeichnis nicht gefunden
   22 | #include <idn2.h>
      |          ^~~~~~~~
compilation terminated.
make[1]: *** [CMakeFiles/cmTC_e53da.dir/build.make:78: CMakeFiles/cmTC_e53da.dir/HAVE_IDN2_H.c.o] Fehler 1
make[1]: Verzeichnis „/home/parallels/Downloads/cmake-3.24.0/CMakeFiles/CMakeTmp“ wird verlassen
make: *** [Makefile:127: cmTC_e53da/fast] Fehler 2


Source:
/* */
#include <stdio.h>
#include <inttypes.h>
#include <sys/ioctl.h>
#include <sys/param.h>
#include <sys/poll.h>
#include <sys/resource.h>
#include <sys/select.h>
#include <sys/socket.h>
#include <sys/stat.h>
#include <sys/time.h>
#include <sys/types.h>
#include <sys/uio.h>
#include <sys/un.h>
#include <sys/xattr.h>
#include <alloca.h>
#include <arpa/inet.h>
#include <arpa/tftp.h>
#include <assert.h>
#include <errno.h>
#include <fcntl.h>
#include <idn2.h>


int main(void){return 0;}

Determining if files stdio.h;inttypes.h;sys/ioctl.h;sys/param.h;sys/poll.h;sys/resource.h;sys/select.h;sys/socket.h;sys/stat.h;sys/time.h;sys/types.h;sys/uio.h;sys/un.h;sys/xattr.h;alloca.h;arpa/inet.h;arpa/tftp.h;assert.h;errno.h;fcntl.h;ifaddrs.h;io.h exist failed with the following output:
Change Dir: /home/parallels/Downloads/cmake-3.24.0/CMakeFiles/CMakeTmp

Run Build Command(s):/usr/bin/make -f Makefile cmTC_4689b/fast && make  -f CMakeFiles/cmTC_4689b.dir/build.make CMakeFiles/cmTC_4689b.dir/build
make[1]: Verzeichnis „/home/parallels/Downloads/cmake-3.24.0/CMakeFiles/CMakeTmp“ wird betreten
Building C object CMakeFiles/cmTC_4689b.dir/HAVE_IO_H.c.o
/usr/bin/gcc   -w  -std=gnu11 -o CMakeFiles/cmTC_4689b.dir/HAVE_IO_H.c.o -c /home/parallels/Downloads/cmake-3.24.0/CMakeFiles/CheckIncludeFiles/HAVE_IO_H.c
/home/parallels/Downloads/cmake-3.24.0/CMakeFiles/CheckIncludeFiles/HAVE_IO_H.c:23:10: fatal error: io.h: Datei oder Verzeichnis nicht gefunden
   23 | #include <io.h>
      |          ^~~~~~
compilation terminated.
make[1]: *** [CMakeFiles/cmTC_4689b.dir/build.make:78: CMakeFiles/cmTC_4689b.dir/HAVE_IO_H.c.o] Fehler 1
make[1]: Verzeichnis „/home/parallels/Downloads/cmake-3.24.0/CMakeFiles/CMakeTmp“ wird verlassen
make: *** [Makefile:127: cmTC_4689b/fast] Fehler 2


Source:
/* */
#include <stdio.h>
#include <inttypes.h>
#include <sys/ioctl.h>
#include <sys/param.h>
#include <sys/poll.h>
#include <sys/resource.h>
#include <sys/select.h>
#include <sys/socket.h>
#include <sys/stat.h>
#include <sys/time.h>
#include <sys/types.h>
#include <sys/uio.h>
#include <sys/un.h>
#include <sys/xattr.h>
#include <alloca.h>
#include <arpa/inet.h>
#include <arpa/tftp.h>
#include <assert.h>
#include <errno.h>
#include <fcntl.h>
#include <ifaddrs.h>
#include <io.h>


int main(void){return 0;}

Determining if files stdio.h;inttypes.h;sys/ioctl.h;sys/param.h;sys/poll.h;sys/resource.h;sys/select.h;sys/socket.h;sys/stat.h;sys/time.h;sys/types.h;sys/uio.h;sys/un.h;sys/xattr.h;alloca.h;arpa/inet.h;arpa/tftp.h;assert.h;errno.h;fcntl.h;ifaddrs.h;krb.h exist failed with the following output:
Change Dir: /home/parallels/Downloads/cmake-3.24.0/CMakeFiles/CMakeTmp

Run Build Command(s):/usr/bin/make -f Makefile cmTC_780a5/fast && make  -f CMakeFiles/cmTC_780a5.dir/build.make CMakeFiles/cmTC_780a5.dir/build
make[1]: Verzeichnis „/home/parallels/Downloads/cmake-3.24.0/CMakeFiles/CMakeTmp“ wird betreten
Building C object CMakeFiles/cmTC_780a5.dir/HAVE_KRB_H.c.o
/usr/bin/gcc   -w  -std=gnu11 -o CMakeFiles/cmTC_780a5.dir/HAVE_KRB_H.c.o -c /home/parallels/Downloads/cmake-3.24.0/CMakeFiles/CheckIncludeFiles/HAVE_KRB_H.c
/home/parallels/Downloads/cmake-3.24.0/CMakeFiles/CheckIncludeFiles/HAVE_KRB_H.c:23:10: fatal error: krb.h: Datei oder Verzeichnis nicht gefunden
   23 | #include <krb.h>
      |          ^~~~~~~
compilation terminated.
make[1]: *** [CMakeFiles/cmTC_780a5.dir/build.make:78: CMakeFiles/cmTC_780a5.dir/HAVE_KRB_H.c.o] Fehler 1
make[1]: Verzeichnis „/home/parallels/Downloads/cmake-3.24.0/CMakeFiles/CMakeTmp“ wird verlassen
make: *** [Makefile:127: cmTC_780a5/fast] Fehler 2


Source:
/* */
#include <stdio.h>
#include <inttypes.h>
#include <sys/ioctl.h>
#include <sys/param.h>
#include <sys/poll.h>
#include <sys/resource.h>
#include <sys/select.h>
#include <sys/socket.h>
#include <sys/stat.h>
#include <sys/time.h>
#include <sys/types.h>
#include <sys/uio.h>
#include <sys/un.h>
#include <sys/xattr.h>
#include <alloca.h>
#include <arpa/inet.h>
#include <arpa/tftp.h>
#include <assert.h>
#include <errno.h>
#include <fcntl.h>
#include <ifaddrs.h>
#include <krb.h>


int main(void){return 0;}

Determining if files stdio.h;inttypes.h;sys/ioctl.h;sys/param.h;sys/poll.h;sys/resource.h;sys/select.h;sys/socket.h;sys/stat.h;sys/time.h;sys/types.h;sys/uio.h;sys/un.h;sys/xattr.h;alloca.h;arpa/inet.h;arpa/tftp.h;assert.h;errno.h;fcntl.h;ifaddrs.h;libgen.h;locale.h;net/if.h;netdb.h;netinet/in.h;netinet/tcp.h;pem.h exist failed with the following output:
Change Dir: /home/parallels/Downloads/cmake-3.24.0/CMakeFiles/CMakeTmp

Run Build Command(s):/usr/bin/make -f Makefile cmTC_67431/fast && make  -f CMakeFiles/cmTC_67431.dir/build.make CMakeFiles/cmTC_67431.dir/build
make[1]: Verzeichnis „/home/parallels/Downloads/cmake-3.24.0/CMakeFiles/CMakeTmp“ wird betreten
Building C object CMakeFiles/cmTC_67431.dir/HAVE_PEM_H.c.o
/usr/bin/gcc   -w  -std=gnu11 -o CMakeFiles/cmTC_67431.dir/HAVE_PEM_H.c.o -c /home/parallels/Downloads/cmake-3.24.0/CMakeFiles/CheckIncludeFiles/HAVE_PEM_H.c
/home/parallels/Downloads/cmake-3.24.0/CMakeFiles/CheckIncludeFiles/HAVE_PEM_H.c:29:10: fatal error: pem.h: Datei oder Verzeichnis nicht gefunden
   29 | #include <pem.h>
      |          ^~~~~~~
compilation terminated.
make[1]: *** [CMakeFiles/cmTC_67431.dir/build.make:78: CMakeFiles/cmTC_67431.dir/HAVE_PEM_H.c.o] Fehler 1
make[1]: Verzeichnis „/home/parallels/Downloads/cmake-3.24.0/CMakeFiles/CMakeTmp“ wird verlassen
make: *** [Makefile:127: cmTC_67431/fast] Fehler 2


Source:
/* */
#include <stdio.h>
#include <inttypes.h>
#include <sys/ioctl.h>
#include <sys/param.h>
#include <sys/poll.h>
#include <sys/resource.h>
#include <sys/select.h>
#include <sys/socket.h>
#include <sys/stat.h>
#include <sys/time.h>
#include <sys/types.h>
#include <sys/uio.h>
#include <sys/un.h>
#include <sys/xattr.h>
#include <alloca.h>
#include <arpa/inet.h>
#include <arpa/tftp.h>
#include <assert.h>
#include <errno.h>
#include <fcntl.h>
#include <ifaddrs.h>
#include <libgen.h>
#include <locale.h>
#include <net/if.h>
#include <netdb.h>
#include <netinet/in.h>
#include <netinet/tcp.h>
#include <pem.h>


int main(void){return 0;}

Determining if files stdio.h;inttypes.h;sys/ioctl.h;sys/param.h;sys/poll.h;sys/resource.h;sys/select.h;sys/socket.h;sys/stat.h;sys/time.h;sys/types.h;sys/uio.h;sys/un.h;sys/xattr.h;alloca.h;arpa/inet.h;arpa/tftp.h;assert.h;errno.h;fcntl.h;ifaddrs.h;libgen.h;locale.h;net/if.h;netdb.h;netinet/in.h;netinet/tcp.h;poll.h;pwd.h;setjmp.h;signal.h;ssl.h exist failed with the following output:
Change Dir: /home/parallels/Downloads/cmake-3.24.0/CMakeFiles/CMakeTmp

Run Build Command(s):/usr/bin/make -f Makefile cmTC_8052e/fast && make  -f CMakeFiles/cmTC_8052e.dir/build.make CMakeFiles/cmTC_8052e.dir/build
make[1]: Verzeichnis „/home/parallels/Downloads/cmake-3.24.0/CMakeFiles/CMakeTmp“ wird betreten
Building C object CMakeFiles/cmTC_8052e.dir/HAVE_SSL_H.c.o
/usr/bin/gcc   -w  -std=gnu11 -o CMakeFiles/cmTC_8052e.dir/HAVE_SSL_H.c.o -c /home/parallels/Downloads/cmake-3.24.0/CMakeFiles/CheckIncludeFiles/HAVE_SSL_H.c
/home/parallels/Downloads/cmake-3.24.0/CMakeFiles/CheckIncludeFiles/HAVE_SSL_H.c:33:10: fatal error: ssl.h: Datei oder Verzeichnis nicht gefunden
   33 | #include <ssl.h>
      |          ^~~~~~~
compilation terminated.
make[1]: *** [CMakeFiles/cmTC_8052e.dir/build.make:78: CMakeFiles/cmTC_8052e.dir/HAVE_SSL_H.c.o] Fehler 1
make[1]: Verzeichnis „/home/parallels/Downloads/cmake-3.24.0/CMakeFiles/CMakeTmp“ wird verlassen
make: *** [Makefile:127: cmTC_8052e/fast] Fehler 2


Source:
/* */
#include <stdio.h>
#include <inttypes.h>
#include <sys/ioctl.h>
#include <sys/param.h>
#include <sys/poll.h>
#include <sys/resource.h>
#include <sys/select.h>
#include <sys/socket.h>
#include <sys/stat.h>
#include <sys/time.h>
#include <sys/types.h>
#include <sys/uio.h>
#include <sys/un.h>
#include <sys/xattr.h>
#include <alloca.h>
#include <arpa/inet.h>
#include <arpa/tftp.h>
#include <assert.h>
#include <errno.h>
#include <fcntl.h>
#include <ifaddrs.h>
#include <libgen.h>
#include <locale.h>
#include <net/if.h>
#include <netdb.h>
#include <netinet/in.h>
#include <netinet/tcp.h>
#include <poll.h>
#include <pwd.h>
#include <setjmp.h>
#include <signal.h>
#include <ssl.h>


int main(void){return 0;}

Determining if files stdio.h;inttypes.h;sys/ioctl.h;sys/param.h;sys/poll.h;sys/resource.h;sys/select.h;sys/socket.h;sys/stat.h;sys/time.h;sys/types.h;sys/uio.h;sys/un.h;sys/xattr.h;alloca.h;arpa/inet.h;arpa/tftp.h;assert.h;errno.h;fcntl.h;ifaddrs.h;libgen.h;locale.h;net/if.h;netdb.h;netinet/in.h;netinet/tcp.h;poll.h;pwd.h;setjmp.h;signal.h;stdbool.h;stdint.h;stdio.h;stdlib.h;string.h;strings.h;stropts.h exist failed with the following output:
Change Dir: /home/parallels/Downloads/cmake-3.24.0/CMakeFiles/CMakeTmp

Run Build Command(s):/usr/bin/make -f Makefile cmTC_85620/fast && make  -f CMakeFiles/cmTC_85620.dir/build.make CMakeFiles/cmTC_85620.dir/build
make[1]: Verzeichnis „/home/parallels/Downloads/cmake-3.24.0/CMakeFiles/CMakeTmp“ wird betreten
Building C object CMakeFiles/cmTC_85620.dir/HAVE_STROPTS_H.c.o
/usr/bin/gcc   -w  -std=gnu11 -o CMakeFiles/cmTC_85620.dir/HAVE_STROPTS_H.c.o -c /home/parallels/Downloads/cmake-3.24.0/CMakeFiles/CheckIncludeFiles/HAVE_STROPTS_H.c
/home/parallels/Downloads/cmake-3.24.0/CMakeFiles/CheckIncludeFiles/HAVE_STROPTS_H.c:39:10: fatal error: stropts.h: Datei oder Verzeichnis nicht gefunden
   39 | #include <stropts.h>
      |          ^~~~~~~~~~~
compilation terminated.
make[1]: *** [CMakeFiles/cmTC_85620.dir/build.make:78: CMakeFiles/cmTC_85620.dir/HAVE_STROPTS_H.c.o] Fehler 1
make[1]: Verzeichnis „/home/parallels/Downloads/cmake-3.24.0/CMakeFiles/CMakeTmp“ wird verlassen
make: *** [Makefile:127: cmTC_85620/fast] Fehler 2


Source:
/* */
#include <stdio.h>
#include <inttypes.h>
#include <sys/ioctl.h>
#include <sys/param.h>
#include <sys/poll.h>
#include <sys/resource.h>
#include <sys/select.h>
#include <sys/socket.h>
#include <sys/stat.h>
#include <sys/time.h>
#include <sys/types.h>
#include <sys/uio.h>
#include <sys/un.h>
#include <sys/xattr.h>
#include <alloca.h>
#include <arpa/inet.h>
#include <arpa/tftp.h>
#include <assert.h>
#include <errno.h>
#include <fcntl.h>
#include <ifaddrs.h>
#include <libgen.h>
#include <locale.h>
#include <net/if.h>
#include <netdb.h>
#include <netinet/in.h>
#include <netinet/tcp.h>
#include <poll.h>
#include <pwd.h>
#include <setjmp.h>
#include <signal.h>
#include <stdbool.h>
#include <stdint.h>
#include <stdio.h>
#include <stdlib.h>
#include <string.h>
#include <strings.h>
#include <stropts.h>


int main(void){return 0;}

Determining if files stdio.h;inttypes.h;sys/ioctl.h;sys/param.h;sys/poll.h;sys/resource.h;sys/select.h;sys/socket.h;sys/stat.h;sys/time.h;sys/types.h;sys/uio.h;sys/un.h;sys/xattr.h;alloca.h;arpa/inet.h;arpa/tftp.h;assert.h;errno.h;fcntl.h;ifaddrs.h;libgen.h;locale.h;net/if.h;netdb.h;netinet/in.h;netinet/tcp.h;poll.h;pwd.h;setjmp.h;signal.h;stdbool.h;stdint.h;stdio.h;stdlib.h;string.h;strings.h;termio.h;termios.h;time.h;unistd.h;utime.h;x509.h exist failed with the following output:
Change Dir: /home/parallels/Downloads/cmake-3.24.0/CMakeFiles/CMakeTmp

Run Build Command(s):/usr/bin/make -f Makefile cmTC_66889/fast && make  -f CMakeFiles/cmTC_66889.dir/build.make CMakeFiles/cmTC_66889.dir/build
make[1]: Verzeichnis „/home/parallels/Downloads/cmake-3.24.0/CMakeFiles/CMakeTmp“ wird betreten
Building C object CMakeFiles/cmTC_66889.dir/HAVE_X509_H.c.o
/usr/bin/gcc   -w  -std=gnu11 -o CMakeFiles/cmTC_66889.dir/HAVE_X509_H.c.o -c /home/parallels/Downloads/cmake-3.24.0/CMakeFiles/CheckIncludeFiles/HAVE_X509_H.c
/home/parallels/Downloads/cmake-3.24.0/CMakeFiles/CheckIncludeFiles/HAVE_X509_H.c:44:10: fatal error: x509.h: Datei oder Verzeichnis nicht gefunden
   44 | #include <x509.h>
      |          ^~~~~~~~
compilation terminated.
make[1]: *** [CMakeFiles/cmTC_66889.dir/build.make:78: CMakeFiles/cmTC_66889.dir/HAVE_X509_H.c.o] Fehler 1
make[1]: Verzeichnis „/home/parallels/Downloads/cmake-3.24.0/CMakeFiles/CMakeTmp“ wird verlassen
make: *** [Makefile:127: cmTC_66889/fast] Fehler 2


Source:
/* */
#include <stdio.h>
#include <inttypes.h>
#include <sys/ioctl.h>
#include <sys/param.h>
#include <sys/poll.h>
#include <sys/resource.h>
#include <sys/select.h>
#include <sys/socket.h>
#include <sys/stat.h>
#include <sys/time.h>
#include <sys/types.h>
#include <sys/uio.h>
#include <sys/un.h>
#include <sys/xattr.h>
#include <alloca.h>
#include <arpa/inet.h>
#include <arpa/tftp.h>
#include <assert.h>
#include <errno.h>
#include <fcntl.h>
#include <ifaddrs.h>
#include <libgen.h>
#include <locale.h>
#include <net/if.h>
#include <netdb.h>
#include <netinet/in.h>
#include <netinet/tcp.h>
#include <poll.h>
#include <pwd.h>
#include <setjmp.h>
#include <signal.h>
#include <stdbool.h>
#include <stdint.h>
#include <stdio.h>
#include <stdlib.h>
#include <string.h>
#include <strings.h>
#include <termio.h>
#include <termios.h>
#include <time.h>
#include <unistd.h>
#include <utime.h>
#include <x509.h>


int main(void){return 0;}

Determining if files stdio.h;inttypes.h;sys/ioctl.h;sys/param.h;sys/poll.h;sys/resource.h;sys/select.h;sys/socket.h;sys/stat.h;sys/time.h;sys/types.h;sys/uio.h;sys/un.h;sys/xattr.h;alloca.h;arpa/inet.h;arpa/tftp.h;assert.h;errno.h;fcntl.h;ifaddrs.h;libgen.h;locale.h;net/if.h;netdb.h;netinet/in.h;netinet/tcp.h;poll.h;pwd.h;setjmp.h;signal.h;stdbool.h;stdint.h;stdio.h;stdlib.h;string.h;strings.h;termio.h;termios.h;time.h;unistd.h;utime.h;process.h exist failed with the following output:
Change Dir: /home/parallels/Downloads/cmake-3.24.0/CMakeFiles/CMakeTmp

Run Build Command(s):/usr/bin/make -f Makefile cmTC_bd2f9/fast && make  -f CMakeFiles/cmTC_bd2f9.dir/build.make CMakeFiles/cmTC_bd2f9.dir/build
make[1]: Verzeichnis „/home/parallels/Downloads/cmake-3.24.0/CMakeFiles/CMakeTmp“ wird betreten
Building C object CMakeFiles/cmTC_bd2f9.dir/HAVE_PROCESS_H.c.o
/usr/bin/gcc   -w  -std=gnu11 -o CMakeFiles/cmTC_bd2f9.dir/HAVE_PROCESS_H.c.o -c /home/parallels/Downloads/cmake-3.24.0/CMakeFiles/CheckIncludeFiles/HAVE_PROCESS_H.c
/home/parallels/Downloads/cmake-3.24.0/CMakeFiles/CheckIncludeFiles/HAVE_PROCESS_H.c:44:10: fatal error: process.h: Datei oder Verzeichnis nicht gefunden
   44 | #include <process.h>
      |          ^~~~~~~~~~~
compilation terminated.
make[1]: *** [CMakeFiles/cmTC_bd2f9.dir/build.make:78: CMakeFiles/cmTC_bd2f9.dir/HAVE_PROCESS_H.c.o] Fehler 1
make[1]: Verzeichnis „/home/parallels/Downloads/cmake-3.24.0/CMakeFiles/CMakeTmp“ wird verlassen
make: *** [Makefile:127: cmTC_bd2f9/fast] Fehler 2


Source:
/* */
#include <stdio.h>
#include <inttypes.h>
#include <sys/ioctl.h>
#include <sys/param.h>
#include <sys/poll.h>
#include <sys/resource.h>
#include <sys/select.h>
#include <sys/socket.h>
#include <sys/stat.h>
#include <sys/time.h>
#include <sys/types.h>
#include <sys/uio.h>
#include <sys/un.h>
#include <sys/xattr.h>
#include <alloca.h>
#include <arpa/inet.h>
#include <arpa/tftp.h>
#include <assert.h>
#include <errno.h>
#include <fcntl.h>
#include <ifaddrs.h>
#include <libgen.h>
#include <locale.h>
#include <net/if.h>
#include <netdb.h>
#include <netinet/in.h>
#include <netinet/tcp.h>
#include <poll.h>
#include <pwd.h>
#include <setjmp.h>
#include <signal.h>
#include <stdbool.h>
#include <stdint.h>
#include <stdio.h>
#include <stdlib.h>
#include <string.h>
#include <strings.h>
#include <termio.h>
#include <termios.h>
#include <time.h>
#include <unistd.h>
#include <utime.h>
#include <process.h>


int main(void){return 0;}

Determining if files stdio.h;inttypes.h;sys/ioctl.h;sys/param.h;sys/poll.h;sys/resource.h;sys/select.h;sys/socket.h;sys/stat.h;sys/time.h;sys/types.h;sys/uio.h;sys/un.h;sys/xattr.h;alloca.h;arpa/inet.h;arpa/tftp.h;assert.h;errno.h;fcntl.h;ifaddrs.h;libgen.h;locale.h;net/if.h;netdb.h;netinet/in.h;netinet/tcp.h;poll.h;pwd.h;setjmp.h;signal.h;stdbool.h;stdint.h;stdio.h;stdlib.h;string.h;strings.h;termio.h;termios.h;time.h;unistd.h;utime.h;stddef.h;dlfcn.h;malloc.h;memory.h;netinet/if_ether.h;stdint.h;sockio.h exist failed with the following output:
Change Dir: /home/parallels/Downloads/cmake-3.24.0/CMakeFiles/CMakeTmp

Run Build Command(s):/usr/bin/make -f Makefile cmTC_6a03f/fast && make  -f CMakeFiles/cmTC_6a03f.dir/build.make CMakeFiles/cmTC_6a03f.dir/build
make[1]: Verzeichnis „/home/parallels/Downloads/cmake-3.24.0/CMakeFiles/CMakeTmp“ wird betreten
Building C object CMakeFiles/cmTC_6a03f.dir/HAVE_SOCKIO_H.c.o
/usr/bin/gcc   -w  -std=gnu11 -o CMakeFiles/cmTC_6a03f.dir/HAVE_SOCKIO_H.c.o -c /home/parallels/Downloads/cmake-3.24.0/CMakeFiles/CheckIncludeFiles/HAVE_SOCKIO_H.c
/home/parallels/Downloads/cmake-3.24.0/CMakeFiles/CheckIncludeFiles/HAVE_SOCKIO_H.c:50:10: fatal error: sockio.h: Datei oder Verzeichnis nicht gefunden
   50 | #include <sockio.h>
      |          ^~~~~~~~~~
compilation terminated.
make[1]: *** [CMakeFiles/cmTC_6a03f.dir/build.make:78: CMakeFiles/cmTC_6a03f.dir/HAVE_SOCKIO_H.c.o] Fehler 1
make[1]: Verzeichnis „/home/parallels/Downloads/cmake-3.24.0/CMakeFiles/CMakeTmp“ wird verlassen
make: *** [Makefile:127: cmTC_6a03f/fast] Fehler 2


Source:
/* */
#include <stdio.h>
#include <inttypes.h>
#include <sys/ioctl.h>
#include <sys/param.h>
#include <sys/poll.h>
#include <sys/resource.h>
#include <sys/select.h>
#include <sys/socket.h>
#include <sys/stat.h>
#include <sys/time.h>
#include <sys/types.h>
#include <sys/uio.h>
#include <sys/un.h>
#include <sys/xattr.h>
#include <alloca.h>
#include <arpa/inet.h>
#include <arpa/tftp.h>
#include <assert.h>
#include <errno.h>
#include <fcntl.h>
#include <ifaddrs.h>
#include <libgen.h>
#include <locale.h>
#include <net/if.h>
#include <netdb.h>
#include <netinet/in.h>
#include <netinet/tcp.h>
#include <poll.h>
#include <pwd.h>
#include <setjmp.h>
#include <signal.h>
#include <stdbool.h>
#include <stdint.h>
#include <stdio.h>
#include <stdlib.h>
#include <string.h>
#include <strings.h>
#include <termio.h>
#include <termios.h>
#include <time.h>
#include <unistd.h>
#include <utime.h>
#include <stddef.h>
#include <dlfcn.h>
#include <malloc.h>
#include <memory.h>
#include <netinet/if_ether.h>
#include <stdint.h>
#include <sockio.h>


int main(void){return 0;}

Determining if the stricmp exist failed with the following output:
Change Dir: /home/parallels/Downloads/cmake-3.24.0/CMakeFiles/CMakeTmp

Run Build Command(s):/usr/bin/make -f Makefile cmTC_0f62a/fast && make  -f CMakeFiles/cmTC_0f62a.dir/build.make CMakeFiles/cmTC_0f62a.dir/build
make[1]: Verzeichnis „/home/parallels/Downloads/cmake-3.24.0/CMakeFiles/CMakeTmp“ wird betreten
Building C object CMakeFiles/cmTC_0f62a.dir/CheckSymbolExists.c.o
/usr/bin/gcc   -w  -std=gnu11 -o CMakeFiles/cmTC_0f62a.dir/CheckSymbolExists.c.o -c /home/parallels/Downloads/cmake-3.24.0/CMakeFiles/CMakeTmp/CheckSymbolExists.c
/home/parallels/Downloads/cmake-3.24.0/CMakeFiles/CMakeTmp/CheckSymbolExists.c: In function ‘main’:
/home/parallels/Downloads/cmake-3.24.0/CMakeFiles/CMakeTmp/CheckSymbolExists.c:56:19: error: ‘stricmp’ undeclared (first use in this function); did you mean ‘strncmp’?
   56 |   return ((int*)(&stricmp))[argc];
      |                   ^~~~~~~
      |                   strncmp
/home/parallels/Downloads/cmake-3.24.0/CMakeFiles/CMakeTmp/CheckSymbolExists.c:56:19: note: each undeclared identifier is reported only once for each function it appears in
make[1]: *** [CMakeFiles/cmTC_0f62a.dir/build.make:78: CMakeFiles/cmTC_0f62a.dir/CheckSymbolExists.c.o] Fehler 1
make[1]: Verzeichnis „/home/parallels/Downloads/cmake-3.24.0/CMakeFiles/CMakeTmp“ wird verlassen
make: *** [Makefile:127: cmTC_0f62a/fast] Fehler 2


File /home/parallels/Downloads/cmake-3.24.0/CMakeFiles/CMakeTmp/CheckSymbolExists.c:
/* */
#include <stdio.h>
#include <inttypes.h>
#include <sys/ioctl.h>
#include <sys/param.h>
#include <sys/poll.h>
#include <sys/resource.h>
#include <sys/select.h>
#include <sys/socket.h>
#include <sys/stat.h>
#include <sys/time.h>
#include <sys/types.h>
#include <sys/uio.h>
#include <sys/un.h>
#include <sys/xattr.h>
#include <alloca.h>
#include <arpa/inet.h>
#include <arpa/tftp.h>
#include <assert.h>
#include <errno.h>
#include <fcntl.h>
#include <ifaddrs.h>
#include <libgen.h>
#include <locale.h>
#include <net/if.h>
#include <netdb.h>
#include <netinet/in.h>
#include <netinet/tcp.h>
#include <poll.h>
#include <pwd.h>
#include <setjmp.h>
#include <signal.h>
#include <stdbool.h>
#include <stdint.h>
#include <stdio.h>
#include <stdlib.h>
#include <string.h>
#include <strings.h>
#include <termio.h>
#include <termios.h>
#include <time.h>
#include <unistd.h>
#include <utime.h>
#include <stddef.h>
#include <dlfcn.h>
#include <malloc.h>
#include <memory.h>
#include <netinet/if_ether.h>
#include <stdint.h>
#include <sys/utsname.h>

int main(int argc, char** argv)
{
  (void)argv;
#ifndef stricmp
  return ((int*)(&stricmp))[argc];
#else
  (void)argc;
  return 0;
#endif
}
Determining if the strcmpi exist failed with the following output:
Change Dir: /home/parallels/Downloads/cmake-3.24.0/CMakeFiles/CMakeTmp

Run Build Command(s):/usr/bin/make -f Makefile cmTC_79909/fast && make  -f CMakeFiles/cmTC_79909.dir/build.make CMakeFiles/cmTC_79909.dir/build
make[1]: Verzeichnis „/home/parallels/Downloads/cmake-3.24.0/CMakeFiles/CMakeTmp“ wird betreten
Building C object CMakeFiles/cmTC_79909.dir/CheckSymbolExists.c.o
/usr/bin/gcc   -w  -std=gnu11 -o CMakeFiles/cmTC_79909.dir/CheckSymbolExists.c.o -c /home/parallels/Downloads/cmake-3.24.0/CMakeFiles/CMakeTmp/CheckSymbolExists.c
/home/parallels/Downloads/cmake-3.24.0/CMakeFiles/CMakeTmp/CheckSymbolExists.c: In function ‘main’:
/home/parallels/Downloads/cmake-3.24.0/CMakeFiles/CMakeTmp/CheckSymbolExists.c:56:19: error: ‘strcmpi’ undeclared (first use in this function); did you mean ‘strcmp’?
   56 |   return ((int*)(&strcmpi))[argc];
      |                   ^~~~~~~
      |                   strcmp
/home/parallels/Downloads/cmake-3.24.0/CMakeFiles/CMakeTmp/CheckSymbolExists.c:56:19: note: each undeclared identifier is reported only once for each function it appears in
make[1]: *** [CMakeFiles/cmTC_79909.dir/build.make:78: CMakeFiles/cmTC_79909.dir/CheckSymbolExists.c.o] Fehler 1
make[1]: Verzeichnis „/home/parallels/Downloads/cmake-3.24.0/CMakeFiles/CMakeTmp“ wird verlassen
make: *** [Makefile:127: cmTC_79909/fast] Fehler 2


File /home/parallels/Downloads/cmake-3.24.0/CMakeFiles/CMakeTmp/CheckSymbolExists.c:
/* */
#include <stdio.h>
#include <inttypes.h>
#include <sys/ioctl.h>
#include <sys/param.h>
#include <sys/poll.h>
#include <sys/resource.h>
#include <sys/select.h>
#include <sys/socket.h>
#include <sys/stat.h>
#include <sys/time.h>
#include <sys/types.h>
#include <sys/uio.h>
#include <sys/un.h>
#include <sys/xattr.h>
#include <alloca.h>
#include <arpa/inet.h>
#include <arpa/tftp.h>
#include <assert.h>
#include <errno.h>
#include <fcntl.h>
#include <ifaddrs.h>
#include <libgen.h>
#include <locale.h>
#include <net/if.h>
#include <netdb.h>
#include <netinet/in.h>
#include <netinet/tcp.h>
#include <poll.h>
#include <pwd.h>
#include <setjmp.h>
#include <signal.h>
#include <stdbool.h>
#include <stdint.h>
#include <stdio.h>
#include <stdlib.h>
#include <string.h>
#include <strings.h>
#include <termio.h>
#include <termios.h>
#include <time.h>
#include <unistd.h>
#include <utime.h>
#include <stddef.h>
#include <dlfcn.h>
#include <malloc.h>
#include <memory.h>
#include <netinet/if_ether.h>
#include <stdint.h>
#include <sys/utsname.h>

int main(int argc, char** argv)
{
  (void)argv;
#ifndef strcmpi
  return ((int*)(&strcmpi))[argc];
#else
  (void)argc;
  return 0;
#endif
}
Determining if the strncmpi exist failed with the following output:
Change Dir: /home/parallels/Downloads/cmake-3.24.0/CMakeFiles/CMakeTmp

Run Build Command(s):/usr/bin/make -f Makefile cmTC_4886d/fast && make  -f CMakeFiles/cmTC_4886d.dir/build.make CMakeFiles/cmTC_4886d.dir/build
make[1]: Verzeichnis „/home/parallels/Downloads/cmake-3.24.0/CMakeFiles/CMakeTmp“ wird betreten
Building C object CMakeFiles/cmTC_4886d.dir/CheckSymbolExists.c.o
/usr/bin/gcc   -w  -std=gnu11 -o CMakeFiles/cmTC_4886d.dir/CheckSymbolExists.c.o -c /home/parallels/Downloads/cmake-3.24.0/CMakeFiles/CMakeTmp/CheckSymbolExists.c
/home/parallels/Downloads/cmake-3.24.0/CMakeFiles/CMakeTmp/CheckSymbolExists.c: In function ‘main’:
/home/parallels/Downloads/cmake-3.24.0/CMakeFiles/CMakeTmp/CheckSymbolExists.c:56:19: error: ‘strncmpi’ undeclared (first use in this function); did you mean ‘strncmp’?
   56 |   return ((int*)(&strncmpi))[argc];
      |                   ^~~~~~~~
      |                   strncmp
/home/parallels/Downloads/cmake-3.24.0/CMakeFiles/CMakeTmp/CheckSymbolExists.c:56:19: note: each undeclared identifier is reported only once for each function it appears in
make[1]: *** [CMakeFiles/cmTC_4886d.dir/build.make:78: CMakeFiles/cmTC_4886d.dir/CheckSymbolExists.c.o] Fehler 1
make[1]: Verzeichnis „/home/parallels/Downloads/cmake-3.24.0/CMakeFiles/CMakeTmp“ wird verlassen
make: *** [Makefile:127: cmTC_4886d/fast] Fehler 2


File /home/parallels/Downloads/cmake-3.24.0/CMakeFiles/CMakeTmp/CheckSymbolExists.c:
/* */
#include <stdio.h>
#include <inttypes.h>
#include <sys/ioctl.h>
#include <sys/param.h>
#include <sys/poll.h>
#include <sys/resource.h>
#include <sys/select.h>
#include <sys/socket.h>
#include <sys/stat.h>
#include <sys/time.h>
#include <sys/types.h>
#include <sys/uio.h>
#include <sys/un.h>
#include <sys/xattr.h>
#include <alloca.h>
#include <arpa/inet.h>
#include <arpa/tftp.h>
#include <assert.h>
#include <errno.h>
#include <fcntl.h>
#include <ifaddrs.h>
#include <libgen.h>
#include <locale.h>
#include <net/if.h>
#include <netdb.h>
#include <netinet/in.h>
#include <netinet/tcp.h>
#include <poll.h>
#include <pwd.h>
#include <setjmp.h>
#include <signal.h>
#include <stdbool.h>
#include <stdint.h>
#include <stdio.h>
#include <stdlib.h>
#include <string.h>
#include <strings.h>
#include <termio.h>
#include <termios.h>
#include <time.h>
#include <unistd.h>
#include <utime.h>
#include <stddef.h>
#include <dlfcn.h>
#include <malloc.h>
#include <memory.h>
#include <netinet/if_ether.h>
#include <stdint.h>
#include <sys/utsname.h>

int main(int argc, char** argv)
{
  (void)argv;
#ifndef strncmpi
  return ((int*)(&strncmpi))[argc];
#else
  (void)argc;
  return 0;
#endif
}
Determining if the closesocket exist failed with the following output:
Change Dir: /home/parallels/Downloads/cmake-3.24.0/CMakeFiles/CMakeTmp

Run Build Command(s):/usr/bin/make -f Makefile cmTC_180f9/fast && make  -f CMakeFiles/cmTC_180f9.dir/build.make CMakeFiles/cmTC_180f9.dir/build
make[1]: Verzeichnis „/home/parallels/Downloads/cmake-3.24.0/CMakeFiles/CMakeTmp“ wird betreten
Building C object CMakeFiles/cmTC_180f9.dir/CheckSymbolExists.c.o
/usr/bin/gcc   -w  -std=gnu11 -o CMakeFiles/cmTC_180f9.dir/CheckSymbolExists.c.o -c /home/parallels/Downloads/cmake-3.24.0/CMakeFiles/CMakeTmp/CheckSymbolExists.c
/home/parallels/Downloads/cmake-3.24.0/CMakeFiles/CMakeTmp/CheckSymbolExists.c: In function ‘main’:
/home/parallels/Downloads/cmake-3.24.0/CMakeFiles/CMakeTmp/CheckSymbolExists.c:56:19: error: ‘closesocket’ undeclared (first use in this function)
   56 |   return ((int*)(&closesocket))[argc];
      |                   ^~~~~~~~~~~
/home/parallels/Downloads/cmake-3.24.0/CMakeFiles/CMakeTmp/CheckSymbolExists.c:56:19: note: each undeclared identifier is reported only once for each function it appears in
make[1]: *** [CMakeFiles/cmTC_180f9.dir/build.make:78: CMakeFiles/cmTC_180f9.dir/CheckSymbolExists.c.o] Fehler 1
make[1]: Verzeichnis „/home/parallels/Downloads/cmake-3.24.0/CMakeFiles/CMakeTmp“ wird verlassen
make: *** [Makefile:127: cmTC_180f9/fast] Fehler 2


File /home/parallels/Downloads/cmake-3.24.0/CMakeFiles/CMakeTmp/CheckSymbolExists.c:
/* */
#include <stdio.h>
#include <inttypes.h>
#include <sys/ioctl.h>
#include <sys/param.h>
#include <sys/poll.h>
#include <sys/resource.h>
#include <sys/select.h>
#include <sys/socket.h>
#include <sys/stat.h>
#include <sys/time.h>
#include <sys/types.h>
#include <sys/uio.h>
#include <sys/un.h>
#include <sys/xattr.h>
#include <alloca.h>
#include <arpa/inet.h>
#include <arpa/tftp.h>
#include <assert.h>
#include <errno.h>
#include <fcntl.h>
#include <ifaddrs.h>
#include <libgen.h>
#include <locale.h>
#include <net/if.h>
#include <netdb.h>
#include <netinet/in.h>
#include <netinet/tcp.h>
#include <poll.h>
#include <pwd.h>
#include <setjmp.h>
#include <signal.h>
#include <stdbool.h>
#include <stdint.h>
#include <stdio.h>
#include <stdlib.h>
#include <string.h>
#include <strings.h>
#include <termio.h>
#include <termios.h>
#include <time.h>
#include <unistd.h>
#include <utime.h>
#include <stddef.h>
#include <dlfcn.h>
#include <malloc.h>
#include <memory.h>
#include <netinet/if_ether.h>
#include <stdint.h>
#include <sys/utsname.h>

int main(int argc, char** argv)
{
  (void)argv;
#ifndef closesocket
  return ((int*)(&closesocket))[argc];
#else
  (void)argc;
  return 0;
#endif
}
Determining if the getpass_r exist failed with the following output:
Change Dir: /home/parallels/Downloads/cmake-3.24.0/CMakeFiles/CMakeTmp

Run Build Command(s):/usr/bin/make -f Makefile cmTC_add64/fast && make  -f CMakeFiles/cmTC_add64.dir/build.make CMakeFiles/cmTC_add64.dir/build
make[1]: Verzeichnis „/home/parallels/Downloads/cmake-3.24.0/CMakeFiles/CMakeTmp“ wird betreten
Building C object CMakeFiles/cmTC_add64.dir/CheckSymbolExists.c.o
/usr/bin/gcc   -w  -std=gnu11 -o CMakeFiles/cmTC_add64.dir/CheckSymbolExists.c.o -c /home/parallels/Downloads/cmake-3.24.0/CMakeFiles/CMakeTmp/CheckSymbolExists.c
/home/parallels/Downloads/cmake-3.24.0/CMakeFiles/CMakeTmp/CheckSymbolExists.c: In function ‘main’:
/home/parallels/Downloads/cmake-3.24.0/CMakeFiles/CMakeTmp/CheckSymbolExists.c:56:19: error: ‘getpass_r’ undeclared (first use in this function); did you mean ‘getpass’?
   56 |   return ((int*)(&getpass_r))[argc];
      |                   ^~~~~~~~~
      |                   getpass
/home/parallels/Downloads/cmake-3.24.0/CMakeFiles/CMakeTmp/CheckSymbolExists.c:56:19: note: each undeclared identifier is reported only once for each function it appears in
make[1]: *** [CMakeFiles/cmTC_add64.dir/build.make:78: CMakeFiles/cmTC_add64.dir/CheckSymbolExists.c.o] Fehler 1
make[1]: Verzeichnis „/home/parallels/Downloads/cmake-3.24.0/CMakeFiles/CMakeTmp“ wird verlassen
make: *** [Makefile:127: cmTC_add64/fast] Fehler 2


File /home/parallels/Downloads/cmake-3.24.0/CMakeFiles/CMakeTmp/CheckSymbolExists.c:
/* */
#include <stdio.h>
#include <inttypes.h>
#include <sys/ioctl.h>
#include <sys/param.h>
#include <sys/poll.h>
#include <sys/resource.h>
#include <sys/select.h>
#include <sys/socket.h>
#include <sys/stat.h>
#include <sys/time.h>
#include <sys/types.h>
#include <sys/uio.h>
#include <sys/un.h>
#include <sys/xattr.h>
#include <alloca.h>
#include <arpa/inet.h>
#include <arpa/tftp.h>
#include <assert.h>
#include <errno.h>
#include <fcntl.h>
#include <ifaddrs.h>
#include <libgen.h>
#include <locale.h>
#include <net/if.h>
#include <netdb.h>
#include <netinet/in.h>
#include <netinet/tcp.h>
#include <poll.h>
#include <pwd.h>
#include <setjmp.h>
#include <signal.h>
#include <stdbool.h>
#include <stdint.h>
#include <stdio.h>
#include <stdlib.h>
#include <string.h>
#include <strings.h>
#include <termio.h>
#include <termios.h>
#include <time.h>
#include <unistd.h>
#include <utime.h>
#include <stddef.h>
#include <dlfcn.h>
#include <malloc.h>
#include <memory.h>
#include <netinet/if_ether.h>
#include <stdint.h>
#include <sys/utsname.h>

int main(int argc, char** argv)
{
  (void)argv;
#ifndef getpass_r
  return ((int*)(&getpass_r))[argc];
#else
  (void)argc;
  return 0;
#endif
}
Determining if the _strtoi64 exist failed with the following output:
Change Dir: /home/parallels/Downloads/cmake-3.24.0/CMakeFiles/CMakeTmp

Run Build Command(s):/usr/bin/make -f Makefile cmTC_9379d/fast && make  -f CMakeFiles/cmTC_9379d.dir/build.make CMakeFiles/cmTC_9379d.dir/build
make[1]: Verzeichnis „/home/parallels/Downloads/cmake-3.24.0/CMakeFiles/CMakeTmp“ wird betreten
Building C object CMakeFiles/cmTC_9379d.dir/CheckSymbolExists.c.o
/usr/bin/gcc   -w  -std=gnu11 -o CMakeFiles/cmTC_9379d.dir/CheckSymbolExists.c.o -c /home/parallels/Downloads/cmake-3.24.0/CMakeFiles/CMakeTmp/CheckSymbolExists.c
/home/parallels/Downloads/cmake-3.24.0/CMakeFiles/CMakeTmp/CheckSymbolExists.c: In function ‘main’:
/home/parallels/Downloads/cmake-3.24.0/CMakeFiles/CMakeTmp/CheckSymbolExists.c:56:19: error: ‘_strtoi64’ undeclared (first use in this function)
   56 |   return ((int*)(&_strtoi64))[argc];
      |                   ^~~~~~~~~
/home/parallels/Downloads/cmake-3.24.0/CMakeFiles/CMakeTmp/CheckSymbolExists.c:56:19: note: each undeclared identifier is reported only once for each function it appears in
make[1]: *** [CMakeFiles/cmTC_9379d.dir/build.make:78: CMakeFiles/cmTC_9379d.dir/CheckSymbolExists.c.o] Fehler 1
make[1]: Verzeichnis „/home/parallels/Downloads/cmake-3.24.0/CMakeFiles/CMakeTmp“ wird verlassen
make: *** [Makefile:127: cmTC_9379d/fast] Fehler 2


File /home/parallels/Downloads/cmake-3.24.0/CMakeFiles/CMakeTmp/CheckSymbolExists.c:
/* */
#include <stdio.h>
#include <inttypes.h>
#include <sys/ioctl.h>
#include <sys/param.h>
#include <sys/poll.h>
#include <sys/resource.h>
#include <sys/select.h>
#include <sys/socket.h>
#include <sys/stat.h>
#include <sys/time.h>
#include <sys/types.h>
#include <sys/uio.h>
#include <sys/un.h>
#include <sys/xattr.h>
#include <alloca.h>
#include <arpa/inet.h>
#include <arpa/tftp.h>
#include <assert.h>
#include <errno.h>
#include <fcntl.h>
#include <ifaddrs.h>
#include <libgen.h>
#include <locale.h>
#include <net/if.h>
#include <netdb.h>
#include <netinet/in.h>
#include <netinet/tcp.h>
#include <poll.h>
#include <pwd.h>
#include <setjmp.h>
#include <signal.h>
#include <stdbool.h>
#include <stdint.h>
#include <stdio.h>
#include <stdlib.h>
#include <string.h>
#include <strings.h>
#include <termio.h>
#include <termios.h>
#include <time.h>
#include <unistd.h>
#include <utime.h>
#include <stddef.h>
#include <dlfcn.h>
#include <malloc.h>
#include <memory.h>
#include <netinet/if_ether.h>
#include <stdint.h>
#include <sys/utsname.h>

int main(int argc, char** argv)
{
  (void)argv;
#ifndef _strtoi64
  return ((int*)(&_strtoi64))[argc];
#else
  (void)argc;
  return 0;
#endif
}
Determining if the setmode exist failed with the following output:
Change Dir: /home/parallels/Downloads/cmake-3.24.0/CMakeFiles/CMakeTmp

Run Build Command(s):/usr/bin/make -f Makefile cmTC_0cf4e/fast && make  -f CMakeFiles/cmTC_0cf4e.dir/build.make CMakeFiles/cmTC_0cf4e.dir/build
make[1]: Verzeichnis „/home/parallels/Downloads/cmake-3.24.0/CMakeFiles/CMakeTmp“ wird betreten
Building C object CMakeFiles/cmTC_0cf4e.dir/CheckSymbolExists.c.o
/usr/bin/gcc   -w  -std=gnu11 -o CMakeFiles/cmTC_0cf4e.dir/CheckSymbolExists.c.o -c /home/parallels/Downloads/cmake-3.24.0/CMakeFiles/CMakeTmp/CheckSymbolExists.c
/home/parallels/Downloads/cmake-3.24.0/CMakeFiles/CMakeTmp/CheckSymbolExists.c: In function ‘main’:
/home/parallels/Downloads/cmake-3.24.0/CMakeFiles/CMakeTmp/CheckSymbolExists.c:56:19: error: ‘setmode’ undeclared (first use in this function)
   56 |   return ((int*)(&setmode))[argc];
      |                   ^~~~~~~
/home/parallels/Downloads/cmake-3.24.0/CMakeFiles/CMakeTmp/CheckSymbolExists.c:56:19: note: each undeclared identifier is reported only once for each function it appears in
make[1]: *** [CMakeFiles/cmTC_0cf4e.dir/build.make:78: CMakeFiles/cmTC_0cf4e.dir/CheckSymbolExists.c.o] Fehler 1
make[1]: Verzeichnis „/home/parallels/Downloads/cmake-3.24.0/CMakeFiles/CMakeTmp“ wird verlassen
make: *** [Makefile:127: cmTC_0cf4e/fast] Fehler 2


File /home/parallels/Downloads/cmake-3.24.0/CMakeFiles/CMakeTmp/CheckSymbolExists.c:
/* */
#include <stdio.h>
#include <inttypes.h>
#include <sys/ioctl.h>
#include <sys/param.h>
#include <sys/poll.h>
#include <sys/resource.h>
#include <sys/select.h>
#include <sys/socket.h>
#include <sys/stat.h>
#include <sys/time.h>
#include <sys/types.h>
#include <sys/uio.h>
#include <sys/un.h>
#include <sys/xattr.h>
#include <alloca.h>
#include <arpa/inet.h>
#include <arpa/tftp.h>
#include <assert.h>
#include <errno.h>
#include <fcntl.h>
#include <ifaddrs.h>
#include <libgen.h>
#include <locale.h>
#include <net/if.h>
#include <netdb.h>
#include <netinet/in.h>
#include <netinet/tcp.h>
#include <poll.h>
#include <pwd.h>
#include <setjmp.h>
#include <signal.h>
#include <stdbool.h>
#include <stdint.h>
#include <stdio.h>
#include <stdlib.h>
#include <string.h>
#include <strings.h>
#include <termio.h>
#include <termios.h>
#include <time.h>
#include <unistd.h>
#include <utime.h>
#include <stddef.h>
#include <dlfcn.h>
#include <malloc.h>
#include <memory.h>
#include <netinet/if_ether.h>
#include <stdint.h>
#include <sys/utsname.h>

int main(int argc, char** argv)
{
  (void)argv;
#ifndef setmode
  return ((int*)(&setmode))[argc];
#else
  (void)argc;
  return 0;
#endif
}
Determining if the function mach_absolute_time exists failed with the following output:
Change Dir: /home/parallels/Downloads/cmake-3.24.0/CMakeFiles/CMakeTmp

Run Build Command(s):/usr/bin/make -f Makefile cmTC_ada29/fast && make  -f CMakeFiles/cmTC_ada29.dir/build.make CMakeFiles/cmTC_ada29.dir/build
make[1]: Verzeichnis „/home/parallels/Downloads/cmake-3.24.0/CMakeFiles/CMakeTmp“ wird betreten
Building C object CMakeFiles/cmTC_ada29.dir/CheckFunctionExists.c.o
/usr/bin/gcc   -w -DCHECK_FUNCTION_EXISTS=mach_absolute_time -std=gnu11 -o CMakeFiles/cmTC_ada29.dir/CheckFunctionExists.c.o -c /home/parallels/Downloads/cmake-3.24.0/Modules/CheckFunctionExists.c
Linking C executable cmTC_ada29
/home/parallels/Downloads/cmake-3.24.0/Bootstrap.cmk/cmake -E cmake_link_script CMakeFiles/cmTC_ada29.dir/link.txt --verbose=1
/usr/bin/gcc  -w -DCHECK_FUNCTION_EXISTS=mach_absolute_time CMakeFiles/cmTC_ada29.dir/CheckFunctionExists.c.o -o cmTC_ada29 
/usr/bin/ld: CMakeFiles/cmTC_ada29.dir/CheckFunctionExists.c.o: in function `main':
CheckFunctionExists.c:(.text+0x10): undefined reference to `mach_absolute_time'
collect2: error: ld returned 1 exit status
make[1]: *** [CMakeFiles/cmTC_ada29.dir/build.make:99: cmTC_ada29] Fehler 1
make[1]: Verzeichnis „/home/parallels/Downloads/cmake-3.24.0/CMakeFiles/CMakeTmp“ wird verlassen
make: *** [Makefile:127: cmTC_ada29/fast] Fehler 2



Performing Curl Test HAVE_FSETXATTR_6 failed with the following output:
Change Dir: /home/parallels/Downloads/cmake-3.24.0/CMakeFiles/CMakeTmp

Run Build Command(s):/usr/bin/make -f Makefile cmTC_f91e2/fast && make  -f CMakeFiles/cmTC_f91e2.dir/build.make CMakeFiles/cmTC_f91e2.dir/build
make[1]: Verzeichnis „/home/parallels/Downloads/cmake-3.24.0/CMakeFiles/CMakeTmp“ wird betreten
Building C object CMakeFiles/cmTC_f91e2.dir/CurlTests.c.o
/usr/bin/gcc   -w -DHAVE_FSETXATTR_6  -DHAVE_STDIO_H -DHAVE_INTTYPES_H -DHAVE_SYS_IOCTL_H -DHAVE_SYS_PARAM_H -DHAVE_SYS_POLL_H -DHAVE_SYS_RESOURCE_H -DHAVE_SYS_SELECT_H -DHAVE_SYS_SOCKET_H -DHAVE_SYS_STAT_H -DHAVE_SYS_TIME_H -DHAVE_SYS_TYPES_H -DHAVE_SYS_UIO_H -DHAVE_SYS_UN_H -DHAVE_SYS_XATTR_H -DHAVE_ALLOCA_H -DHAVE_ARPA_INET_H -DHAVE_ARPA_TFTP_H -DHAVE_ASSERT_H -DHAVE_ERRNO_H -DHAVE_FCNTL_H -DHAVE_IFADDRS_H -DHAVE_LIBGEN_H -DHAVE_LOCALE_H -DHAVE_NET_IF_H -DHAVE_NETDB_H -DHAVE_NETINET_IN_H -DHAVE_NETINET_TCP_H -DHAVE_POLL_H -DHAVE_PWD_H -DHAVE_SETJMP_H -DHAVE_SIGNAL_H -DHAVE_STDBOOL_H -DHAVE_STDINT_H -DHAVE_STDIO_H -DHAVE_STDLIB_H -DHAVE_STRING_H -DHAVE_STRINGS_H -DHAVE_TERMIO_H -DHAVE_TERMIOS_H -DHAVE_TIME_H -DHAVE_UNISTD_H -DHAVE_UTIME_H -DHAVE_STDDEF_H -DHAVE_DLFCN_H -DHAVE_MALLOC_H -DHAVE_MEMORY_H -DHAVE_NETINET_IF_ETHER_H -DHAVE_STDINT_H -DHAVE_SYS_UTSNAME_H -std=gnu11 -o CMakeFiles/cmTC_f91e2.dir/CurlTests.c.o -c /home/parallels/Downloads/cmake-3.24.0/Utilities/cmcurl/CMake/CurlTests.c
/home/parallels/Downloads/cmake-3.24.0/Utilities/cmcurl/CMake/CurlTests.c: In function ‘main’:
/home/parallels/Downloads/cmake-3.24.0/Utilities/cmcurl/CMake/CurlTests.c:443:3: error: too many arguments to function ‘fsetxattr’
  443 |   fsetxattr(0, 0, 0, 0, 0, 0);
      |   ^~~~~~~~~
In file included from /home/parallels/Downloads/cmake-3.24.0/Utilities/cmcurl/CMake/CurlTests.c:440:
/usr/include/aarch64-linux-gnu/sys/xattr.h:54:12: note: declared here
   54 | extern int fsetxattr (int __fd, const char *__name, const void *__value,
      |            ^~~~~~~~~
make[1]: *** [CMakeFiles/cmTC_f91e2.dir/build.make:78: CMakeFiles/cmTC_f91e2.dir/CurlTests.c.o] Fehler 1
make[1]: Verzeichnis „/home/parallels/Downloads/cmake-3.24.0/CMakeFiles/CMakeTmp“ wird verlassen
make: *** [Makefile:127: cmTC_f91e2/fast] Fehler 2


Determining size of ADDRESS_FAMILY failed with the following output:
Change Dir: /home/parallels/Downloads/cmake-3.24.0/CMakeFiles/CMakeTmp

Run Build Command(s):/usr/bin/make -f Makefile cmTC_85fe1/fast && make  -f CMakeFiles/cmTC_85fe1.dir/build.make CMakeFiles/cmTC_85fe1.dir/build
make[1]: Verzeichnis „/home/parallels/Downloads/cmake-3.24.0/CMakeFiles/CMakeTmp“ wird betreten
Building C object CMakeFiles/cmTC_85fe1.dir/SIZEOF_ADDRESS_FAMILY.c.o
/usr/bin/gcc   -w  -std=gnu11 -o CMakeFiles/cmTC_85fe1.dir/SIZEOF_ADDRESS_FAMILY.c.o -c /home/parallels/Downloads/cmake-3.24.0/CMakeFiles/CheckTypeSize/SIZEOF_ADDRESS_FAMILY.c
/home/parallels/Downloads/cmake-3.24.0/CMakeFiles/CheckTypeSize/SIZEOF_ADDRESS_FAMILY.c:4:10: fatal error: ws2def.h: Datei oder Verzeichnis nicht gefunden
    4 | #include "ws2def.h"
      |          ^~~~~~~~~~
compilation terminated.
make[1]: *** [CMakeFiles/cmTC_85fe1.dir/build.make:78: CMakeFiles/cmTC_85fe1.dir/SIZEOF_ADDRESS_FAMILY.c.o] Fehler 1
make[1]: Verzeichnis „/home/parallels/Downloads/cmake-3.24.0/CMakeFiles/CMakeTmp“ wird verlassen
make: *** [Makefile:127: cmTC_85fe1/fast] Fehler 2


/home/parallels/Downloads/cmake-3.24.0/CMakeFiles/CheckTypeSize/SIZEOF_ADDRESS_FAMILY.c:
#include <sys/types.h>
#include <stdint.h>
#include <stddef.h>
#include "ws2def.h"


#undef KEY
#if defined(__i386)
# define KEY '_','_','i','3','8','6'
#elif defined(__x86_64)
# define KEY '_','_','x','8','6','_','6','4'
#elif defined(__PPC64__)
# define KEY '_','_','P','P','C','6','4','_','_'
#elif defined(__ppc64__)
# define KEY '_','_','p','p','c','6','4','_','_'
#elif defined(__PPC__)
# define KEY '_','_','P','P','C','_','_'
#elif defined(__ppc__)
# define KEY '_','_','p','p','c','_','_'
#elif defined(__aarch64__)
# define KEY '_','_','a','a','r','c','h','6','4','_','_'
#elif defined(__ARM_ARCH_7A__)
# define KEY '_','_','A','R','M','_','A','R','C','H','_','7','A','_','_'
#elif defined(__ARM_ARCH_7S__)
# define KEY '_','_','A','R','M','_','A','R','C','H','_','7','S','_','_'
#endif

#define SIZE (sizeof(ADDRESS_FAMILY))
static char info_size[] =  {'I', 'N', 'F', 'O', ':', 's','i','z','e','[',
  ('0' + ((SIZE / 10000)%10)),
  ('0' + ((SIZE / 1000)%10)),
  ('0' + ((SIZE / 100)%10)),
  ('0' + ((SIZE / 10)%10)),
  ('0' +  (SIZE    % 10)),
  ']',
#ifdef KEY
  ' ','k','e','y','[', KEY, ']',
#endif
  '\0'};

#ifdef __CLASSIC_C__
int main(argc, argv) int argc; char *argv[];
#else
int main(int argc, char *argv[])
#endif
{
  int require = 0;
  require += info_size[argc];
  (void)argv;
  return require;
}


Performing Curl Test HAVE_IOCTLSOCKET failed with the following output:
Change Dir: /home/parallels/Downloads/cmake-3.24.0/CMakeFiles/CMakeTmp

Run Build Command(s):/usr/bin/make -f Makefile cmTC_bff24/fast && make  -f CMakeFiles/cmTC_bff24.dir/build.make CMakeFiles/cmTC_bff24.dir/build
make[1]: Verzeichnis „/home/parallels/Downloads/cmake-3.24.0/CMakeFiles/CMakeTmp“ wird betreten
Building C object CMakeFiles/cmTC_bff24.dir/CurlTests.c.o
/usr/bin/gcc   -w -DHAVE_IOCTLSOCKET  -DHAVE_STDIO_H -DHAVE_INTTYPES_H -DHAVE_SYS_IOCTL_H -DHAVE_SYS_PARAM_H -DHAVE_SYS_POLL_H -DHAVE_SYS_RESOURCE_H -DHAVE_SYS_SELECT_H -DHAVE_SYS_SOCKET_H -DHAVE_SYS_STAT_H -DHAVE_SYS_TIME_H -DHAVE_SYS_TYPES_H -DHAVE_SYS_UIO_H -DHAVE_SYS_UN_H -DHAVE_SYS_XATTR_H -DHAVE_ALLOCA_H -DHAVE_ARPA_INET_H -DHAVE_ARPA_TFTP_H -DHAVE_ASSERT_H -DHAVE_ERRNO_H -DHAVE_FCNTL_H -DHAVE_IFADDRS_H -DHAVE_LIBGEN_H -DHAVE_LOCALE_H -DHAVE_NET_IF_H -DHAVE_NETDB_H -DHAVE_NETINET_IN_H -DHAVE_NETINET_TCP_H -DHAVE_POLL_H -DHAVE_PWD_H -DHAVE_SETJMP_H -DHAVE_SIGNAL_H -DHAVE_STDBOOL_H -DHAVE_STDINT_H -DHAVE_STDIO_H -DHAVE_STDLIB_H -DHAVE_STRING_H -DHAVE_STRINGS_H -DHAVE_TERMIO_H -DHAVE_TERMIOS_H -DHAVE_TIME_H -DHAVE_UNISTD_H -DHAVE_UTIME_H -DHAVE_STDDEF_H -DHAVE_DLFCN_H -DHAVE_MALLOC_H -DHAVE_MEMORY_H -DHAVE_NETINET_IF_ETHER_H -DHAVE_STDINT_H -DHAVE_SYS_UTSNAME_H -std=gnu11 -o CMakeFiles/cmTC_bff24.dir/CurlTests.c.o -c /home/parallels/Downloads/cmake-3.24.0/Utilities/cmcurl/CMake/CurlTests.c
/home/parallels/Downloads/cmake-3.24.0/Utilities/cmcurl/CMake/CurlTests.c: In function ‘main’:
/home/parallels/Downloads/cmake-3.24.0/Utilities/cmcurl/CMake/CurlTests.c:241:44: error: ‘FIONBIO’ undeclared (first use in this function)
  241 |  unsigned long flags = ioctlsocket(socket, FIONBIO, &flags);
      |                                            ^~~~~~~
/home/parallels/Downloads/cmake-3.24.0/Utilities/cmcurl/CMake/CurlTests.c:241:44: note: each undeclared identifier is reported only once for each function it appears in
make[1]: *** [CMakeFiles/cmTC_bff24.dir/build.make:78: CMakeFiles/cmTC_bff24.dir/CurlTests.c.o] Fehler 1
make[1]: Verzeichnis „/home/parallels/Downloads/cmake-3.24.0/CMakeFiles/CMakeTmp“ wird verlassen
make: *** [Makefile:127: cmTC_bff24/fast] Fehler 2


Performing Curl Test HAVE_IOCTLSOCKET_CAMEL failed with the following output:
Change Dir: /home/parallels/Downloads/cmake-3.24.0/CMakeFiles/CMakeTmp

Run Build Command(s):/usr/bin/make -f Makefile cmTC_390f2/fast && make  -f CMakeFiles/cmTC_390f2.dir/build.make CMakeFiles/cmTC_390f2.dir/build
make[1]: Verzeichnis „/home/parallels/Downloads/cmake-3.24.0/CMakeFiles/CMakeTmp“ wird betreten
Building C object CMakeFiles/cmTC_390f2.dir/CurlTests.c.o
/usr/bin/gcc   -w -DHAVE_IOCTLSOCKET_CAMEL  -DHAVE_STDIO_H -DHAVE_INTTYPES_H -DHAVE_SYS_IOCTL_H -DHAVE_SYS_PARAM_H -DHAVE_SYS_POLL_H -DHAVE_SYS_RESOURCE_H -DHAVE_SYS_SELECT_H -DHAVE_SYS_SOCKET_H -DHAVE_SYS_STAT_H -DHAVE_SYS_TIME_H -DHAVE_SYS_TYPES_H -DHAVE_SYS_UIO_H -DHAVE_SYS_UN_H -DHAVE_SYS_XATTR_H -DHAVE_ALLOCA_H -DHAVE_ARPA_INET_H -DHAVE_ARPA_TFTP_H -DHAVE_ASSERT_H -DHAVE_ERRNO_H -DHAVE_FCNTL_H -DHAVE_IFADDRS_H -DHAVE_LIBGEN_H -DHAVE_LOCALE_H -DHAVE_NET_IF_H -DHAVE_NETDB_H -DHAVE_NETINET_IN_H -DHAVE_NETINET_TCP_H -DHAVE_POLL_H -DHAVE_PWD_H -DHAVE_SETJMP_H -DHAVE_SIGNAL_H -DHAVE_STDBOOL_H -DHAVE_STDINT_H -DHAVE_STDIO_H -DHAVE_STDLIB_H -DHAVE_STRING_H -DHAVE_STRINGS_H -DHAVE_TERMIO_H -DHAVE_TERMIOS_H -DHAVE_TIME_H -DHAVE_UNISTD_H -DHAVE_UTIME_H -DHAVE_STDDEF_H -DHAVE_DLFCN_H -DHAVE_MALLOC_H -DHAVE_MEMORY_H -DHAVE_NETINET_IF_ETHER_H -DHAVE_STDINT_H -DHAVE_SYS_UTSNAME_H -std=gnu11 -o CMakeFiles/cmTC_390f2.dir/CurlTests.c.o -c /home/parallels/Downloads/cmake-3.24.0/Utilities/cmcurl/CMake/CurlTests.c
Linking C executable cmTC_390f2
/home/parallels/Downloads/cmake-3.24.0/Bootstrap.cmk/cmake -E cmake_link_script CMakeFiles/cmTC_390f2.dir/link.txt --verbose=1
/usr/bin/gcc  -w -DHAVE_IOCTLSOCKET_CAMEL  -DHAVE_STDIO_H -DHAVE_INTTYPES_H -DHAVE_SYS_IOCTL_H -DHAVE_SYS_PARAM_H -DHAVE_SYS_POLL_H -DHAVE_SYS_RESOURCE_H -DHAVE_SYS_SELECT_H -DHAVE_SYS_SOCKET_H -DHAVE_SYS_STAT_H -DHAVE_SYS_TIME_H -DHAVE_SYS_TYPES_H -DHAVE_SYS_UIO_H -DHAVE_SYS_UN_H -DHAVE_SYS_XATTR_H -DHAVE_ALLOCA_H -DHAVE_ARPA_INET_H -DHAVE_ARPA_TFTP_H -DHAVE_ASSERT_H -DHAVE_ERRNO_H -DHAVE_FCNTL_H -DHAVE_IFADDRS_H -DHAVE_LIBGEN_H -DHAVE_LOCALE_H -DHAVE_NET_IF_H -DHAVE_NETDB_H -DHAVE_NETINET_IN_H -DHAVE_NETINET_TCP_H -DHAVE_POLL_H -DHAVE_PWD_H -DHAVE_SETJMP_H -DHAVE_SIGNAL_H -DHAVE_STDBOOL_H -DHAVE_STDINT_H -DHAVE_STDIO_H -DHAVE_STDLIB_H -DHAVE_STRING_H -DHAVE_STRINGS_H -DHAVE_TERMIO_H -DHAVE_TERMIOS_H -DHAVE_TIME_H -DHAVE_UNISTD_H -DHAVE_UTIME_H -DHAVE_STDDEF_H -DHAVE_DLFCN_H -DHAVE_MALLOC_H -DHAVE_MEMORY_H -DHAVE_NETINET_IF_ETHER_H -DHAVE_STDINT_H -DHAVE_SYS_UTSNAME_H CMakeFiles/cmTC_390f2.dir/CurlTests.c.o -o cmTC_390f2 
/usr/bin/ld: CMakeFiles/cmTC_390f2.dir/CurlTests.c.o: in function `main':
CurlTests.c:(.text+0x14): undefined reference to `IoctlSocket'
collect2: error: ld returned 1 exit status
make[1]: *** [CMakeFiles/cmTC_390f2.dir/build.make:99: cmTC_390f2] Fehler 1
make[1]: Verzeichnis „/home/parallels/Downloads/cmake-3.24.0/CMakeFiles/CMakeTmp“ wird verlassen
make: *** [Makefile:127: cmTC_390f2/fast] Fehler 2


Performing Curl Test HAVE_IOCTLSOCKET_CAMEL_FIONBIO failed with the following output:
Change Dir: /home/parallels/Downloads/cmake-3.24.0/CMakeFiles/CMakeTmp

Run Build Command(s):/usr/bin/make -f Makefile cmTC_38e20/fast && make  -f CMakeFiles/cmTC_38e20.dir/build.make CMakeFiles/cmTC_38e20.dir/build
make[1]: Verzeichnis „/home/parallels/Downloads/cmake-3.24.0/CMakeFiles/CMakeTmp“ wird betreten
Building C object CMakeFiles/cmTC_38e20.dir/CurlTests.c.o
/usr/bin/gcc   -w -DHAVE_IOCTLSOCKET_CAMEL_FIONBIO  -DHAVE_STDIO_H -DHAVE_INTTYPES_H -DHAVE_SYS_IOCTL_H -DHAVE_SYS_PARAM_H -DHAVE_SYS_POLL_H -DHAVE_SYS_RESOURCE_H -DHAVE_SYS_SELECT_H -DHAVE_SYS_SOCKET_H -DHAVE_SYS_STAT_H -DHAVE_SYS_TIME_H -DHAVE_SYS_TYPES_H -DHAVE_SYS_UIO_H -DHAVE_SYS_UN_H -DHAVE_SYS_XATTR_H -DHAVE_ALLOCA_H -DHAVE_ARPA_INET_H -DHAVE_ARPA_TFTP_H -DHAVE_ASSERT_H -DHAVE_ERRNO_H -DHAVE_FCNTL_H -DHAVE_IFADDRS_H -DHAVE_LIBGEN_H -DHAVE_LOCALE_H -DHAVE_NET_IF_H -DHAVE_NETDB_H -DHAVE_NETINET_IN_H -DHAVE_NETINET_TCP_H -DHAVE_POLL_H -DHAVE_PWD_H -DHAVE_SETJMP_H -DHAVE_SIGNAL_H -DHAVE_STDBOOL_H -DHAVE_STDINT_H -DHAVE_STDIO_H -DHAVE_STDLIB_H -DHAVE_STRING_H -DHAVE_STRINGS_H -DHAVE_TERMIO_H -DHAVE_TERMIOS_H -DHAVE_TIME_H -DHAVE_UNISTD_H -DHAVE_UTIME_H -DHAVE_STDDEF_H -DHAVE_DLFCN_H -DHAVE_MALLOC_H -DHAVE_MEMORY_H -DHAVE_NETINET_IF_ETHER_H -DHAVE_STDINT_H -DHAVE_SYS_UTSNAME_H -std=gnu11 -o CMakeFiles/cmTC_38e20.dir/CurlTests.c.o -c /home/parallels/Downloads/cmake-3.24.0/Utilities/cmcurl/CMake/CurlTests.c
/home/parallels/Downloads/cmake-3.24.0/Utilities/cmcurl/CMake/CurlTests.c: In function ‘main’:
/home/parallels/Downloads/cmake-3.24.0/Utilities/cmcurl/CMake/CurlTests.c:289:32: error: ‘FIONBIO’ undeclared (first use in this function)
  289 |         if(0 != IoctlSocket(0, FIONBIO, &flags))
      |                                ^~~~~~~
/home/parallels/Downloads/cmake-3.24.0/Utilities/cmcurl/CMake/CurlTests.c:289:32: note: each undeclared identifier is reported only once for each function it appears in
make[1]: *** [CMakeFiles/cmTC_38e20.dir/build.make:78: CMakeFiles/cmTC_38e20.dir/CurlTests.c.o] Fehler 1
make[1]: Verzeichnis „/home/parallels/Downloads/cmake-3.24.0/CMakeFiles/CMakeTmp“ wird verlassen
make: *** [Makefile:127: cmTC_38e20/fast] Fehler 2


Performing Curl Test HAVE_IOCTLSOCKET_FIONBIO failed with the following output:
Change Dir: /home/parallels/Downloads/cmake-3.24.0/CMakeFiles/CMakeTmp

Run Build Command(s):/usr/bin/make -f Makefile cmTC_c1902/fast && make  -f CMakeFiles/cmTC_c1902.dir/build.make CMakeFiles/cmTC_c1902.dir/build
make[1]: Verzeichnis „/home/parallels/Downloads/cmake-3.24.0/CMakeFiles/CMakeTmp“ wird betreten
Building C object CMakeFiles/cmTC_c1902.dir/CurlTests.c.o
/usr/bin/gcc   -w -DHAVE_IOCTLSOCKET_FIONBIO  -DHAVE_STDIO_H -DHAVE_INTTYPES_H -DHAVE_SYS_IOCTL_H -DHAVE_SYS_PARAM_H -DHAVE_SYS_POLL_H -DHAVE_SYS_RESOURCE_H -DHAVE_SYS_SELECT_H -DHAVE_SYS_SOCKET_H -DHAVE_SYS_STAT_H -DHAVE_SYS_TIME_H -DHAVE_SYS_TYPES_H -DHAVE_SYS_UIO_H -DHAVE_SYS_UN_H -DHAVE_SYS_XATTR_H -DHAVE_ALLOCA_H -DHAVE_ARPA_INET_H -DHAVE_ARPA_TFTP_H -DHAVE_ASSERT_H -DHAVE_ERRNO_H -DHAVE_FCNTL_H -DHAVE_IFADDRS_H -DHAVE_LIBGEN_H -DHAVE_LOCALE_H -DHAVE_NET_IF_H -DHAVE_NETDB_H -DHAVE_NETINET_IN_H -DHAVE_NETINET_TCP_H -DHAVE_POLL_H -DHAVE_PWD_H -DHAVE_SETJMP_H -DHAVE_SIGNAL_H -DHAVE_STDBOOL_H -DHAVE_STDINT_H -DHAVE_STDIO_H -DHAVE_STDLIB_H -DHAVE_STRING_H -DHAVE_STRINGS_H -DHAVE_TERMIO_H -DHAVE_TERMIOS_H -DHAVE_TIME_H -DHAVE_UNISTD_H -DHAVE_UTIME_H -DHAVE_STDDEF_H -DHAVE_DLFCN_H -DHAVE_MALLOC_H -DHAVE_MEMORY_H -DHAVE_NETINET_IF_ETHER_H -DHAVE_STDINT_H -DHAVE_SYS_UTSNAME_H -std=gnu11 -o CMakeFiles/cmTC_c1902.dir/CurlTests.c.o -c /home/parallels/Downloads/cmake-3.24.0/Utilities/cmcurl/CMake/CurlTests.c
/home/parallels/Downloads/cmake-3.24.0/Utilities/cmcurl/CMake/CurlTests.c: In function ‘main’:
/home/parallels/Downloads/cmake-3.24.0/Utilities/cmcurl/CMake/CurlTests.c:312:32: error: ‘FIONBIO’ undeclared (first use in this function)
  312 |         if(0 != ioctlsocket(0, FIONBIO, &flags))
      |                                ^~~~~~~
/home/parallels/Downloads/cmake-3.24.0/Utilities/cmcurl/CMake/CurlTests.c:312:32: note: each undeclared identifier is reported only once for each function it appears in
make[1]: *** [CMakeFiles/cmTC_c1902.dir/build.make:78: CMakeFiles/cmTC_c1902.dir/CurlTests.c.o] Fehler 1
make[1]: Verzeichnis „/home/parallels/Downloads/cmake-3.24.0/CMakeFiles/CMakeTmp“ wird verlassen
make: *** [Makefile:127: cmTC_c1902/fast] Fehler 2


Performing Curl Test HAVE_SETSOCKOPT_SO_NONBLOCK failed with the following output:
Change Dir: /home/parallels/Downloads/cmake-3.24.0/CMakeFiles/CMakeTmp

Run Build Command(s):/usr/bin/make -f Makefile cmTC_a9866/fast && make  -f CMakeFiles/cmTC_a9866.dir/build.make CMakeFiles/cmTC_a9866.dir/build
make[1]: Verzeichnis „/home/parallels/Downloads/cmake-3.24.0/CMakeFiles/CMakeTmp“ wird betreten
Building C object CMakeFiles/cmTC_a9866.dir/CurlTests.c.o
/usr/bin/gcc   -w -DHAVE_SETSOCKOPT_SO_NONBLOCK  -DHAVE_STDIO_H -DHAVE_INTTYPES_H -DHAVE_SYS_IOCTL_H -DHAVE_SYS_PARAM_H -DHAVE_SYS_POLL_H -DHAVE_SYS_RESOURCE_H -DHAVE_SYS_SELECT_H -DHAVE_SYS_SOCKET_H -DHAVE_SYS_STAT_H -DHAVE_SYS_TIME_H -DHAVE_SYS_TYPES_H -DHAVE_SYS_UIO_H -DHAVE_SYS_UN_H -DHAVE_SYS_XATTR_H -DHAVE_ALLOCA_H -DHAVE_ARPA_INET_H -DHAVE_ARPA_TFTP_H -DHAVE_ASSERT_H -DHAVE_ERRNO_H -DHAVE_FCNTL_H -DHAVE_IFADDRS_H -DHAVE_LIBGEN_H -DHAVE_LOCALE_H -DHAVE_NET_IF_H -DHAVE_NETDB_H -DHAVE_NETINET_IN_H -DHAVE_NETINET_TCP_H -DHAVE_POLL_H -DHAVE_PWD_H -DHAVE_SETJMP_H -DHAVE_SIGNAL_H -DHAVE_STDBOOL_H -DHAVE_STDINT_H -DHAVE_STDIO_H -DHAVE_STDLIB_H -DHAVE_STRING_H -DHAVE_STRINGS_H -DHAVE_TERMIO_H -DHAVE_TERMIOS_H -DHAVE_TIME_H -DHAVE_UNISTD_H -DHAVE_UTIME_H -DHAVE_STDDEF_H -DHAVE_DLFCN_H -DHAVE_MALLOC_H -DHAVE_MEMORY_H -DHAVE_NETINET_IF_ETHER_H -DHAVE_STDINT_H -DHAVE_SYS_UTSNAME_H -std=gnu11 -o CMakeFiles/cmTC_a9866.dir/CurlTests.c.o -c /home/parallels/Downloads/cmake-3.24.0/Utilities/cmcurl/CMake/CurlTests.c
/home/parallels/Downloads/cmake-3.24.0/Utilities/cmcurl/CMake/CurlTests.c: In function ‘main’:
/home/parallels/Downloads/cmake-3.24.0/Utilities/cmcurl/CMake/CurlTests.c:404:43: error: ‘SO_NONBLOCK’ undeclared (first use in this function); did you mean ‘SOCK_NONBLOCK’?
  404 |         if(0 != setsockopt(0, SOL_SOCKET, SO_NONBLOCK, 0, 0))
      |                                           ^~~~~~~~~~~
      |                                           SOCK_NONBLOCK
/home/parallels/Downloads/cmake-3.24.0/Utilities/cmcurl/CMake/CurlTests.c:404:43: note: each undeclared identifier is reported only once for each function it appears in
make[1]: *** [CMakeFiles/cmTC_a9866.dir/build.make:78: CMakeFiles/cmTC_a9866.dir/CurlTests.c.o] Fehler 1
make[1]: Verzeichnis „/home/parallels/Downloads/cmake-3.24.0/CMakeFiles/CMakeTmp“ wird verlassen
make: *** [Makefile:127: cmTC_a9866/fast] Fehler 2


Performing Curl Test HAVE_O_NONBLOCK failed with the following output:
Change Dir: /home/parallels/Downloads/cmake-3.24.0/CMakeFiles/CMakeTmp

Run Build Command(s):/usr/bin/make -f Makefile cmTC_c031f/fast && make  -f CMakeFiles/cmTC_c031f.dir/build.make CMakeFiles/cmTC_c031f.dir/build
make[1]: Verzeichnis „/home/parallels/Downloads/cmake-3.24.0/CMakeFiles/CMakeTmp“ wird betreten
Building C object CMakeFiles/cmTC_c031f.dir/CurlTests.c.o
/usr/bin/gcc   -w -DHAVE_O_NONBLOCK  -DHAVE_STDIO_H -DHAVE_INTTYPES_H -DHAVE_SYS_IOCTL_H -DHAVE_SYS_PARAM_H -DHAVE_SYS_POLL_H -DHAVE_SYS_RESOURCE_H -DHAVE_SYS_SELECT_H -DHAVE_SYS_SOCKET_H -DHAVE_SYS_STAT_H -DHAVE_SYS_TIME_H -DHAVE_SYS_TYPES_H -DHAVE_SYS_UIO_H -DHAVE_SYS_UN_H -DHAVE_SYS_XATTR_H -DHAVE_ALLOCA_H -DHAVE_ARPA_INET_H -DHAVE_ARPA_TFTP_H -DHAVE_ASSERT_H -DHAVE_ERRNO_H -DHAVE_FCNTL_H -DHAVE_IFADDRS_H -DHAVE_LIBGEN_H -DHAVE_LOCALE_H -DHAVE_NET_IF_H -DHAVE_NETDB_H -DHAVE_NETINET_IN_H -DHAVE_NETINET_TCP_H -DHAVE_POLL_H -DHAVE_PWD_H -DHAVE_SETJMP_H -DHAVE_SIGNAL_H -DHAVE_STDBOOL_H -DHAVE_STDINT_H -DHAVE_STDIO_H -DHAVE_STDLIB_H -DHAVE_STRING_H -DHAVE_STRINGS_H -DHAVE_TERMIO_H -DHAVE_TERMIOS_H -DHAVE_TIME_H -DHAVE_UNISTD_H -DHAVE_UTIME_H -DHAVE_STDDEF_H -DHAVE_DLFCN_H -DHAVE_MALLOC_H -DHAVE_MEMORY_H -DHAVE_NETINET_IF_ETHER_H -DHAVE_STDINT_H -DHAVE_SYS_UTSNAME_H -std=gnu11 -o CMakeFiles/cmTC_c031f.dir/CurlTests.c.o -c /home/parallels/Downloads/cmake-3.24.0/Utilities/cmcurl/CMake/CurlTests.c
Linking C executable cmTC_c031f
/home/parallels/Downloads/cmake-3.24.0/Bootstrap.cmk/cmake -E cmake_link_script CMakeFiles/cmTC_c031f.dir/link.txt --verbose=1
/usr/bin/gcc  -w -DHAVE_O_NONBLOCK  -DHAVE_STDIO_H -DHAVE_INTTYPES_H -DHAVE_SYS_IOCTL_H -DHAVE_SYS_PARAM_H -DHAVE_SYS_POLL_H -DHAVE_SYS_RESOURCE_H -DHAVE_SYS_SELECT_H -DHAVE_SYS_SOCKET_H -DHAVE_SYS_STAT_H -DHAVE_SYS_TIME_H -DHAVE_SYS_TYPES_H -DHAVE_SYS_UIO_H -DHAVE_SYS_UN_H -DHAVE_SYS_XATTR_H -DHAVE_ALLOCA_H -DHAVE_ARPA_INET_H -DHAVE_ARPA_TFTP_H -DHAVE_ASSERT_H -DHAVE_ERRNO_H -DHAVE_FCNTL_H -DHAVE_IFADDRS_H -DHAVE_LIBGEN_H -DHAVE_LOCALE_H -DHAVE_NET_IF_H -DHAVE_NETDB_H -DHAVE_NETINET_IN_H -DHAVE_NETINET_TCP_H -DHAVE_POLL_H -DHAVE_PWD_H -DHAVE_SETJMP_H -DHAVE_SIGNAL_H -DHAVE_STDBOOL_H -DHAVE_STDINT_H -DHAVE_STDIO_H -DHAVE_STDLIB_H -DHAVE_STRING_H -DHAVE_STRINGS_H -DHAVE_TERMIO_H -DHAVE_TERMIOS_H -DHAVE_TIME_H -DHAVE_UNISTD_H -DHAVE_UTIME_H -DHAVE_STDDEF_H -DHAVE_DLFCN_H -DHAVE_MALLOC_H -DHAVE_MEMORY_H -DHAVE_NETINET_IF_ETHER_H -DHAVE_STDINT_H -DHAVE_SYS_UTSNAME_H CMakeFiles/cmTC_c031f.dir/CurlTests.c.o -o cmTC_c031f 
/usr/bin/ld: /usr/lib/gcc/aarch64-linux-gnu/9/../../../aarch64-linux-gnu/Scrt1.o: in function `_start':
(.text+0x18): undefined reference to `main'
/usr/bin/ld: (.text+0x1c): undefined reference to `main'
collect2: error: ld returned 1 exit status
make[1]: *** [CMakeFiles/cmTC_c031f.dir/build.make:99: cmTC_c031f] Fehler 1
make[1]: Verzeichnis „/home/parallels/Downloads/cmake-3.24.0/CMakeFiles/CMakeTmp“ wird verlassen
make: *** [Makefile:127: cmTC_c031f/fast] Fehler 2


Performing Curl Test HAVE_GETHOSTBYNAME_R_3 failed with the following output:
Change Dir: /home/parallels/Downloads/cmake-3.24.0/CMakeFiles/CMakeTmp

Run Build Command(s):/usr/bin/make -f Makefile cmTC_f431d/fast && make  -f CMakeFiles/cmTC_f431d.dir/build.make CMakeFiles/cmTC_f431d.dir/build
make[1]: Verzeichnis „/home/parallels/Downloads/cmake-3.24.0/CMakeFiles/CMakeTmp“ wird betreten
Building C object CMakeFiles/cmTC_f431d.dir/CurlTests.c.o
/usr/bin/gcc   -w -DHAVE_GETHOSTBYNAME_R_3  -DHAVE_STDIO_H -DHAVE_INTTYPES_H -DHAVE_SYS_IOCTL_H -DHAVE_SYS_PARAM_H -DHAVE_SYS_POLL_H -DHAVE_SYS_RESOURCE_H -DHAVE_SYS_SELECT_H -DHAVE_SYS_SOCKET_H -DHAVE_SYS_STAT_H -DHAVE_SYS_TIME_H -DHAVE_SYS_TYPES_H -DHAVE_SYS_UIO_H -DHAVE_SYS_UN_H -DHAVE_SYS_XATTR_H -DHAVE_ALLOCA_H -DHAVE_ARPA_INET_H -DHAVE_ARPA_TFTP_H -DHAVE_ASSERT_H -DHAVE_ERRNO_H -DHAVE_FCNTL_H -DHAVE_IFADDRS_H -DHAVE_LIBGEN_H -DHAVE_LOCALE_H -DHAVE_NET_IF_H -DHAVE_NETDB_H -DHAVE_NETINET_IN_H -DHAVE_NETINET_TCP_H -DHAVE_POLL_H -DHAVE_PWD_H -DHAVE_SETJMP_H -DHAVE_SIGNAL_H -DHAVE_STDBOOL_H -DHAVE_STDINT_H -DHAVE_STDIO_H -DHAVE_STDLIB_H -DHAVE_STRING_H -DHAVE_STRINGS_H -DHAVE_TERMIO_H -DHAVE_TERMIOS_H -DHAVE_TIME_H -DHAVE_UNISTD_H -DHAVE_UTIME_H -DHAVE_STDDEF_H -DHAVE_DLFCN_H -DHAVE_MALLOC_H -DHAVE_MEMORY_H -DHAVE_NETINET_IF_ETHER_H -DHAVE_STDINT_H -DHAVE_SYS_UTSNAME_H -std=gnu11 -o CMakeFiles/cmTC_f431d.dir/CurlTests.c.o -c /home/parallels/Downloads/cmake-3.24.0/Utilities/cmcurl/CMake/CurlTests.c
/home/parallels/Downloads/cmake-3.24.0/Utilities/cmcurl/CMake/CurlTests.c: In function ‘main’:
/home/parallels/Downloads/cmake-3.24.0/Utilities/cmcurl/CMake/CurlTests.c:97:23: error: storage size of ‘hdata’ isn’t known
   97 |   struct hostent_data hdata;
      |                       ^~~~~
/home/parallels/Downloads/cmake-3.24.0/Utilities/cmcurl/CMake/CurlTests.c:109:8: error: too few arguments to function ‘gethostbyname_r’
  109 |   rc = gethostbyname_r(address, &h, &hdata);
      |        ^~~~~~~~~~~~~~~
In file included from /home/parallels/Downloads/cmake-3.24.0/Utilities/cmcurl/CMake/CurlTests.c:87:
/usr/include/netdb.h:177:12: note: declared here
  177 | extern int gethostbyname_r (const char *__restrict __name,
      |            ^~~~~~~~~~~~~~~
make[1]: *** [CMakeFiles/cmTC_f431d.dir/build.make:78: CMakeFiles/cmTC_f431d.dir/CurlTests.c.o] Fehler 1
make[1]: Verzeichnis „/home/parallels/Downloads/cmake-3.24.0/CMakeFiles/CMakeTmp“ wird verlassen
make: *** [Makefile:127: cmTC_f431d/fast] Fehler 2


Performing Curl Test HAVE_GETHOSTBYNAME_R_5 failed with the following output:
Change Dir: /home/parallels/Downloads/cmake-3.24.0/CMakeFiles/CMakeTmp

Run Build Command(s):/usr/bin/make -f Makefile cmTC_2b6b9/fast && make  -f CMakeFiles/cmTC_2b6b9.dir/build.make CMakeFiles/cmTC_2b6b9.dir/build
make[1]: Verzeichnis „/home/parallels/Downloads/cmake-3.24.0/CMakeFiles/CMakeTmp“ wird betreten
Building C object CMakeFiles/cmTC_2b6b9.dir/CurlTests.c.o
/usr/bin/gcc   -w -DHAVE_GETHOSTBYNAME_R_5  -DHAVE_STDIO_H -DHAVE_INTTYPES_H -DHAVE_SYS_IOCTL_H -DHAVE_SYS_PARAM_H -DHAVE_SYS_POLL_H -DHAVE_SYS_RESOURCE_H -DHAVE_SYS_SELECT_H -DHAVE_SYS_SOCKET_H -DHAVE_SYS_STAT_H -DHAVE_SYS_TIME_H -DHAVE_SYS_TYPES_H -DHAVE_SYS_UIO_H -DHAVE_SYS_UN_H -DHAVE_SYS_XATTR_H -DHAVE_ALLOCA_H -DHAVE_ARPA_INET_H -DHAVE_ARPA_TFTP_H -DHAVE_ASSERT_H -DHAVE_ERRNO_H -DHAVE_FCNTL_H -DHAVE_IFADDRS_H -DHAVE_LIBGEN_H -DHAVE_LOCALE_H -DHAVE_NET_IF_H -DHAVE_NETDB_H -DHAVE_NETINET_IN_H -DHAVE_NETINET_TCP_H -DHAVE_POLL_H -DHAVE_PWD_H -DHAVE_SETJMP_H -DHAVE_SIGNAL_H -DHAVE_STDBOOL_H -DHAVE_STDINT_H -DHAVE_STDIO_H -DHAVE_STDLIB_H -DHAVE_STRING_H -DHAVE_STRINGS_H -DHAVE_TERMIO_H -DHAVE_TERMIOS_H -DHAVE_TIME_H -DHAVE_UNISTD_H -DHAVE_UTIME_H -DHAVE_STDDEF_H -DHAVE_DLFCN_H -DHAVE_MALLOC_H -DHAVE_MEMORY_H -DHAVE_NETINET_IF_ETHER_H -DHAVE_STDINT_H -DHAVE_SYS_UTSNAME_H -std=gnu11 -o CMakeFiles/cmTC_2b6b9.dir/CurlTests.c.o -c /home/parallels/Downloads/cmake-3.24.0/Utilities/cmcurl/CMake/CurlTests.c
/home/parallels/Downloads/cmake-3.24.0/Utilities/cmcurl/CMake/CurlTests.c: In function ‘main’:
/home/parallels/Downloads/cmake-3.24.0/Utilities/cmcurl/CMake/CurlTests.c:112:8: error: too few arguments to function ‘gethostbyname_r’
  112 |   rc = gethostbyname_r(address, &h, buffer, 8192, &h_errnop);
      |        ^~~~~~~~~~~~~~~
In file included from /home/parallels/Downloads/cmake-3.24.0/Utilities/cmcurl/CMake/CurlTests.c:87:
/usr/include/netdb.h:177:12: note: declared here
  177 | extern int gethostbyname_r (const char *__restrict __name,
      |            ^~~~~~~~~~~~~~~
make[1]: *** [CMakeFiles/cmTC_2b6b9.dir/build.make:78: CMakeFiles/cmTC_2b6b9.dir/CurlTests.c.o] Fehler 1
make[1]: Verzeichnis „/home/parallels/Downloads/cmake-3.24.0/CMakeFiles/CMakeTmp“ wird verlassen
make: *** [Makefile:127: cmTC_2b6b9/fast] Fehler 2


Performing Curl Test HAVE_GETHOSTBYNAME_R_3_REENTRANT failed with the following output:
Change Dir: /home/parallels/Downloads/cmake-3.24.0/CMakeFiles/CMakeTmp

Run Build Command(s):/usr/bin/make -f Makefile cmTC_b2365/fast && make  -f CMakeFiles/cmTC_b2365.dir/build.make CMakeFiles/cmTC_b2365.dir/build
make[1]: Verzeichnis „/home/parallels/Downloads/cmake-3.24.0/CMakeFiles/CMakeTmp“ wird betreten
Building C object CMakeFiles/cmTC_b2365.dir/CurlTests.c.o
/usr/bin/gcc   -w -DHAVE_GETHOSTBYNAME_R_3_REENTRANT  -DHAVE_STDIO_H -DHAVE_INTTYPES_H -DHAVE_SYS_IOCTL_H -DHAVE_SYS_PARAM_H -DHAVE_SYS_POLL_H -DHAVE_SYS_RESOURCE_H -DHAVE_SYS_SELECT_H -DHAVE_SYS_SOCKET_H -DHAVE_SYS_STAT_H -DHAVE_SYS_TIME_H -DHAVE_SYS_TYPES_H -DHAVE_SYS_UIO_H -DHAVE_SYS_UN_H -DHAVE_SYS_XATTR_H -DHAVE_ALLOCA_H -DHAVE_ARPA_INET_H -DHAVE_ARPA_TFTP_H -DHAVE_ASSERT_H -DHAVE_ERRNO_H -DHAVE_FCNTL_H -DHAVE_IFADDRS_H -DHAVE_LIBGEN_H -DHAVE_LOCALE_H -DHAVE_NET_IF_H -DHAVE_NETDB_H -DHAVE_NETINET_IN_H -DHAVE_NETINET_TCP_H -DHAVE_POLL_H -DHAVE_PWD_H -DHAVE_SETJMP_H -DHAVE_SIGNAL_H -DHAVE_STDBOOL_H -DHAVE_STDINT_H -DHAVE_STDIO_H -DHAVE_STDLIB_H -DHAVE_STRING_H -DHAVE_STRINGS_H -DHAVE_TERMIO_H -DHAVE_TERMIOS_H -DHAVE_TIME_H -DHAVE_UNISTD_H -DHAVE_UTIME_H -DHAVE_STDDEF_H -DHAVE_DLFCN_H -DHAVE_MALLOC_H -DHAVE_MEMORY_H -DHAVE_NETINET_IF_ETHER_H -DHAVE_STDINT_H -DHAVE_SYS_UTSNAME_H -std=gnu11 -o CMakeFiles/cmTC_b2365.dir/CurlTests.c.o -c /home/parallels/Downloads/cmake-3.24.0/Utilities/cmcurl/CMake/CurlTests.c
/home/parallels/Downloads/cmake-3.24.0/Utilities/cmcurl/CMake/CurlTests.c: In function ‘main’:
/home/parallels/Downloads/cmake-3.24.0/Utilities/cmcurl/CMake/CurlTests.c:97:23: error: storage size of ‘hdata’ isn’t known
   97 |   struct hostent_data hdata;
      |                       ^~~~~
/home/parallels/Downloads/cmake-3.24.0/Utilities/cmcurl/CMake/CurlTests.c:109:8: error: too few arguments to function ‘gethostbyname_r’
  109 |   rc = gethostbyname_r(address, &h, &hdata);
      |        ^~~~~~~~~~~~~~~
In file included from /home/parallels/Downloads/cmake-3.24.0/Utilities/cmcurl/CMake/CurlTests.c:87:
/usr/include/netdb.h:177:12: note: declared here
  177 | extern int gethostbyname_r (const char *__restrict __name,
      |            ^~~~~~~~~~~~~~~
make[1]: *** [CMakeFiles/cmTC_b2365.dir/build.make:78: CMakeFiles/cmTC_b2365.dir/CurlTests.c.o] Fehler 1
make[1]: Verzeichnis „/home/parallels/Downloads/cmake-3.24.0/CMakeFiles/CMakeTmp“ wird verlassen
make: *** [Makefile:127: cmTC_b2365/fast] Fehler 2


Performing Curl Test HAVE_GETHOSTBYNAME_R_5_REENTRANT failed with the following output:
Change Dir: /home/parallels/Downloads/cmake-3.24.0/CMakeFiles/CMakeTmp

Run Build Command(s):/usr/bin/make -f Makefile cmTC_9508a/fast && make  -f CMakeFiles/cmTC_9508a.dir/build.make CMakeFiles/cmTC_9508a.dir/build
make[1]: Verzeichnis „/home/parallels/Downloads/cmake-3.24.0/CMakeFiles/CMakeTmp“ wird betreten
Building C object CMakeFiles/cmTC_9508a.dir/CurlTests.c.o
/usr/bin/gcc   -w -DHAVE_GETHOSTBYNAME_R_5_REENTRANT  -DHAVE_STDIO_H -DHAVE_INTTYPES_H -DHAVE_SYS_IOCTL_H -DHAVE_SYS_PARAM_H -DHAVE_SYS_POLL_H -DHAVE_SYS_RESOURCE_H -DHAVE_SYS_SELECT_H -DHAVE_SYS_SOCKET_H -DHAVE_SYS_STAT_H -DHAVE_SYS_TIME_H -DHAVE_SYS_TYPES_H -DHAVE_SYS_UIO_H -DHAVE_SYS_UN_H -DHAVE_SYS_XATTR_H -DHAVE_ALLOCA_H -DHAVE_ARPA_INET_H -DHAVE_ARPA_TFTP_H -DHAVE_ASSERT_H -DHAVE_ERRNO_H -DHAVE_FCNTL_H -DHAVE_IFADDRS_H -DHAVE_LIBGEN_H -DHAVE_LOCALE_H -DHAVE_NET_IF_H -DHAVE_NETDB_H -DHAVE_NETINET_IN_H -DHAVE_NETINET_TCP_H -DHAVE_POLL_H -DHAVE_PWD_H -DHAVE_SETJMP_H -DHAVE_SIGNAL_H -DHAVE_STDBOOL_H -DHAVE_STDINT_H -DHAVE_STDIO_H -DHAVE_STDLIB_H -DHAVE_STRING_H -DHAVE_STRINGS_H -DHAVE_TERMIO_H -DHAVE_TERMIOS_H -DHAVE_TIME_H -DHAVE_UNISTD_H -DHAVE_UTIME_H -DHAVE_STDDEF_H -DHAVE_DLFCN_H -DHAVE_MALLOC_H -DHAVE_MEMORY_H -DHAVE_NETINET_IF_ETHER_H -DHAVE_STDINT_H -DHAVE_SYS_UTSNAME_H -std=gnu11 -o CMakeFiles/cmTC_9508a.dir/CurlTests.c.o -c /home/parallels/Downloads/cmake-3.24.0/Utilities/cmcurl/CMake/CurlTests.c
/home/parallels/Downloads/cmake-3.24.0/Utilities/cmcurl/CMake/CurlTests.c: In function ‘main’:
/home/parallels/Downloads/cmake-3.24.0/Utilities/cmcurl/CMake/CurlTests.c:112:8: error: too few arguments to function ‘gethostbyname_r’
  112 |   rc = gethostbyname_r(address, &h, buffer, 8192, &h_errnop);
      |        ^~~~~~~~~~~~~~~
In file included from /home/parallels/Downloads/cmake-3.24.0/Utilities/cmcurl/CMake/CurlTests.c:87:
/usr/include/netdb.h:177:12: note: declared here
  177 | extern int gethostbyname_r (const char *__restrict __name,
      |            ^~~~~~~~~~~~~~~
make[1]: *** [CMakeFiles/cmTC_9508a.dir/build.make:78: CMakeFiles/cmTC_9508a.dir/CurlTests.c.o] Fehler 1
make[1]: Verzeichnis „/home/parallels/Downloads/cmake-3.24.0/CMakeFiles/CMakeTmp“ wird verlassen
make: *** [Makefile:127: cmTC_9508a/fast] Fehler 2


Performing Curl Test HAVE_GLIBC_STRERROR_R failed with the following output:
Change Dir: /home/parallels/Downloads/cmake-3.24.0/CMakeFiles/CMakeTmp

Run Build Command(s):/usr/bin/make -f Makefile cmTC_f98f5/fast && make  -f CMakeFiles/cmTC_f98f5.dir/build.make CMakeFiles/cmTC_f98f5.dir/build
make[1]: Verzeichnis „/home/parallels/Downloads/cmake-3.24.0/CMakeFiles/CMakeTmp“ wird betreten
Building C object CMakeFiles/cmTC_f98f5.dir/CurlTests.c.o
/usr/bin/gcc   -w -DHAVE_GLIBC_STRERROR_R  -DHAVE_STDIO_H -DHAVE_INTTYPES_H -DHAVE_SYS_IOCTL_H -DHAVE_SYS_PARAM_H -DHAVE_SYS_POLL_H -DHAVE_SYS_RESOURCE_H -DHAVE_SYS_SELECT_H -DHAVE_SYS_SOCKET_H -DHAVE_SYS_STAT_H -DHAVE_SYS_TIME_H -DHAVE_SYS_TYPES_H -DHAVE_SYS_UIO_H -DHAVE_SYS_UN_H -DHAVE_SYS_XATTR_H -DHAVE_ALLOCA_H -DHAVE_ARPA_INET_H -DHAVE_ARPA_TFTP_H -DHAVE_ASSERT_H -DHAVE_ERRNO_H -DHAVE_FCNTL_H -DHAVE_IFADDRS_H -DHAVE_LIBGEN_H -DHAVE_LOCALE_H -DHAVE_NET_IF_H -DHAVE_NETDB_H -DHAVE_NETINET_IN_H -DHAVE_NETINET_TCP_H -DHAVE_POLL_H -DHAVE_PWD_H -DHAVE_SETJMP_H -DHAVE_SIGNAL_H -DHAVE_STDBOOL_H -DHAVE_STDINT_H -DHAVE_STDIO_H -DHAVE_STDLIB_H -DHAVE_STRING_H -DHAVE_STRINGS_H -DHAVE_TERMIO_H -DHAVE_TERMIOS_H -DHAVE_TIME_H -DHAVE_UNISTD_H -DHAVE_UTIME_H -DHAVE_STDDEF_H -DHAVE_DLFCN_H -DHAVE_MALLOC_H -DHAVE_MEMORY_H -DHAVE_NETINET_IF_ETHER_H -DHAVE_STDINT_H -DHAVE_SYS_UTSNAME_H -std=gnu11 -o CMakeFiles/cmTC_f98f5.dir/CurlTests.c.o -c /home/parallels/Downloads/cmake-3.24.0/Utilities/cmcurl/CMake/CurlTests.c
/home/parallels/Downloads/cmake-3.24.0/Utilities/cmcurl/CMake/CurlTests.c: In function ‘main’:
/home/parallels/Downloads/cmake-3.24.0/Utilities/cmcurl/CMake/CurlTests.c:420:51: error: subscripted value is neither array nor pointer nor vector
  420 |   check(strerror_r(EACCES, buffer, sizeof(buffer))[0]);
      |                                                   ^
make[1]: *** [CMakeFiles/cmTC_f98f5.dir/build.make:78: CMakeFiles/cmTC_f98f5.dir/CurlTests.c.o] Fehler 1
make[1]: Verzeichnis „/home/parallels/Downloads/cmake-3.24.0/CMakeFiles/CMakeTmp“ wird verlassen
make: *** [Makefile:127: cmTC_f98f5/fast] Fehler 2


Performing Curl Test HAVE_BUILTIN_AVAILABLE failed with the following output:
Change Dir: /home/parallels/Downloads/cmake-3.24.0/CMakeFiles/CMakeTmp

Run Build Command(s):/usr/bin/make -f Makefile cmTC_9884a/fast && make  -f CMakeFiles/cmTC_9884a.dir/build.make CMakeFiles/cmTC_9884a.dir/build
make[1]: Verzeichnis „/home/parallels/Downloads/cmake-3.24.0/CMakeFiles/CMakeTmp“ wird betreten
Building C object CMakeFiles/cmTC_9884a.dir/CurlTests.c.o
/usr/bin/gcc   -w -DHAVE_BUILTIN_AVAILABLE  -DHAVE_STDIO_H -DHAVE_INTTYPES_H -DHAVE_SYS_IOCTL_H -DHAVE_SYS_PARAM_H -DHAVE_SYS_POLL_H -DHAVE_SYS_RESOURCE_H -DHAVE_SYS_SELECT_H -DHAVE_SYS_SOCKET_H -DHAVE_SYS_STAT_H -DHAVE_SYS_TIME_H -DHAVE_SYS_TYPES_H -DHAVE_SYS_UIO_H -DHAVE_SYS_UN_H -DHAVE_SYS_XATTR_H -DHAVE_ALLOCA_H -DHAVE_ARPA_INET_H -DHAVE_ARPA_TFTP_H -DHAVE_ASSERT_H -DHAVE_ERRNO_H -DHAVE_FCNTL_H -DHAVE_IFADDRS_H -DHAVE_LIBGEN_H -DHAVE_LOCALE_H -DHAVE_NET_IF_H -DHAVE_NETDB_H -DHAVE_NETINET_IN_H -DHAVE_NETINET_TCP_H -DHAVE_POLL_H -DHAVE_PWD_H -DHAVE_SETJMP_H -DHAVE_SIGNAL_H -DHAVE_STDBOOL_H -DHAVE_STDINT_H -DHAVE_STDIO_H -DHAVE_STDLIB_H -DHAVE_STRING_H -DHAVE_STRINGS_H -DHAVE_TERMIO_H -DHAVE_TERMIOS_H -DHAVE_TIME_H -DHAVE_UNISTD_H -DHAVE_UTIME_H -DHAVE_STDDEF_H -DHAVE_DLFCN_H -DHAVE_MALLOC_H -DHAVE_MEMORY_H -DHAVE_NETINET_IF_ETHER_H -DHAVE_STDINT_H -DHAVE_SYS_UTSNAME_H -std=gnu11 -o CMakeFiles/cmTC_9884a.dir/CurlTests.c.o -c /home/parallels/Downloads/cmake-3.24.0/Utilities/cmcurl/CMake/CurlTests.c
/home/parallels/Downloads/cmake-3.24.0/Utilities/cmcurl/CMake/CurlTests.c: In function ‘main’:
/home/parallels/Downloads/cmake-3.24.0/Utilities/cmcurl/CMake/CurlTests.c:467:26: error: ‘macOS’ undeclared (first use in this function)
  467 |   if(__builtin_available(macOS 10.12, *)) {}
      |                          ^~~~~
/home/parallels/Downloads/cmake-3.24.0/Utilities/cmcurl/CMake/CurlTests.c:467:26: note: each undeclared identifier is reported only once for each function it appears in
/home/parallels/Downloads/cmake-3.24.0/Utilities/cmcurl/CMake/CurlTests.c:467:31: error: expected ‘)’ before numeric constant
  467 |   if(__builtin_available(macOS 10.12, *)) {}
      |                               ^~~~~~
      |                               )
make[1]: *** [CMakeFiles/cmTC_9884a.dir/build.make:78: CMakeFiles/cmTC_9884a.dir/CurlTests.c.o] Fehler 1
make[1]: Verzeichnis „/home/parallels/Downloads/cmake-3.24.0/CMakeFiles/CMakeTmp“ wird verlassen
make: *** [Makefile:127: cmTC_9884a/fast] Fehler 2


Determining if the arc4random_buf exist failed with the following output:
Change Dir: /home/parallels/Downloads/cmake-3.24.0/CMakeFiles/CMakeTmp

Run Build Command(s):/usr/bin/make -f Makefile cmTC_936da/fast && make  -f CMakeFiles/cmTC_936da.dir/build.make CMakeFiles/cmTC_936da.dir/build
make[1]: Verzeichnis „/home/parallels/Downloads/cmake-3.24.0/CMakeFiles/CMakeTmp“ wird betreten
Building C object CMakeFiles/cmTC_936da.dir/CheckSymbolExists.c.o
/usr/bin/gcc   -w  -std=gnu11 -o CMakeFiles/cmTC_936da.dir/CheckSymbolExists.c.o -c /home/parallels/Downloads/cmake-3.24.0/CMakeFiles/CMakeTmp/CheckSymbolExists.c
/home/parallels/Downloads/cmake-3.24.0/CMakeFiles/CMakeTmp/CheckSymbolExists.c: In function ‘main’:
/home/parallels/Downloads/cmake-3.24.0/CMakeFiles/CMakeTmp/CheckSymbolExists.c:8:19: error: ‘arc4random_buf’ undeclared (first use in this function)
    8 |   return ((int*)(&arc4random_buf))[argc];
      |                   ^~~~~~~~~~~~~~
/home/parallels/Downloads/cmake-3.24.0/CMakeFiles/CMakeTmp/CheckSymbolExists.c:8:19: note: each undeclared identifier is reported only once for each function it appears in
make[1]: *** [CMakeFiles/cmTC_936da.dir/build.make:78: CMakeFiles/cmTC_936da.dir/CheckSymbolExists.c.o] Fehler 1
make[1]: Verzeichnis „/home/parallels/Downloads/cmake-3.24.0/CMakeFiles/CMakeTmp“ wird verlassen
make: *** [Makefile:127: cmTC_936da/fast] Fehler 2


File /home/parallels/Downloads/cmake-3.24.0/CMakeFiles/CMakeTmp/CheckSymbolExists.c:
/* */
#include <stdlib.h>

int main(int argc, char** argv)
{
  (void)argv;
#ifndef arc4random_buf
  return ((int*)(&arc4random_buf))[argc];
#else
  (void)argc;
  return 0;
#endif
}
Determining if the arc4random exist failed with the following output:
Change Dir: /home/parallels/Downloads/cmake-3.24.0/CMakeFiles/CMakeTmp

Run Build Command(s):/usr/bin/make -f Makefile cmTC_cb6fe/fast && make  -f CMakeFiles/cmTC_cb6fe.dir/build.make CMakeFiles/cmTC_cb6fe.dir/build
make[1]: Verzeichnis „/home/parallels/Downloads/cmake-3.24.0/CMakeFiles/CMakeTmp“ wird betreten
Building C object CMakeFiles/cmTC_cb6fe.dir/CheckSymbolExists.c.o
/usr/bin/gcc   -w  -std=gnu11 -o CMakeFiles/cmTC_cb6fe.dir/CheckSymbolExists.c.o -c /home/parallels/Downloads/cmake-3.24.0/CMakeFiles/CMakeTmp/CheckSymbolExists.c
/home/parallels/Downloads/cmake-3.24.0/CMakeFiles/CMakeTmp/CheckSymbolExists.c: In function ‘main’:
/home/parallels/Downloads/cmake-3.24.0/CMakeFiles/CMakeTmp/CheckSymbolExists.c:8:19: error: ‘arc4random’ undeclared (first use in this function); did you mean ‘srandom’?
    8 |   return ((int*)(&arc4random))[argc];
      |                   ^~~~~~~~~~
      |                   srandom
/home/parallels/Downloads/cmake-3.24.0/CMakeFiles/CMakeTmp/CheckSymbolExists.c:8:19: note: each undeclared identifier is reported only once for each function it appears in
make[1]: *** [CMakeFiles/cmTC_cb6fe.dir/build.make:78: CMakeFiles/cmTC_cb6fe.dir/CheckSymbolExists.c.o] Fehler 1
make[1]: Verzeichnis „/home/parallels/Downloads/cmake-3.24.0/CMakeFiles/CMakeTmp“ wird verlassen
make: *** [Makefile:127: cmTC_cb6fe/fast] Fehler 2


File /home/parallels/Downloads/cmake-3.24.0/CMakeFiles/CMakeTmp/CheckSymbolExists.c:
/* */
#include <stdlib.h>

int main(int argc, char** argv)
{
  (void)argv;
#ifndef arc4random
  return ((int*)(&arc4random))[argc];
#else
  (void)argc;
  return 0;
#endif
}
Determining if files sys/types.h;ctype.h;copyfile.h exist failed with the following output:
Change Dir: /home/parallels/Downloads/cmake-3.24.0/CMakeFiles/CMakeTmp

Run Build Command(s):/usr/bin/make -f Makefile cmTC_4df19/fast && make  -f CMakeFiles/cmTC_4df19.dir/build.make CMakeFiles/cmTC_4df19.dir/build
make[1]: Verzeichnis „/home/parallels/Downloads/cmake-3.24.0/CMakeFiles/CMakeTmp“ wird betreten
Building C object CMakeFiles/cmTC_4df19.dir/HAVE_COPYFILE_H.c.o
/usr/bin/gcc   -w     -D_DEFAULT_SOURCE -D_BSD_SOURCE -D_XOPEN_SOURCE=600 -std=gnu11 -o CMakeFiles/cmTC_4df19.dir/HAVE_COPYFILE_H.c.o -c /home/parallels/Downloads/cmake-3.24.0/CMakeFiles/CheckIncludeFiles/HAVE_COPYFILE_H.c
/home/parallels/Downloads/cmake-3.24.0/CMakeFiles/CheckIncludeFiles/HAVE_COPYFILE_H.c:4:10: fatal error: copyfile.h: Datei oder Verzeichnis nicht gefunden
    4 | #include <copyfile.h>
      |          ^~~~~~~~~~~~
compilation terminated.
make[1]: *** [CMakeFiles/cmTC_4df19.dir/build.make:78: CMakeFiles/cmTC_4df19.dir/HAVE_COPYFILE_H.c.o] Fehler 1
make[1]: Verzeichnis „/home/parallels/Downloads/cmake-3.24.0/CMakeFiles/CMakeTmp“ wird verlassen
make: *** [Makefile:127: cmTC_4df19/fast] Fehler 2


Source:
/* */
#include <sys/types.h>
#include <ctype.h>
#include <copyfile.h>


int main(void){return 0;}

Determining if files sys/types.h;ctype.h;direct.h exist failed with the following output:
Change Dir: /home/parallels/Downloads/cmake-3.24.0/CMakeFiles/CMakeTmp

Run Build Command(s):/usr/bin/make -f Makefile cmTC_a9454/fast && make  -f CMakeFiles/cmTC_a9454.dir/build.make CMakeFiles/cmTC_a9454.dir/build
make[1]: Verzeichnis „/home/parallels/Downloads/cmake-3.24.0/CMakeFiles/CMakeTmp“ wird betreten
Building C object CMakeFiles/cmTC_a9454.dir/HAVE_DIRECT_H.c.o
/usr/bin/gcc   -w     -D_DEFAULT_SOURCE -D_BSD_SOURCE -D_XOPEN_SOURCE=600 -std=gnu11 -o CMakeFiles/cmTC_a9454.dir/HAVE_DIRECT_H.c.o -c /home/parallels/Downloads/cmake-3.24.0/CMakeFiles/CheckIncludeFiles/HAVE_DIRECT_H.c
/home/parallels/Downloads/cmake-3.24.0/CMakeFiles/CheckIncludeFiles/HAVE_DIRECT_H.c:4:10: fatal error: direct.h: Datei oder Verzeichnis nicht gefunden
    4 | #include <direct.h>
      |          ^~~~~~~~~~
compilation terminated.
make[1]: *** [CMakeFiles/cmTC_a9454.dir/build.make:78: CMakeFiles/cmTC_a9454.dir/HAVE_DIRECT_H.c.o] Fehler 1
make[1]: Verzeichnis „/home/parallels/Downloads/cmake-3.24.0/CMakeFiles/CMakeTmp“ wird verlassen
make: *** [Makefile:127: cmTC_a9454/fast] Fehler 2


Source:
/* */
#include <sys/types.h>
#include <ctype.h>
#include <direct.h>


int main(void){return 0;}

Determining if files sys/types.h;ctype.h;dlfcn.h;errno.h;ext2fs/ext2_fs.h exist failed with the following output:
Change Dir: /home/parallels/Downloads/cmake-3.24.0/CMakeFiles/CMakeTmp

Run Build Command(s):/usr/bin/make -f Makefile cmTC_5d664/fast && make  -f CMakeFiles/cmTC_5d664.dir/build.make CMakeFiles/cmTC_5d664.dir/build
make[1]: Verzeichnis „/home/parallels/Downloads/cmake-3.24.0/CMakeFiles/CMakeTmp“ wird betreten
Building C object CMakeFiles/cmTC_5d664.dir/HAVE_EXT2FS_EXT2_FS_H.c.o
/usr/bin/gcc   -w     -D_DEFAULT_SOURCE -D_BSD_SOURCE -D_XOPEN_SOURCE=600 -std=gnu11 -o CMakeFiles/cmTC_5d664.dir/HAVE_EXT2FS_EXT2_FS_H.c.o -c /home/parallels/Downloads/cmake-3.24.0/CMakeFiles/CheckIncludeFiles/HAVE_EXT2FS_EXT2_FS_H.c
/home/parallels/Downloads/cmake-3.24.0/CMakeFiles/CheckIncludeFiles/HAVE_EXT2FS_EXT2_FS_H.c:6:10: fatal error: ext2fs/ext2_fs.h: Datei oder Verzeichnis nicht gefunden
    6 | #include <ext2fs/ext2_fs.h>
      |          ^~~~~~~~~~~~~~~~~~
compilation terminated.
make[1]: *** [CMakeFiles/cmTC_5d664.dir/build.make:78: CMakeFiles/cmTC_5d664.dir/HAVE_EXT2FS_EXT2_FS_H.c.o] Fehler 1
make[1]: Verzeichnis „/home/parallels/Downloads/cmake-3.24.0/CMakeFiles/CMakeTmp“ wird verlassen
make: *** [Makefile:127: cmTC_5d664/fast] Fehler 2


Source:
/* */
#include <sys/types.h>
#include <ctype.h>
#include <dlfcn.h>
#include <errno.h>
#include <ext2fs/ext2_fs.h>


int main(void){return 0;}

Performing C SOURCE FILE Test HAVE_WORKING_EXT2_IOC_GETFLAGS failed with the following output:
Change Dir: /home/parallels/Downloads/cmake-3.24.0/CMakeFiles/CMakeTmp

Run Build Command(s):/usr/bin/make -f Makefile cmTC_8e5f0/fast && make  -f CMakeFiles/cmTC_8e5f0.dir/build.make CMakeFiles/cmTC_8e5f0.dir/build
make[1]: Verzeichnis „/home/parallels/Downloads/cmake-3.24.0/CMakeFiles/CMakeTmp“ wird betreten
Building C object CMakeFiles/cmTC_8e5f0.dir/src.c.o
/usr/bin/gcc -DHAVE_WORKING_EXT2_IOC_GETFLAGS  -w     -D_DEFAULT_SOURCE -D_BSD_SOURCE -D_XOPEN_SOURCE=600 -std=gnu11 -o CMakeFiles/cmTC_8e5f0.dir/src.c.o -c /home/parallels/Downloads/cmake-3.24.0/CMakeFiles/CMakeTmp/src.c
/home/parallels/Downloads/cmake-3.24.0/CMakeFiles/CMakeTmp/src.c:2:10: fatal error: ext2fs/ext2_fs.h: Datei oder Verzeichnis nicht gefunden
    2 | #include <ext2fs/ext2_fs.h>
      |          ^~~~~~~~~~~~~~~~~~
compilation terminated.
make[1]: *** [CMakeFiles/cmTC_8e5f0.dir/build.make:78: CMakeFiles/cmTC_8e5f0.dir/src.c.o] Fehler 1
make[1]: Verzeichnis „/home/parallels/Downloads/cmake-3.24.0/CMakeFiles/CMakeTmp“ wird verlassen
make: *** [Makefile:127: cmTC_8e5f0/fast] Fehler 2


Source file was:
#include <sys/ioctl.h>
#include <ext2fs/ext2_fs.h>
int main(void) { return EXT2_IOC_GETFLAGS; }
Determining if files sys/types.h;ctype.h;dlfcn.h;errno.h;fcntl.h;grp.h;langinfo.h;limits.h;linux/types.h;linux/fiemap.h;linux/fs.h;linux/magic.h;locale.h;membership.h exist failed with the following output:
Change Dir: /home/parallels/Downloads/cmake-3.24.0/CMakeFiles/CMakeTmp

Run Build Command(s):/usr/bin/make -f Makefile cmTC_b48ce/fast && make  -f CMakeFiles/cmTC_b48ce.dir/build.make CMakeFiles/cmTC_b48ce.dir/build
make[1]: Verzeichnis „/home/parallels/Downloads/cmake-3.24.0/CMakeFiles/CMakeTmp“ wird betreten
Building C object CMakeFiles/cmTC_b48ce.dir/HAVE_MEMBERSHIP_H.c.o
/usr/bin/gcc   -w     -D_DEFAULT_SOURCE -D_BSD_SOURCE -D_XOPEN_SOURCE=600 -std=gnu11 -o CMakeFiles/cmTC_b48ce.dir/HAVE_MEMBERSHIP_H.c.o -c /home/parallels/Downloads/cmake-3.24.0/CMakeFiles/CheckIncludeFiles/HAVE_MEMBERSHIP_H.c
/home/parallels/Downloads/cmake-3.24.0/CMakeFiles/CheckIncludeFiles/HAVE_MEMBERSHIP_H.c:15:10: fatal error: membership.h: Datei oder Verzeichnis nicht gefunden
   15 | #include <membership.h>
      |          ^~~~~~~~~~~~~~
compilation terminated.
make[1]: *** [CMakeFiles/cmTC_b48ce.dir/build.make:78: CMakeFiles/cmTC_b48ce.dir/HAVE_MEMBERSHIP_H.c.o] Fehler 1
make[1]: Verzeichnis „/home/parallels/Downloads/cmake-3.24.0/CMakeFiles/CMakeTmp“ wird verlassen
make: *** [Makefile:127: cmTC_b48ce/fast] Fehler 2


Source:
/* */
#include <sys/types.h>
#include <ctype.h>
#include <dlfcn.h>
#include <errno.h>
#include <fcntl.h>
#include <grp.h>
#include <langinfo.h>
#include <limits.h>
#include <linux/types.h>
#include <linux/fiemap.h>
#include <linux/fs.h>
#include <linux/magic.h>
#include <locale.h>
#include <membership.h>


int main(void){return 0;}

Determining if files sys/types.h;ctype.h;dlfcn.h;errno.h;fcntl.h;grp.h;langinfo.h;limits.h;linux/types.h;linux/fiemap.h;linux/fs.h;linux/magic.h;locale.h;memory.h;paths.h;poll.h;pthread.h;pwd.h;readpassphrase.h exist failed with the following output:
Change Dir: /home/parallels/Downloads/cmake-3.24.0/CMakeFiles/CMakeTmp

Run Build Command(s):/usr/bin/make -f Makefile cmTC_4be37/fast && make  -f CMakeFiles/cmTC_4be37.dir/build.make CMakeFiles/cmTC_4be37.dir/build
make[1]: Verzeichnis „/home/parallels/Downloads/cmake-3.24.0/CMakeFiles/CMakeTmp“ wird betreten
Building C object CMakeFiles/cmTC_4be37.dir/HAVE_READPASSPHRASE_H.c.o
/usr/bin/gcc   -w     -D_DEFAULT_SOURCE -D_BSD_SOURCE -D_XOPEN_SOURCE=600 -std=gnu11 -o CMakeFiles/cmTC_4be37.dir/HAVE_READPASSPHRASE_H.c.o -c /home/parallels/Downloads/cmake-3.24.0/CMakeFiles/CheckIncludeFiles/HAVE_READPASSPHRASE_H.c
/home/parallels/Downloads/cmake-3.24.0/CMakeFiles/CheckIncludeFiles/HAVE_READPASSPHRASE_H.c:20:10: fatal error: readpassphrase.h: Datei oder Verzeichnis nicht gefunden
   20 | #include <readpassphrase.h>
      |          ^~~~~~~~~~~~~~~~~~
compilation terminated.
make[1]: *** [CMakeFiles/cmTC_4be37.dir/build.make:78: CMakeFiles/cmTC_4be37.dir/HAVE_READPASSPHRASE_H.c.o] Fehler 1
make[1]: Verzeichnis „/home/parallels/Downloads/cmake-3.24.0/CMakeFiles/CMakeTmp“ wird verlassen
make: *** [Makefile:127: cmTC_4be37/fast] Fehler 2


Source:
/* */
#include <sys/types.h>
#include <ctype.h>
#include <dlfcn.h>
#include <errno.h>
#include <fcntl.h>
#include <grp.h>
#include <langinfo.h>
#include <limits.h>
#include <linux/types.h>
#include <linux/fiemap.h>
#include <linux/fs.h>
#include <linux/magic.h>
#include <locale.h>
#include <memory.h>
#include <paths.h>
#include <poll.h>
#include <pthread.h>
#include <pwd.h>
#include <readpassphrase.h>


int main(void){return 0;}

Determining if files sys/types.h;ctype.h;dlfcn.h;errno.h;fcntl.h;grp.h;langinfo.h;limits.h;linux/types.h;linux/fiemap.h;linux/fs.h;linux/magic.h;locale.h;memory.h;paths.h;poll.h;pthread.h;pwd.h;regex.h;signal.h;spawn.h;stdarg.h;stdlib.h;string.h;strings.h;sys/acl.h exist failed with the following output:
Change Dir: /home/parallels/Downloads/cmake-3.24.0/CMakeFiles/CMakeTmp

Run Build Command(s):/usr/bin/make -f Makefile cmTC_7da0c/fast && make  -f CMakeFiles/cmTC_7da0c.dir/build.make CMakeFiles/cmTC_7da0c.dir/build
make[1]: Verzeichnis „/home/parallels/Downloads/cmake-3.24.0/CMakeFiles/CMakeTmp“ wird betreten
Building C object CMakeFiles/cmTC_7da0c.dir/HAVE_SYS_ACL_H.c.o
/usr/bin/gcc   -w     -D_DEFAULT_SOURCE -D_BSD_SOURCE -D_XOPEN_SOURCE=600 -std=gnu11 -o CMakeFiles/cmTC_7da0c.dir/HAVE_SYS_ACL_H.c.o -c /home/parallels/Downloads/cmake-3.24.0/CMakeFiles/CheckIncludeFiles/HAVE_SYS_ACL_H.c
/home/parallels/Downloads/cmake-3.24.0/CMakeFiles/CheckIncludeFiles/HAVE_SYS_ACL_H.c:27:10: fatal error: sys/acl.h: Datei oder Verzeichnis nicht gefunden
   27 | #include <sys/acl.h>
      |          ^~~~~~~~~~~
compilation terminated.
make[1]: *** [CMakeFiles/cmTC_7da0c.dir/build.make:78: CMakeFiles/cmTC_7da0c.dir/HAVE_SYS_ACL_H.c.o] Fehler 1
make[1]: Verzeichnis „/home/parallels/Downloads/cmake-3.24.0/CMakeFiles/CMakeTmp“ wird verlassen
make: *** [Makefile:127: cmTC_7da0c/fast] Fehler 2


Source:
/* */
#include <sys/types.h>
#include <ctype.h>
#include <dlfcn.h>
#include <errno.h>
#include <fcntl.h>
#include <grp.h>
#include <langinfo.h>
#include <limits.h>
#include <linux/types.h>
#include <linux/fiemap.h>
#include <linux/fs.h>
#include <linux/magic.h>
#include <locale.h>
#include <memory.h>
#include <paths.h>
#include <poll.h>
#include <pthread.h>
#include <pwd.h>
#include <regex.h>
#include <signal.h>
#include <spawn.h>
#include <stdarg.h>
#include <stdlib.h>
#include <string.h>
#include <strings.h>
#include <sys/acl.h>


int main(void){return 0;}

Determining if files sys/types.h;ctype.h;dlfcn.h;errno.h;fcntl.h;grp.h;langinfo.h;limits.h;linux/types.h;linux/fiemap.h;linux/fs.h;linux/magic.h;locale.h;memory.h;paths.h;poll.h;pthread.h;pwd.h;regex.h;signal.h;spawn.h;stdarg.h;stdlib.h;string.h;strings.h;sys/cdefs.h;sys/extattr.h exist failed with the following output:
Change Dir: /home/parallels/Downloads/cmake-3.24.0/CMakeFiles/CMakeTmp

Run Build Command(s):/usr/bin/make -f Makefile cmTC_0ab37/fast && make  -f CMakeFiles/cmTC_0ab37.dir/build.make CMakeFiles/cmTC_0ab37.dir/build
make[1]: Verzeichnis „/home/parallels/Downloads/cmake-3.24.0/CMakeFiles/CMakeTmp“ wird betreten
Building C object CMakeFiles/cmTC_0ab37.dir/HAVE_SYS_EXTATTR_H.c.o
/usr/bin/gcc   -w     -D_DEFAULT_SOURCE -D_BSD_SOURCE -D_XOPEN_SOURCE=600 -std=gnu11 -o CMakeFiles/cmTC_0ab37.dir/HAVE_SYS_EXTATTR_H.c.o -c /home/parallels/Downloads/cmake-3.24.0/CMakeFiles/CheckIncludeFiles/HAVE_SYS_EXTATTR_H.c
/home/parallels/Downloads/cmake-3.24.0/CMakeFiles/CheckIncludeFiles/HAVE_SYS_EXTATTR_H.c:28:10: fatal error: sys/extattr.h: Datei oder Verzeichnis nicht gefunden
   28 | #include <sys/extattr.h>
      |          ^~~~~~~~~~~~~~~
compilation terminated.
make[1]: *** [CMakeFiles/cmTC_0ab37.dir/build.make:78: CMakeFiles/cmTC_0ab37.dir/HAVE_SYS_EXTATTR_H.c.o] Fehler 1
make[1]: Verzeichnis „/home/parallels/Downloads/cmake-3.24.0/CMakeFiles/CMakeTmp“ wird verlassen
make: *** [Makefile:127: cmTC_0ab37/fast] Fehler 2


Source:
/* */
#include <sys/types.h>
#include <ctype.h>
#include <dlfcn.h>
#include <errno.h>
#include <fcntl.h>
#include <grp.h>
#include <langinfo.h>
#include <limits.h>
#include <linux/types.h>
#include <linux/fiemap.h>
#include <linux/fs.h>
#include <linux/magic.h>
#include <locale.h>
#include <memory.h>
#include <paths.h>
#include <poll.h>
#include <pthread.h>
#include <pwd.h>
#include <regex.h>
#include <signal.h>
#include <spawn.h>
#include <stdarg.h>
#include <stdlib.h>
#include <string.h>
#include <strings.h>
#include <sys/cdefs.h>
#include <sys/extattr.h>


int main(void){return 0;}

Determining if files sys/types.h;ctype.h;dlfcn.h;errno.h;fcntl.h;grp.h;langinfo.h;limits.h;linux/types.h;linux/fiemap.h;linux/fs.h;linux/magic.h;locale.h;memory.h;paths.h;poll.h;pthread.h;pwd.h;regex.h;signal.h;spawn.h;stdarg.h;stdlib.h;string.h;strings.h;sys/cdefs.h;sys/ioctl.h;sys/mkdev.h exist failed with the following output:
Change Dir: /home/parallels/Downloads/cmake-3.24.0/CMakeFiles/CMakeTmp

Run Build Command(s):/usr/bin/make -f Makefile cmTC_99eb1/fast && make  -f CMakeFiles/cmTC_99eb1.dir/build.make CMakeFiles/cmTC_99eb1.dir/build
make[1]: Verzeichnis „/home/parallels/Downloads/cmake-3.24.0/CMakeFiles/CMakeTmp“ wird betreten
Building C object CMakeFiles/cmTC_99eb1.dir/HAVE_SYS_MKDEV_H.c.o
/usr/bin/gcc   -w     -D_DEFAULT_SOURCE -D_BSD_SOURCE -D_XOPEN_SOURCE=600 -std=gnu11 -o CMakeFiles/cmTC_99eb1.dir/HAVE_SYS_MKDEV_H.c.o -c /home/parallels/Downloads/cmake-3.24.0/CMakeFiles/CheckIncludeFiles/HAVE_SYS_MKDEV_H.c
/home/parallels/Downloads/cmake-3.24.0/CMakeFiles/CheckIncludeFiles/HAVE_SYS_MKDEV_H.c:29:10: fatal error: sys/mkdev.h: Datei oder Verzeichnis nicht gefunden
   29 | #include <sys/mkdev.h>
      |          ^~~~~~~~~~~~~
compilation terminated.
make[1]: *** [CMakeFiles/cmTC_99eb1.dir/build.make:78: CMakeFiles/cmTC_99eb1.dir/HAVE_SYS_MKDEV_H.c.o] Fehler 1
make[1]: Verzeichnis „/home/parallels/Downloads/cmake-3.24.0/CMakeFiles/CMakeTmp“ wird verlassen
make: *** [Makefile:127: cmTC_99eb1/fast] Fehler 2


Source:
/* */
#include <sys/types.h>
#include <ctype.h>
#include <dlfcn.h>
#include <errno.h>
#include <fcntl.h>
#include <grp.h>
#include <langinfo.h>
#include <limits.h>
#include <linux/types.h>
#include <linux/fiemap.h>
#include <linux/fs.h>
#include <linux/magic.h>
#include <locale.h>
#include <memory.h>
#include <paths.h>
#include <poll.h>
#include <pthread.h>
#include <pwd.h>
#include <regex.h>
#include <signal.h>
#include <spawn.h>
#include <stdarg.h>
#include <stdlib.h>
#include <string.h>
#include <strings.h>
#include <sys/cdefs.h>
#include <sys/ioctl.h>
#include <sys/mkdev.h>


int main(void){return 0;}

Determining if files sys/types.h;ctype.h;dlfcn.h;errno.h;fcntl.h;grp.h;langinfo.h;limits.h;linux/types.h;linux/fiemap.h;linux/fs.h;linux/magic.h;locale.h;memory.h;paths.h;poll.h;pthread.h;pwd.h;regex.h;signal.h;spawn.h;stdarg.h;stdlib.h;string.h;strings.h;sys/cdefs.h;sys/ioctl.h;sys/mount.h exist failed with the following output:
Change Dir: /home/parallels/Downloads/cmake-3.24.0/CMakeFiles/CMakeTmp

Run Build Command(s):/usr/bin/make -f Makefile cmTC_743f5/fast && make  -f CMakeFiles/cmTC_743f5.dir/build.make CMakeFiles/cmTC_743f5.dir/build
make[1]: Verzeichnis „/home/parallels/Downloads/cmake-3.24.0/CMakeFiles/CMakeTmp“ wird betreten
Building C object CMakeFiles/cmTC_743f5.dir/HAVE_SYS_MOUNT_H.c.o
/usr/bin/gcc   -w     -D_DEFAULT_SOURCE -D_BSD_SOURCE -D_XOPEN_SOURCE=600 -std=gnu11 -o CMakeFiles/cmTC_743f5.dir/HAVE_SYS_MOUNT_H.c.o -c /home/parallels/Downloads/cmake-3.24.0/CMakeFiles/CheckIncludeFiles/HAVE_SYS_MOUNT_H.c
In file included from /usr/include/linux/fs.h:19,
                 from /home/parallels/Downloads/cmake-3.24.0/CMakeFiles/CheckIncludeFiles/HAVE_SYS_MOUNT_H.c:12:
/usr/include/aarch64-linux-gnu/sys/mount.h:35:3: error: expected identifier before numeric constant
   35 |   MS_RDONLY = 1,  /* Mount read-only.  */
      |   ^~~~~~~~~
make[1]: *** [CMakeFiles/cmTC_743f5.dir/build.make:78: CMakeFiles/cmTC_743f5.dir/HAVE_SYS_MOUNT_H.c.o] Fehler 1
make[1]: Verzeichnis „/home/parallels/Downloads/cmake-3.24.0/CMakeFiles/CMakeTmp“ wird verlassen
make: *** [Makefile:127: cmTC_743f5/fast] Fehler 2


Source:
/* */
#include <sys/types.h>
#include <ctype.h>
#include <dlfcn.h>
#include <errno.h>
#include <fcntl.h>
#include <grp.h>
#include <langinfo.h>
#include <limits.h>
#include <linux/types.h>
#include <linux/fiemap.h>
#include <linux/fs.h>
#include <linux/magic.h>
#include <locale.h>
#include <memory.h>
#include <paths.h>
#include <poll.h>
#include <pthread.h>
#include <pwd.h>
#include <regex.h>
#include <signal.h>
#include <spawn.h>
#include <stdarg.h>
#include <stdlib.h>
#include <string.h>
#include <strings.h>
#include <sys/cdefs.h>
#include <sys/ioctl.h>
#include <sys/mount.h>


int main(void){return 0;}

Determining if files sys/types.h;ctype.h;dlfcn.h;errno.h;fcntl.h;grp.h;langinfo.h;limits.h;linux/types.h;linux/fiemap.h;linux/fs.h;linux/magic.h;locale.h;memory.h;paths.h;poll.h;pthread.h;pwd.h;regex.h;signal.h;spawn.h;stdarg.h;stdlib.h;string.h;strings.h;sys/cdefs.h;sys/ioctl.h;sys/param.h;sys/poll.h;sys/richacl.h exist failed with the following output:
Change Dir: /home/parallels/Downloads/cmake-3.24.0/CMakeFiles/CMakeTmp

Run Build Command(s):/usr/bin/make -f Makefile cmTC_037c2/fast && make  -f CMakeFiles/cmTC_037c2.dir/build.make CMakeFiles/cmTC_037c2.dir/build
make[1]: Verzeichnis „/home/parallels/Downloads/cmake-3.24.0/CMakeFiles/CMakeTmp“ wird betreten
Building C object CMakeFiles/cmTC_037c2.dir/HAVE_SYS_RICHACL_H.c.o
/usr/bin/gcc   -w     -D_DEFAULT_SOURCE -D_BSD_SOURCE -D_XOPEN_SOURCE=600 -std=gnu11 -o CMakeFiles/cmTC_037c2.dir/HAVE_SYS_RICHACL_H.c.o -c /home/parallels/Downloads/cmake-3.24.0/CMakeFiles/CheckIncludeFiles/HAVE_SYS_RICHACL_H.c
/home/parallels/Downloads/cmake-3.24.0/CMakeFiles/CheckIncludeFiles/HAVE_SYS_RICHACL_H.c:31:10: fatal error: sys/richacl.h: Datei oder Verzeichnis nicht gefunden
   31 | #include <sys/richacl.h>
      |          ^~~~~~~~~~~~~~~
compilation terminated.
make[1]: *** [CMakeFiles/cmTC_037c2.dir/build.make:78: CMakeFiles/cmTC_037c2.dir/HAVE_SYS_RICHACL_H.c.o] Fehler 1
make[1]: Verzeichnis „/home/parallels/Downloads/cmake-3.24.0/CMakeFiles/CMakeTmp“ wird verlassen
make: *** [Makefile:127: cmTC_037c2/fast] Fehler 2


Source:
/* */
#include <sys/types.h>
#include <ctype.h>
#include <dlfcn.h>
#include <errno.h>
#include <fcntl.h>
#include <grp.h>
#include <langinfo.h>
#include <limits.h>
#include <linux/types.h>
#include <linux/fiemap.h>
#include <linux/fs.h>
#include <linux/magic.h>
#include <locale.h>
#include <memory.h>
#include <paths.h>
#include <poll.h>
#include <pthread.h>
#include <pwd.h>
#include <regex.h>
#include <signal.h>
#include <spawn.h>
#include <stdarg.h>
#include <stdlib.h>
#include <string.h>
#include <strings.h>
#include <sys/cdefs.h>
#include <sys/ioctl.h>
#include <sys/param.h>
#include <sys/poll.h>
#include <sys/richacl.h>


int main(void){return 0;}

Determining if files sys/types.h;ctype.h;dlfcn.h;errno.h;fcntl.h;grp.h;langinfo.h;limits.h;linux/types.h;linux/fiemap.h;linux/fs.h;linux/magic.h;locale.h;memory.h;paths.h;poll.h;pthread.h;pwd.h;regex.h;signal.h;spawn.h;stdarg.h;stdlib.h;string.h;strings.h;sys/cdefs.h;sys/ioctl.h;sys/param.h;sys/poll.h;sys/select.h;sys/stat.h;sys/statfs.h;sys/statvfs.h;sys/sysmacros.h;sys/time.h;sys/utsname.h;sys/vfs.h;sys/wait.h;sys/xattr.h;time.h;unistd.h;utime.h;wchar.h;wctype.h;windows.h exist failed with the following output:
Change Dir: /home/parallels/Downloads/cmake-3.24.0/CMakeFiles/CMakeTmp

Run Build Command(s):/usr/bin/make -f Makefile cmTC_8fc2a/fast && make  -f CMakeFiles/cmTC_8fc2a.dir/build.make CMakeFiles/cmTC_8fc2a.dir/build
make[1]: Verzeichnis „/home/parallels/Downloads/cmake-3.24.0/CMakeFiles/CMakeTmp“ wird betreten
Building C object CMakeFiles/cmTC_8fc2a.dir/HAVE_WINDOWS_H.c.o
/usr/bin/gcc   -w     -D_DEFAULT_SOURCE -D_BSD_SOURCE -D_XOPEN_SOURCE=600 -std=gnu11 -o CMakeFiles/cmTC_8fc2a.dir/HAVE_WINDOWS_H.c.o -c /home/parallels/Downloads/cmake-3.24.0/CMakeFiles/CheckIncludeFiles/HAVE_WINDOWS_H.c
/home/parallels/Downloads/cmake-3.24.0/CMakeFiles/CheckIncludeFiles/HAVE_WINDOWS_H.c:46:10: fatal error: windows.h: Datei oder Verzeichnis nicht gefunden
   46 | #include <windows.h>
      |          ^~~~~~~~~~~
compilation terminated.
make[1]: *** [CMakeFiles/cmTC_8fc2a.dir/build.make:78: CMakeFiles/cmTC_8fc2a.dir/HAVE_WINDOWS_H.c.o] Fehler 1
make[1]: Verzeichnis „/home/parallels/Downloads/cmake-3.24.0/CMakeFiles/CMakeTmp“ wird verlassen
make: *** [Makefile:127: cmTC_8fc2a/fast] Fehler 2


Source:
/* */
#include <sys/types.h>
#include <ctype.h>
#include <dlfcn.h>
#include <errno.h>
#include <fcntl.h>
#include <grp.h>
#include <langinfo.h>
#include <limits.h>
#include <linux/types.h>
#include <linux/fiemap.h>
#include <linux/fs.h>
#include <linux/magic.h>
#include <locale.h>
#include <memory.h>
#include <paths.h>
#include <poll.h>
#include <pthread.h>
#include <pwd.h>
#include <regex.h>
#include <signal.h>
#include <spawn.h>
#include <stdarg.h>
#include <stdlib.h>
#include <string.h>
#include <strings.h>
#include <sys/cdefs.h>
#include <sys/ioctl.h>
#include <sys/param.h>
#include <sys/poll.h>
#include <sys/select.h>
#include <sys/stat.h>
#include <sys/statfs.h>
#include <sys/statvfs.h>
#include <sys/sysmacros.h>
#include <sys/time.h>
#include <sys/utsname.h>
#include <sys/vfs.h>
#include <sys/wait.h>
#include <sys/xattr.h>
#include <time.h>
#include <unistd.h>
#include <utime.h>
#include <wchar.h>
#include <wctype.h>
#include <windows.h>


int main(void){return 0;}

Determining if files sys/types.h;ctype.h;dlfcn.h;errno.h;fcntl.h;grp.h;langinfo.h;limits.h;linux/types.h;linux/fiemap.h;linux/fs.h;linux/magic.h;locale.h;memory.h;paths.h;poll.h;pthread.h;pwd.h;regex.h;signal.h;spawn.h;stdarg.h;stdlib.h;string.h;strings.h;sys/cdefs.h;sys/ioctl.h;sys/param.h;sys/poll.h;sys/select.h;sys/stat.h;sys/statfs.h;sys/statvfs.h;sys/sysmacros.h;sys/time.h;sys/utsname.h;sys/vfs.h;sys/wait.h;sys/xattr.h;time.h;unistd.h;utime.h;wchar.h;wctype.h;wincrypt.h exist failed with the following output:
Change Dir: /home/parallels/Downloads/cmake-3.24.0/CMakeFiles/CMakeTmp

Run Build Command(s):/usr/bin/make -f Makefile cmTC_a163b/fast && make  -f CMakeFiles/cmTC_a163b.dir/build.make CMakeFiles/cmTC_a163b.dir/build
make[1]: Verzeichnis „/home/parallels/Downloads/cmake-3.24.0/CMakeFiles/CMakeTmp“ wird betreten
Building C object CMakeFiles/cmTC_a163b.dir/HAVE_WINCRYPT_H.c.o
/usr/bin/gcc   -w     -D_DEFAULT_SOURCE -D_BSD_SOURCE -D_XOPEN_SOURCE=600 -std=gnu11 -o CMakeFiles/cmTC_a163b.dir/HAVE_WINCRYPT_H.c.o -c /home/parallels/Downloads/cmake-3.24.0/CMakeFiles/CheckIncludeFiles/HAVE_WINCRYPT_H.c
/home/parallels/Downloads/cmake-3.24.0/CMakeFiles/CheckIncludeFiles/HAVE_WINCRYPT_H.c:46:10: fatal error: wincrypt.h: Datei oder Verzeichnis nicht gefunden
   46 | #include <wincrypt.h>
      |          ^~~~~~~~~~~~
compilation terminated.
make[1]: *** [CMakeFiles/cmTC_a163b.dir/build.make:78: CMakeFiles/cmTC_a163b.dir/HAVE_WINCRYPT_H.c.o] Fehler 1
make[1]: Verzeichnis „/home/parallels/Downloads/cmake-3.24.0/CMakeFiles/CMakeTmp“ wird verlassen
make: *** [Makefile:127: cmTC_a163b/fast] Fehler 2


Source:
/* */
#include <sys/types.h>
#include <ctype.h>
#include <dlfcn.h>
#include <errno.h>
#include <fcntl.h>
#include <grp.h>
#include <langinfo.h>
#include <limits.h>
#include <linux/types.h>
#include <linux/fiemap.h>
#include <linux/fs.h>
#include <linux/magic.h>
#include <locale.h>
#include <memory.h>
#include <paths.h>
#include <poll.h>
#include <pthread.h>
#include <pwd.h>
#include <regex.h>
#include <signal.h>
#include <spawn.h>
#include <stdarg.h>
#include <stdlib.h>
#include <string.h>
#include <strings.h>
#include <sys/cdefs.h>
#include <sys/ioctl.h>
#include <sys/param.h>
#include <sys/poll.h>
#include <sys/select.h>
#include <sys/stat.h>
#include <sys/statfs.h>
#include <sys/statvfs.h>
#include <sys/sysmacros.h>
#include <sys/time.h>
#include <sys/utsname.h>
#include <sys/vfs.h>
#include <sys/wait.h>
#include <sys/xattr.h>
#include <time.h>
#include <unistd.h>
#include <utime.h>
#include <wchar.h>
#include <wctype.h>
#include <wincrypt.h>


int main(void){return 0;}

Determining if files sys/types.h;ctype.h;dlfcn.h;errno.h;fcntl.h;grp.h;langinfo.h;limits.h;linux/types.h;linux/fiemap.h;linux/fs.h;linux/magic.h;locale.h;memory.h;paths.h;poll.h;pthread.h;pwd.h;regex.h;signal.h;spawn.h;stdarg.h;stdlib.h;string.h;strings.h;sys/cdefs.h;sys/ioctl.h;sys/param.h;sys/poll.h;sys/select.h;sys/stat.h;sys/statfs.h;sys/statvfs.h;sys/sysmacros.h;sys/time.h;sys/utsname.h;sys/vfs.h;sys/wait.h;sys/xattr.h;time.h;unistd.h;utime.h;wchar.h;wctype.h;winioctl.h exist failed with the following output:
Change Dir: /home/parallels/Downloads/cmake-3.24.0/CMakeFiles/CMakeTmp

Run Build Command(s):/usr/bin/make -f Makefile cmTC_9578d/fast && make  -f CMakeFiles/cmTC_9578d.dir/build.make CMakeFiles/cmTC_9578d.dir/build
make[1]: Verzeichnis „/home/parallels/Downloads/cmake-3.24.0/CMakeFiles/CMakeTmp“ wird betreten
Building C object CMakeFiles/cmTC_9578d.dir/HAVE_WINIOCTL_H.c.o
/usr/bin/gcc   -w     -D_DEFAULT_SOURCE -D_BSD_SOURCE -D_XOPEN_SOURCE=600 -std=gnu11 -o CMakeFiles/cmTC_9578d.dir/HAVE_WINIOCTL_H.c.o -c /home/parallels/Downloads/cmake-3.24.0/CMakeFiles/CheckIncludeFiles/HAVE_WINIOCTL_H.c
/home/parallels/Downloads/cmake-3.24.0/CMakeFiles/CheckIncludeFiles/HAVE_WINIOCTL_H.c:46:10: fatal error: winioctl.h: Datei oder Verzeichnis nicht gefunden
   46 | #include <winioctl.h>
      |          ^~~~~~~~~~~~
compilation terminated.
make[1]: *** [CMakeFiles/cmTC_9578d.dir/build.make:78: CMakeFiles/cmTC_9578d.dir/HAVE_WINIOCTL_H.c.o] Fehler 1
make[1]: Verzeichnis „/home/parallels/Downloads/cmake-3.24.0/CMakeFiles/CMakeTmp“ wird verlassen
make: *** [Makefile:127: cmTC_9578d/fast] Fehler 2


Source:
/* */
#include <sys/types.h>
#include <ctype.h>
#include <dlfcn.h>
#include <errno.h>
#include <fcntl.h>
#include <grp.h>
#include <langinfo.h>
#include <limits.h>
#include <linux/types.h>
#include <linux/fiemap.h>
#include <linux/fs.h>
#include <linux/magic.h>
#include <locale.h>
#include <memory.h>
#include <paths.h>
#include <poll.h>
#include <pthread.h>
#include <pwd.h>
#include <regex.h>
#include <signal.h>
#include <spawn.h>
#include <stdarg.h>
#include <stdlib.h>
#include <string.h>
#include <strings.h>
#include <sys/cdefs.h>
#include <sys/ioctl.h>
#include <sys/param.h>
#include <sys/poll.h>
#include <sys/select.h>
#include <sys/stat.h>
#include <sys/statfs.h>
#include <sys/statvfs.h>
#include <sys/sysmacros.h>
#include <sys/time.h>
#include <sys/utsname.h>
#include <sys/vfs.h>
#include <sys/wait.h>
#include <sys/xattr.h>
#include <time.h>
#include <unistd.h>
#include <utime.h>
#include <wchar.h>
#include <wctype.h>
#include <winioctl.h>


int main(void){return 0;}

Determining if the function getvfsbyname exists failed with the following output:
Change Dir: /home/parallels/Downloads/cmake-3.24.0/CMakeFiles/CMakeTmp

Run Build Command(s):/usr/bin/make -f Makefile cmTC_9fa23/fast && make  -f CMakeFiles/cmTC_9fa23.dir/build.make CMakeFiles/cmTC_9fa23.dir/build
make[1]: Verzeichnis „/home/parallels/Downloads/cmake-3.24.0/CMakeFiles/CMakeTmp“ wird betreten
Building C object CMakeFiles/cmTC_9fa23.dir/CheckFunctionExists.c.o
/usr/bin/gcc   -w -DCHECK_FUNCTION_EXISTS=getvfsbyname  -fno-builtin    -D_DEFAULT_SOURCE -D_BSD_SOURCE -D_XOPEN_SOURCE=600 -std=gnu11 -o CMakeFiles/cmTC_9fa23.dir/CheckFunctionExists.c.o -c /home/parallels/Downloads/cmake-3.24.0/Modules/CheckFunctionExists.c
Linking C executable cmTC_9fa23
/home/parallels/Downloads/cmake-3.24.0/Bootstrap.cmk/cmake -E cmake_link_script CMakeFiles/cmTC_9fa23.dir/link.txt --verbose=1
/usr/bin/gcc  -w -DCHECK_FUNCTION_EXISTS=getvfsbyname  -fno-builtin CMakeFiles/cmTC_9fa23.dir/CheckFunctionExists.c.o -o cmTC_9fa23 
/usr/bin/ld: CMakeFiles/cmTC_9fa23.dir/CheckFunctionExists.c.o: in function `main':
CheckFunctionExists.c:(.text+0x10): undefined reference to `getvfsbyname'
collect2: error: ld returned 1 exit status
make[1]: *** [CMakeFiles/cmTC_9fa23.dir/build.make:99: cmTC_9fa23] Fehler 1
make[1]: Verzeichnis „/home/parallels/Downloads/cmake-3.24.0/CMakeFiles/CMakeTmp“ wird verlassen
make: *** [Makefile:127: cmTC_9fa23/fast] Fehler 2



Determining if the function lchflags exists failed with the following output:
Change Dir: /home/parallels/Downloads/cmake-3.24.0/CMakeFiles/CMakeTmp

Run Build Command(s):/usr/bin/make -f Makefile cmTC_bd8eb/fast && make  -f CMakeFiles/cmTC_bd8eb.dir/build.make CMakeFiles/cmTC_bd8eb.dir/build
make[1]: Verzeichnis „/home/parallels/Downloads/cmake-3.24.0/CMakeFiles/CMakeTmp“ wird betreten
Building C object CMakeFiles/cmTC_bd8eb.dir/CheckFunctionExists.c.o
/usr/bin/gcc   -w -DCHECK_FUNCTION_EXISTS=lchflags  -fno-builtin    -D_DEFAULT_SOURCE -D_BSD_SOURCE -D_XOPEN_SOURCE=600 -std=gnu11 -o CMakeFiles/cmTC_bd8eb.dir/CheckFunctionExists.c.o -c /home/parallels/Downloads/cmake-3.24.0/Modules/CheckFunctionExists.c
Linking C executable cmTC_bd8eb
/home/parallels/Downloads/cmake-3.24.0/Bootstrap.cmk/cmake -E cmake_link_script CMakeFiles/cmTC_bd8eb.dir/link.txt --verbose=1
/usr/bin/gcc  -w -DCHECK_FUNCTION_EXISTS=lchflags  -fno-builtin CMakeFiles/cmTC_bd8eb.dir/CheckFunctionExists.c.o -o cmTC_bd8eb 
/usr/bin/ld: CMakeFiles/cmTC_bd8eb.dir/CheckFunctionExists.c.o: in function `main':
CheckFunctionExists.c:(.text+0x10): undefined reference to `lchflags'
collect2: error: ld returned 1 exit status
make[1]: *** [CMakeFiles/cmTC_bd8eb.dir/build.make:99: cmTC_bd8eb] Fehler 1
make[1]: Verzeichnis „/home/parallels/Downloads/cmake-3.24.0/CMakeFiles/CMakeTmp“ wird verlassen
make: *** [Makefile:127: cmTC_bd8eb/fast] Fehler 2



Determining if the function readpassphrase exists failed with the following output:
Change Dir: /home/parallels/Downloads/cmake-3.24.0/CMakeFiles/CMakeTmp

Run Build Command(s):/usr/bin/make -f Makefile cmTC_15729/fast && make  -f CMakeFiles/cmTC_15729.dir/build.make CMakeFiles/cmTC_15729.dir/build
make[1]: Verzeichnis „/home/parallels/Downloads/cmake-3.24.0/CMakeFiles/CMakeTmp“ wird betreten
Building C object CMakeFiles/cmTC_15729.dir/CheckFunctionExists.c.o
/usr/bin/gcc   -w -DCHECK_FUNCTION_EXISTS=readpassphrase  -fno-builtin    -D_DEFAULT_SOURCE -D_BSD_SOURCE -D_XOPEN_SOURCE=600 -std=gnu11 -o CMakeFiles/cmTC_15729.dir/CheckFunctionExists.c.o -c /home/parallels/Downloads/cmake-3.24.0/Modules/CheckFunctionExists.c
Linking C executable cmTC_15729
/home/parallels/Downloads/cmake-3.24.0/Bootstrap.cmk/cmake -E cmake_link_script CMakeFiles/cmTC_15729.dir/link.txt --verbose=1
/usr/bin/gcc  -w -DCHECK_FUNCTION_EXISTS=readpassphrase  -fno-builtin CMakeFiles/cmTC_15729.dir/CheckFunctionExists.c.o -o cmTC_15729 
/usr/bin/ld: CMakeFiles/cmTC_15729.dir/CheckFunctionExists.c.o: in function `main':
CheckFunctionExists.c:(.text+0x10): undefined reference to `readpassphrase'
collect2: error: ld returned 1 exit status
make[1]: *** [CMakeFiles/cmTC_15729.dir/build.make:99: cmTC_15729] Fehler 1
make[1]: Verzeichnis „/home/parallels/Downloads/cmake-3.24.0/CMakeFiles/CMakeTmp“ wird verlassen
make: *** [Makefile:127: cmTC_15729/fast] Fehler 2



Determining if the function strncpy_s exists failed with the following output:
Change Dir: /home/parallels/Downloads/cmake-3.24.0/CMakeFiles/CMakeTmp

Run Build Command(s):/usr/bin/make -f Makefile cmTC_0da42/fast && make  -f CMakeFiles/cmTC_0da42.dir/build.make CMakeFiles/cmTC_0da42.dir/build
make[1]: Verzeichnis „/home/parallels/Downloads/cmake-3.24.0/CMakeFiles/CMakeTmp“ wird betreten
Building C object CMakeFiles/cmTC_0da42.dir/CheckFunctionExists.c.o
/usr/bin/gcc   -w -DCHECK_FUNCTION_EXISTS=strncpy_s  -fno-builtin    -D_DEFAULT_SOURCE -D_BSD_SOURCE -D_XOPEN_SOURCE=600 -std=gnu11 -o CMakeFiles/cmTC_0da42.dir/CheckFunctionExists.c.o -c /home/parallels/Downloads/cmake-3.24.0/Modules/CheckFunctionExists.c
Linking C executable cmTC_0da42
/home/parallels/Downloads/cmake-3.24.0/Bootstrap.cmk/cmake -E cmake_link_script CMakeFiles/cmTC_0da42.dir/link.txt --verbose=1
/usr/bin/gcc  -w -DCHECK_FUNCTION_EXISTS=strncpy_s  -fno-builtin CMakeFiles/cmTC_0da42.dir/CheckFunctionExists.c.o -o cmTC_0da42 
/usr/bin/ld: CMakeFiles/cmTC_0da42.dir/CheckFunctionExists.c.o: in function `main':
CheckFunctionExists.c:(.text+0x10): undefined reference to `strncpy_s'
collect2: error: ld returned 1 exit status
make[1]: *** [CMakeFiles/cmTC_0da42.dir/build.make:99: cmTC_0da42] Fehler 1
make[1]: Verzeichnis „/home/parallels/Downloads/cmake-3.24.0/CMakeFiles/CMakeTmp“ wird verlassen
make: *** [Makefile:127: cmTC_0da42/fast] Fehler 2



Determining if the function _ctime64_s exists failed with the following output:
Change Dir: /home/parallels/Downloads/cmake-3.24.0/CMakeFiles/CMakeTmp

Run Build Command(s):/usr/bin/make -f Makefile cmTC_cbe6f/fast && make  -f CMakeFiles/cmTC_cbe6f.dir/build.make CMakeFiles/cmTC_cbe6f.dir/build
make[1]: Verzeichnis „/home/parallels/Downloads/cmake-3.24.0/CMakeFiles/CMakeTmp“ wird betreten
Building C object CMakeFiles/cmTC_cbe6f.dir/CheckFunctionExists.c.o
/usr/bin/gcc   -w -DCHECK_FUNCTION_EXISTS=_ctime64_s  -fno-builtin    -D_DEFAULT_SOURCE -D_BSD_SOURCE -D_XOPEN_SOURCE=600 -std=gnu11 -o CMakeFiles/cmTC_cbe6f.dir/CheckFunctionExists.c.o -c /home/parallels/Downloads/cmake-3.24.0/Modules/CheckFunctionExists.c
Linking C executable cmTC_cbe6f
/home/parallels/Downloads/cmake-3.24.0/Bootstrap.cmk/cmake -E cmake_link_script CMakeFiles/cmTC_cbe6f.dir/link.txt --verbose=1
/usr/bin/gcc  -w -DCHECK_FUNCTION_EXISTS=_ctime64_s  -fno-builtin CMakeFiles/cmTC_cbe6f.dir/CheckFunctionExists.c.o -o cmTC_cbe6f 
/usr/bin/ld: CMakeFiles/cmTC_cbe6f.dir/CheckFunctionExists.c.o: in function `main':
CheckFunctionExists.c:(.text+0x10): undefined reference to `_ctime64_s'
collect2: error: ld returned 1 exit status
make[1]: *** [CMakeFiles/cmTC_cbe6f.dir/build.make:99: cmTC_cbe6f] Fehler 1
make[1]: Verzeichnis „/home/parallels/Downloads/cmake-3.24.0/CMakeFiles/CMakeTmp“ wird verlassen
make: *** [Makefile:127: cmTC_cbe6f/fast] Fehler 2



Determining if the function _fseeki64 exists failed with the following output:
Change Dir: /home/parallels/Downloads/cmake-3.24.0/CMakeFiles/CMakeTmp

Run Build Command(s):/usr/bin/make -f Makefile cmTC_fd16b/fast && make  -f CMakeFiles/cmTC_fd16b.dir/build.make CMakeFiles/cmTC_fd16b.dir/build
make[1]: Verzeichnis „/home/parallels/Downloads/cmake-3.24.0/CMakeFiles/CMakeTmp“ wird betreten
Building C object CMakeFiles/cmTC_fd16b.dir/CheckFunctionExists.c.o
/usr/bin/gcc   -w -DCHECK_FUNCTION_EXISTS=_fseeki64  -fno-builtin    -D_DEFAULT_SOURCE -D_BSD_SOURCE -D_XOPEN_SOURCE=600 -std=gnu11 -o CMakeFiles/cmTC_fd16b.dir/CheckFunctionExists.c.o -c /home/parallels/Downloads/cmake-3.24.0/Modules/CheckFunctionExists.c
Linking C executable cmTC_fd16b
/home/parallels/Downloads/cmake-3.24.0/Bootstrap.cmk/cmake -E cmake_link_script CMakeFiles/cmTC_fd16b.dir/link.txt --verbose=1
/usr/bin/gcc  -w -DCHECK_FUNCTION_EXISTS=_fseeki64  -fno-builtin CMakeFiles/cmTC_fd16b.dir/CheckFunctionExists.c.o -o cmTC_fd16b 
/usr/bin/ld: CMakeFiles/cmTC_fd16b.dir/CheckFunctionExists.c.o: in function `main':
CheckFunctionExists.c:(.text+0x10): undefined reference to `_fseeki64'
collect2: error: ld returned 1 exit status
make[1]: *** [CMakeFiles/cmTC_fd16b.dir/build.make:99: cmTC_fd16b] Fehler 1
make[1]: Verzeichnis „/home/parallels/Downloads/cmake-3.24.0/CMakeFiles/CMakeTmp“ wird verlassen
make: *** [Makefile:127: cmTC_fd16b/fast] Fehler 2



Determining if the function _get_timezone exists failed with the following output:
Change Dir: /home/parallels/Downloads/cmake-3.24.0/CMakeFiles/CMakeTmp

Run Build Command(s):/usr/bin/make -f Makefile cmTC_394ca/fast && make  -f CMakeFiles/cmTC_394ca.dir/build.make CMakeFiles/cmTC_394ca.dir/build
make[1]: Verzeichnis „/home/parallels/Downloads/cmake-3.24.0/CMakeFiles/CMakeTmp“ wird betreten
Building C object CMakeFiles/cmTC_394ca.dir/CheckFunctionExists.c.o
/usr/bin/gcc   -w -DCHECK_FUNCTION_EXISTS=_get_timezone  -fno-builtin    -D_DEFAULT_SOURCE -D_BSD_SOURCE -D_XOPEN_SOURCE=600 -std=gnu11 -o CMakeFiles/cmTC_394ca.dir/CheckFunctionExists.c.o -c /home/parallels/Downloads/cmake-3.24.0/Modules/CheckFunctionExists.c
Linking C executable cmTC_394ca
/home/parallels/Downloads/cmake-3.24.0/Bootstrap.cmk/cmake -E cmake_link_script CMakeFiles/cmTC_394ca.dir/link.txt --verbose=1
/usr/bin/gcc  -w -DCHECK_FUNCTION_EXISTS=_get_timezone  -fno-builtin CMakeFiles/cmTC_394ca.dir/CheckFunctionExists.c.o -o cmTC_394ca 
/usr/bin/ld: CMakeFiles/cmTC_394ca.dir/CheckFunctionExists.c.o: in function `main':
CheckFunctionExists.c:(.text+0x10): undefined reference to `_get_timezone'
collect2: error: ld returned 1 exit status
make[1]: *** [CMakeFiles/cmTC_394ca.dir/build.make:99: cmTC_394ca] Fehler 1
make[1]: Verzeichnis „/home/parallels/Downloads/cmake-3.24.0/CMakeFiles/CMakeTmp“ wird verlassen
make: *** [Makefile:127: cmTC_394ca/fast] Fehler 2



Determining if the function _gmtime64_s exists failed with the following output:
Change Dir: /home/parallels/Downloads/cmake-3.24.0/CMakeFiles/CMakeTmp

Run Build Command(s):/usr/bin/make -f Makefile cmTC_59d64/fast && make  -f CMakeFiles/cmTC_59d64.dir/build.make CMakeFiles/cmTC_59d64.dir/build
make[1]: Verzeichnis „/home/parallels/Downloads/cmake-3.24.0/CMakeFiles/CMakeTmp“ wird betreten
Building C object CMakeFiles/cmTC_59d64.dir/CheckFunctionExists.c.o
/usr/bin/gcc   -w -DCHECK_FUNCTION_EXISTS=_gmtime64_s  -fno-builtin    -D_DEFAULT_SOURCE -D_BSD_SOURCE -D_XOPEN_SOURCE=600 -std=gnu11 -o CMakeFiles/cmTC_59d64.dir/CheckFunctionExists.c.o -c /home/parallels/Downloads/cmake-3.24.0/Modules/CheckFunctionExists.c
Linking C executable cmTC_59d64
/home/parallels/Downloads/cmake-3.24.0/Bootstrap.cmk/cmake -E cmake_link_script CMakeFiles/cmTC_59d64.dir/link.txt --verbose=1
/usr/bin/gcc  -w -DCHECK_FUNCTION_EXISTS=_gmtime64_s  -fno-builtin CMakeFiles/cmTC_59d64.dir/CheckFunctionExists.c.o -o cmTC_59d64 
/usr/bin/ld: CMakeFiles/cmTC_59d64.dir/CheckFunctionExists.c.o: in function `main':
CheckFunctionExists.c:(.text+0x10): undefined reference to `_gmtime64_s'
collect2: error: ld returned 1 exit status
make[1]: *** [CMakeFiles/cmTC_59d64.dir/build.make:99: cmTC_59d64] Fehler 1
make[1]: Verzeichnis „/home/parallels/Downloads/cmake-3.24.0/CMakeFiles/CMakeTmp“ wird verlassen
make: *** [Makefile:127: cmTC_59d64/fast] Fehler 2



Determining if the function _localtime64_s exists failed with the following output:
Change Dir: /home/parallels/Downloads/cmake-3.24.0/CMakeFiles/CMakeTmp

Run Build Command(s):/usr/bin/make -f Makefile cmTC_9869e/fast && make  -f CMakeFiles/cmTC_9869e.dir/build.make CMakeFiles/cmTC_9869e.dir/build
make[1]: Verzeichnis „/home/parallels/Downloads/cmake-3.24.0/CMakeFiles/CMakeTmp“ wird betreten
Building C object CMakeFiles/cmTC_9869e.dir/CheckFunctionExists.c.o
/usr/bin/gcc   -w -DCHECK_FUNCTION_EXISTS=_localtime64_s  -fno-builtin    -D_DEFAULT_SOURCE -D_BSD_SOURCE -D_XOPEN_SOURCE=600 -std=gnu11 -o CMakeFiles/cmTC_9869e.dir/CheckFunctionExists.c.o -c /home/parallels/Downloads/cmake-3.24.0/Modules/CheckFunctionExists.c
Linking C executable cmTC_9869e
/home/parallels/Downloads/cmake-3.24.0/Bootstrap.cmk/cmake -E cmake_link_script CMakeFiles/cmTC_9869e.dir/link.txt --verbose=1
/usr/bin/gcc  -w -DCHECK_FUNCTION_EXISTS=_localtime64_s  -fno-builtin CMakeFiles/cmTC_9869e.dir/CheckFunctionExists.c.o -o cmTC_9869e 
/usr/bin/ld: CMakeFiles/cmTC_9869e.dir/CheckFunctionExists.c.o: in function `main':
CheckFunctionExists.c:(.text+0x10): undefined reference to `_localtime64_s'
collect2: error: ld returned 1 exit status
make[1]: *** [CMakeFiles/cmTC_9869e.dir/build.make:99: cmTC_9869e] Fehler 1
make[1]: Verzeichnis „/home/parallels/Downloads/cmake-3.24.0/CMakeFiles/CMakeTmp“ wird verlassen
make: *** [Makefile:127: cmTC_9869e/fast] Fehler 2



Determining if the function _mkgmtime64 exists failed with the following output:
Change Dir: /home/parallels/Downloads/cmake-3.24.0/CMakeFiles/CMakeTmp

Run Build Command(s):/usr/bin/make -f Makefile cmTC_0fed3/fast && make  -f CMakeFiles/cmTC_0fed3.dir/build.make CMakeFiles/cmTC_0fed3.dir/build
make[1]: Verzeichnis „/home/parallels/Downloads/cmake-3.24.0/CMakeFiles/CMakeTmp“ wird betreten
Building C object CMakeFiles/cmTC_0fed3.dir/CheckFunctionExists.c.o
/usr/bin/gcc   -w -DCHECK_FUNCTION_EXISTS=_mkgmtime64  -fno-builtin    -D_DEFAULT_SOURCE -D_BSD_SOURCE -D_XOPEN_SOURCE=600 -std=gnu11 -o CMakeFiles/cmTC_0fed3.dir/CheckFunctionExists.c.o -c /home/parallels/Downloads/cmake-3.24.0/Modules/CheckFunctionExists.c
Linking C executable cmTC_0fed3
/home/parallels/Downloads/cmake-3.24.0/Bootstrap.cmk/cmake -E cmake_link_script CMakeFiles/cmTC_0fed3.dir/link.txt --verbose=1
/usr/bin/gcc  -w -DCHECK_FUNCTION_EXISTS=_mkgmtime64  -fno-builtin CMakeFiles/cmTC_0fed3.dir/CheckFunctionExists.c.o -o cmTC_0fed3 
/usr/bin/ld: CMakeFiles/cmTC_0fed3.dir/CheckFunctionExists.c.o: in function `main':
CheckFunctionExists.c:(.text+0x10): undefined reference to `_mkgmtime64'
collect2: error: ld returned 1 exit status
make[1]: *** [CMakeFiles/cmTC_0fed3.dir/build.make:99: cmTC_0fed3] Fehler 1
make[1]: Verzeichnis „/home/parallels/Downloads/cmake-3.24.0/CMakeFiles/CMakeTmp“ wird verlassen
make: *** [Makefile:127: cmTC_0fed3/fast] Fehler 2



Determining if the function cygwin_conv_path exists failed with the following output:
Change Dir: /home/parallels/Downloads/cmake-3.24.0/CMakeFiles/CMakeTmp

Run Build Command(s):/usr/bin/make -f Makefile cmTC_ce6c0/fast && make  -f CMakeFiles/cmTC_ce6c0.dir/build.make CMakeFiles/cmTC_ce6c0.dir/build
make[1]: Verzeichnis „/home/parallels/Downloads/cmake-3.24.0/CMakeFiles/CMakeTmp“ wird betreten
Building C object CMakeFiles/cmTC_ce6c0.dir/CheckFunctionExists.c.o
/usr/bin/gcc   -w -DCHECK_FUNCTION_EXISTS=cygwin_conv_path  -fno-builtin    -D_DEFAULT_SOURCE -D_BSD_SOURCE -D_XOPEN_SOURCE=600 -std=gnu11 -o CMakeFiles/cmTC_ce6c0.dir/CheckFunctionExists.c.o -c /home/parallels/Downloads/cmake-3.24.0/Modules/CheckFunctionExists.c
Linking C executable cmTC_ce6c0
/home/parallels/Downloads/cmake-3.24.0/Bootstrap.cmk/cmake -E cmake_link_script CMakeFiles/cmTC_ce6c0.dir/link.txt --verbose=1
/usr/bin/gcc  -w -DCHECK_FUNCTION_EXISTS=cygwin_conv_path  -fno-builtin CMakeFiles/cmTC_ce6c0.dir/CheckFunctionExists.c.o -o cmTC_ce6c0 
/usr/bin/ld: CMakeFiles/cmTC_ce6c0.dir/CheckFunctionExists.c.o: in function `main':
CheckFunctionExists.c:(.text+0x10): undefined reference to `cygwin_conv_path'
collect2: error: ld returned 1 exit status
make[1]: *** [CMakeFiles/cmTC_ce6c0.dir/build.make:99: cmTC_ce6c0] Fehler 1
make[1]: Verzeichnis „/home/parallels/Downloads/cmake-3.24.0/CMakeFiles/CMakeTmp“ wird verlassen
make: *** [Makefile:127: cmTC_ce6c0/fast] Fehler 2



Performing C SOURCE FILE Test HAVE_STRUCT_VFSCONF failed with the following output:
Change Dir: /home/parallels/Downloads/cmake-3.24.0/CMakeFiles/CMakeTmp

Run Build Command(s):/usr/bin/make -f Makefile cmTC_666da/fast && make  -f CMakeFiles/cmTC_666da.dir/build.make CMakeFiles/cmTC_666da.dir/build
make[1]: Verzeichnis „/home/parallels/Downloads/cmake-3.24.0/CMakeFiles/CMakeTmp“ wird betreten
Building C object CMakeFiles/cmTC_666da.dir/src.c.o
/usr/bin/gcc -DHAVE_STRUCT_VFSCONF  -w     -D_DEFAULT_SOURCE -D_BSD_SOURCE -D_XOPEN_SOURCE=600 -std=gnu11 -o CMakeFiles/cmTC_666da.dir/src.c.o -c /home/parallels/Downloads/cmake-3.24.0/CMakeFiles/CMakeTmp/src.c
/home/parallels/Downloads/cmake-3.24.0/CMakeFiles/CMakeTmp/src.c: In function ‘main’:
/home/parallels/Downloads/cmake-3.24.0/CMakeFiles/CMakeTmp/src.c:3:33: error: storage size of ‘v’ isn’t known
    3 | int main(void) { struct vfsconf v; return sizeof(v);}
      |                                 ^
make[1]: *** [CMakeFiles/cmTC_666da.dir/build.make:78: CMakeFiles/cmTC_666da.dir/src.c.o] Fehler 1
make[1]: Verzeichnis „/home/parallels/Downloads/cmake-3.24.0/CMakeFiles/CMakeTmp“ wird verlassen
make: *** [Makefile:127: cmTC_666da/fast] Fehler 2


Source file was:
#include <sys/types.h>
#include <sys/mount.h>
int main(void) { struct vfsconf v; return sizeof(v);}
Performing C SOURCE FILE Test HAVE_STRUCT_XVFSCONF failed with the following output:
Change Dir: /home/parallels/Downloads/cmake-3.24.0/CMakeFiles/CMakeTmp

Run Build Command(s):/usr/bin/make -f Makefile cmTC_dad39/fast && make  -f CMakeFiles/cmTC_dad39.dir/build.make CMakeFiles/cmTC_dad39.dir/build
make[1]: Verzeichnis „/home/parallels/Downloads/cmake-3.24.0/CMakeFiles/CMakeTmp“ wird betreten
Building C object CMakeFiles/cmTC_dad39.dir/src.c.o
/usr/bin/gcc -DHAVE_STRUCT_XVFSCONF  -w     -D_DEFAULT_SOURCE -D_BSD_SOURCE -D_XOPEN_SOURCE=600 -std=gnu11 -o CMakeFiles/cmTC_dad39.dir/src.c.o -c /home/parallels/Downloads/cmake-3.24.0/CMakeFiles/CMakeTmp/src.c
/home/parallels/Downloads/cmake-3.24.0/CMakeFiles/CMakeTmp/src.c: In function ‘main’:
/home/parallels/Downloads/cmake-3.24.0/CMakeFiles/CMakeTmp/src.c:3:34: error: storage size of ‘v’ isn’t known
    3 | int main(void) { struct xvfsconf v; return sizeof(v);}
      |                                  ^
make[1]: *** [CMakeFiles/cmTC_dad39.dir/build.make:78: CMakeFiles/cmTC_dad39.dir/src.c.o] Fehler 1
make[1]: Verzeichnis „/home/parallels/Downloads/cmake-3.24.0/CMakeFiles/CMakeTmp“ wird verlassen
make: *** [Makefile:127: cmTC_dad39/fast] Fehler 2


Source file was:
#include <sys/types.h>
#include <sys/mount.h>
int main(void) { struct xvfsconf v; return sizeof(v);}
Performing C SOURCE FILE Test HAVE_STRUCT_STATFS failed with the following output:
Change Dir: /home/parallels/Downloads/cmake-3.24.0/CMakeFiles/CMakeTmp

Run Build Command(s):/usr/bin/make -f Makefile cmTC_4d4d3/fast && make  -f CMakeFiles/cmTC_4d4d3.dir/build.make CMakeFiles/cmTC_4d4d3.dir/build
make[1]: Verzeichnis „/home/parallels/Downloads/cmake-3.24.0/CMakeFiles/CMakeTmp“ wird betreten
Building C object CMakeFiles/cmTC_4d4d3.dir/src.c.o
/usr/bin/gcc -DHAVE_STRUCT_STATFS  -w     -D_DEFAULT_SOURCE -D_BSD_SOURCE -D_XOPEN_SOURCE=600 -std=gnu11 -o CMakeFiles/cmTC_4d4d3.dir/src.c.o -c /home/parallels/Downloads/cmake-3.24.0/CMakeFiles/CMakeTmp/src.c
/home/parallels/Downloads/cmake-3.24.0/CMakeFiles/CMakeTmp/src.c: In function ‘main’:
/home/parallels/Downloads/cmake-3.24.0/CMakeFiles/CMakeTmp/src.c:3:32: error: storage size of ‘s’ isn’t known
    3 | int main(void) { struct statfs s; return sizeof(s);}
      |                                ^
make[1]: *** [CMakeFiles/cmTC_4d4d3.dir/build.make:78: CMakeFiles/cmTC_4d4d3.dir/src.c.o] Fehler 1
make[1]: Verzeichnis „/home/parallels/Downloads/cmake-3.24.0/CMakeFiles/CMakeTmp“ wird verlassen
make: *** [Makefile:127: cmTC_4d4d3/fast] Fehler 2


Source file was:
#include <sys/types.h>
#include <sys/mount.h>
int main(void) { struct statfs s; return sizeof(s);}
Performing C SOURCE FILE Test MAJOR_IN_MKDEV failed with the following output:
Change Dir: /home/parallels/Downloads/cmake-3.24.0/CMakeFiles/CMakeTmp

Run Build Command(s):/usr/bin/make -f Makefile cmTC_13be4/fast && make  -f CMakeFiles/cmTC_13be4.dir/build.make CMakeFiles/cmTC_13be4.dir/build
make[1]: Verzeichnis „/home/parallels/Downloads/cmake-3.24.0/CMakeFiles/CMakeTmp“ wird betreten
Building C object CMakeFiles/cmTC_13be4.dir/src.c.o
/usr/bin/gcc -DMAJOR_IN_MKDEV  -w     -D_DEFAULT_SOURCE -D_BSD_SOURCE -D_XOPEN_SOURCE=600 -std=gnu11 -o CMakeFiles/cmTC_13be4.dir/src.c.o -c /home/parallels/Downloads/cmake-3.24.0/CMakeFiles/CMakeTmp/src.c
/home/parallels/Downloads/cmake-3.24.0/CMakeFiles/CMakeTmp/src.c:1:10: fatal error: sys/mkdev.h: Datei oder Verzeichnis nicht gefunden
    1 | #include <sys/mkdev.h>
      |          ^~~~~~~~~~~~~
compilation terminated.
make[1]: *** [CMakeFiles/cmTC_13be4.dir/build.make:78: CMakeFiles/cmTC_13be4.dir/src.c.o] Fehler 1
make[1]: Verzeichnis „/home/parallels/Downloads/cmake-3.24.0/CMakeFiles/CMakeTmp“ wird verlassen
make: *** [Makefile:127: cmTC_13be4/fast] Fehler 2


Source file was:
#include <sys/mkdev.h>
int main() { return major(256); }
Determining if the EFTYPE exist failed with the following output:
Change Dir: /home/parallels/Downloads/cmake-3.24.0/CMakeFiles/CMakeTmp

Run Build Command(s):/usr/bin/make -f Makefile cmTC_3df2c/fast && make  -f CMakeFiles/cmTC_3df2c.dir/build.make CMakeFiles/cmTC_3df2c.dir/build
make[1]: Verzeichnis „/home/parallels/Downloads/cmake-3.24.0/CMakeFiles/CMakeTmp“ wird betreten
Building C object CMakeFiles/cmTC_3df2c.dir/CheckSymbolExists.c.o
/usr/bin/gcc   -w     -D_DEFAULT_SOURCE -D_BSD_SOURCE -D_XOPEN_SOURCE=600 -std=gnu11 -o CMakeFiles/cmTC_3df2c.dir/CheckSymbolExists.c.o -c /home/parallels/Downloads/cmake-3.24.0/CMakeFiles/CMakeTmp/CheckSymbolExists.c
/home/parallels/Downloads/cmake-3.24.0/CMakeFiles/CMakeTmp/CheckSymbolExists.c: In function ‘main’:
/home/parallels/Downloads/cmake-3.24.0/CMakeFiles/CMakeTmp/CheckSymbolExists.c:8:19: error: ‘EFTYPE’ undeclared (first use in this function)
    8 |   return ((int*)(&EFTYPE))[argc];
      |                   ^~~~~~
/home/parallels/Downloads/cmake-3.24.0/CMakeFiles/CMakeTmp/CheckSymbolExists.c:8:19: note: each undeclared identifier is reported only once for each function it appears in
make[1]: *** [CMakeFiles/cmTC_3df2c.dir/build.make:78: CMakeFiles/cmTC_3df2c.dir/CheckSymbolExists.c.o] Fehler 1
make[1]: Verzeichnis „/home/parallels/Downloads/cmake-3.24.0/CMakeFiles/CMakeTmp“ wird verlassen
make: *** [Makefile:127: cmTC_3df2c/fast] Fehler 2


File /home/parallels/Downloads/cmake-3.24.0/CMakeFiles/CMakeTmp/CheckSymbolExists.c:
/* */
#include <errno.h>

int main(int argc, char** argv)
{
  (void)argv;
#ifndef EFTYPE
  return ((int*)(&EFTYPE))[argc];
#else
  (void)argc;
  return 0;
#endif
}
Determining if the D_MD_ORDER exist failed with the following output:
Change Dir: /home/parallels/Downloads/cmake-3.24.0/CMakeFiles/CMakeTmp

Run Build Command(s):/usr/bin/make -f Makefile cmTC_a31e3/fast && make  -f CMakeFiles/cmTC_a31e3.dir/build.make CMakeFiles/cmTC_a31e3.dir/build
make[1]: Verzeichnis „/home/parallels/Downloads/cmake-3.24.0/CMakeFiles/CMakeTmp“ wird betreten
Building C object CMakeFiles/cmTC_a31e3.dir/CheckSymbolExists.c.o
/usr/bin/gcc   -w     -D_DEFAULT_SOURCE -D_BSD_SOURCE -D_XOPEN_SOURCE=600 -std=gnu11 -o CMakeFiles/cmTC_a31e3.dir/CheckSymbolExists.c.o -c /home/parallels/Downloads/cmake-3.24.0/CMakeFiles/CMakeTmp/CheckSymbolExists.c
/home/parallels/Downloads/cmake-3.24.0/CMakeFiles/CMakeTmp/CheckSymbolExists.c: In function ‘main’:
/home/parallels/Downloads/cmake-3.24.0/CMakeFiles/CMakeTmp/CheckSymbolExists.c:8:19: error: ‘D_MD_ORDER’ undeclared (first use in this function)
    8 |   return ((int*)(&D_MD_ORDER))[argc];
      |                   ^~~~~~~~~~
/home/parallels/Downloads/cmake-3.24.0/CMakeFiles/CMakeTmp/CheckSymbolExists.c:8:19: note: each undeclared identifier is reported only once for each function it appears in
make[1]: *** [CMakeFiles/cmTC_a31e3.dir/build.make:78: CMakeFiles/cmTC_a31e3.dir/CheckSymbolExists.c.o] Fehler 1
make[1]: Verzeichnis „/home/parallels/Downloads/cmake-3.24.0/CMakeFiles/CMakeTmp“ wird verlassen
make: *** [Makefile:127: cmTC_a31e3/fast] Fehler 2


File /home/parallels/Downloads/cmake-3.24.0/CMakeFiles/CMakeTmp/CheckSymbolExists.c:
/* */
#include <langinfo.h>

int main(int argc, char** argv)
{
  (void)argv;
#ifndef D_MD_ORDER
  return ((int*)(&D_MD_ORDER))[argc];
#else
  (void)argc;
  return 0;
#endif
}
Performing C SOURCE FILE Test HAVE_STRUCT_TM___TM_GMTOFF failed with the following output:
Change Dir: /home/parallels/Downloads/cmake-3.24.0/CMakeFiles/CMakeTmp

Run Build Command(s):/usr/bin/make -f Makefile cmTC_7bcae/fast && make  -f CMakeFiles/cmTC_7bcae.dir/build.make CMakeFiles/cmTC_7bcae.dir/build
make[1]: Verzeichnis „/home/parallels/Downloads/cmake-3.24.0/CMakeFiles/CMakeTmp“ wird betreten
Building C object CMakeFiles/cmTC_7bcae.dir/src.c.o
/usr/bin/gcc -DHAVE_STRUCT_TM___TM_GMTOFF  -w     -D_DEFAULT_SOURCE -D_BSD_SOURCE -D_XOPEN_SOURCE=600 -std=gnu11 -o CMakeFiles/cmTC_7bcae.dir/src.c.o -c /home/parallels/Downloads/cmake-3.24.0/CMakeFiles/CMakeTmp/src.c
/home/parallels/Downloads/cmake-3.24.0/CMakeFiles/CMakeTmp/src.c: In function ‘main’:
/home/parallels/Downloads/cmake-3.24.0/CMakeFiles/CMakeTmp/src.c:6:34: error: ‘struct tm’ has no member named ‘__tm_gmtoff’; did you mean ‘tm_gmtoff’?
    6 |   (void)sizeof(((struct tm *)0)->__tm_gmtoff);
      |                                  ^~~~~~~~~~~
      |                                  tm_gmtoff
make[1]: *** [CMakeFiles/cmTC_7bcae.dir/build.make:78: CMakeFiles/cmTC_7bcae.dir/src.c.o] Fehler 1
make[1]: Verzeichnis „/home/parallels/Downloads/cmake-3.24.0/CMakeFiles/CMakeTmp“ wird verlassen
make: *** [Makefile:127: cmTC_7bcae/fast] Fehler 2


Source file was:

#include <time.h>

int main()
{
  (void)sizeof(((struct tm *)0)->__tm_gmtoff);
  return 0;
}

Performing C SOURCE FILE Test HAVE_STRUCT_STAT_ST_BIRTHTIME failed with the following output:
Change Dir: /home/parallels/Downloads/cmake-3.24.0/CMakeFiles/CMakeTmp

Run Build Command(s):/usr/bin/make -f Makefile cmTC_aaef5/fast && make  -f CMakeFiles/cmTC_aaef5.dir/build.make CMakeFiles/cmTC_aaef5.dir/build
make[1]: Verzeichnis „/home/parallels/Downloads/cmake-3.24.0/CMakeFiles/CMakeTmp“ wird betreten
Building C object CMakeFiles/cmTC_aaef5.dir/src.c.o
/usr/bin/gcc -DHAVE_STRUCT_STAT_ST_BIRTHTIME  -w     -D_DEFAULT_SOURCE -D_BSD_SOURCE -D_XOPEN_SOURCE=600 -std=gnu11 -o CMakeFiles/cmTC_aaef5.dir/src.c.o -c /home/parallels/Downloads/cmake-3.24.0/CMakeFiles/CMakeTmp/src.c
/home/parallels/Downloads/cmake-3.24.0/CMakeFiles/CMakeTmp/src.c: In function ‘main’:
/home/parallels/Downloads/cmake-3.24.0/CMakeFiles/CMakeTmp/src.c:7:34: error: ‘struct stat’ has no member named ‘st_birthtime’
    7 |   (void)sizeof(((struct stat *)0)->st_birthtime);
      |                                  ^~
make[1]: *** [CMakeFiles/cmTC_aaef5.dir/build.make:78: CMakeFiles/cmTC_aaef5.dir/src.c.o] Fehler 1
make[1]: Verzeichnis „/home/parallels/Downloads/cmake-3.24.0/CMakeFiles/CMakeTmp“ wird verlassen
make: *** [Makefile:127: cmTC_aaef5/fast] Fehler 2


Source file was:

#include <sys/types.h>
#include <sys/stat.h>

int main()
{
  (void)sizeof(((struct stat *)0)->st_birthtime);
  return 0;
}

Performing C SOURCE FILE Test HAVE_STRUCT_STAT_ST_BIRTHTIMESPEC_TV_NSEC failed with the following output:
Change Dir: /home/parallels/Downloads/cmake-3.24.0/CMakeFiles/CMakeTmp

Run Build Command(s):/usr/bin/make -f Makefile cmTC_cafb3/fast && make  -f CMakeFiles/cmTC_cafb3.dir/build.make CMakeFiles/cmTC_cafb3.dir/build
make[1]: Verzeichnis „/home/parallels/Downloads/cmake-3.24.0/CMakeFiles/CMakeTmp“ wird betreten
Building C object CMakeFiles/cmTC_cafb3.dir/src.c.o
/usr/bin/gcc -DHAVE_STRUCT_STAT_ST_BIRTHTIMESPEC_TV_NSEC  -w     -D_DEFAULT_SOURCE -D_BSD_SOURCE -D_XOPEN_SOURCE=600 -std=gnu11 -o CMakeFiles/cmTC_cafb3.dir/src.c.o -c /home/parallels/Downloads/cmake-3.24.0/CMakeFiles/CMakeTmp/src.c
/home/parallels/Downloads/cmake-3.24.0/CMakeFiles/CMakeTmp/src.c: In function ‘main’:
/home/parallels/Downloads/cmake-3.24.0/CMakeFiles/CMakeTmp/src.c:7:34: error: ‘struct stat’ has no member named ‘st_birthtimespec’
    7 |   (void)sizeof(((struct stat *)0)->st_birthtimespec.tv_nsec);
      |                                  ^~
make[1]: *** [CMakeFiles/cmTC_cafb3.dir/build.make:78: CMakeFiles/cmTC_cafb3.dir/src.c.o] Fehler 1
make[1]: Verzeichnis „/home/parallels/Downloads/cmake-3.24.0/CMakeFiles/CMakeTmp“ wird verlassen
make: *** [Makefile:127: cmTC_cafb3/fast] Fehler 2


Source file was:

#include <sys/types.h>
#include <sys/stat.h>

int main()
{
  (void)sizeof(((struct stat *)0)->st_birthtimespec.tv_nsec);
  return 0;
}

Performing C SOURCE FILE Test HAVE_STRUCT_STAT_ST_MTIMESPEC_TV_NSEC failed with the following output:
Change Dir: /home/parallels/Downloads/cmake-3.24.0/CMakeFiles/CMakeTmp

Run Build Command(s):/usr/bin/make -f Makefile cmTC_7afc9/fast && make  -f CMakeFiles/cmTC_7afc9.dir/build.make CMakeFiles/cmTC_7afc9.dir/build
make[1]: Verzeichnis „/home/parallels/Downloads/cmake-3.24.0/CMakeFiles/CMakeTmp“ wird betreten
Building C object CMakeFiles/cmTC_7afc9.dir/src.c.o
/usr/bin/gcc -DHAVE_STRUCT_STAT_ST_MTIMESPEC_TV_NSEC  -w     -D_DEFAULT_SOURCE -D_BSD_SOURCE -D_XOPEN_SOURCE=600 -std=gnu11 -o CMakeFiles/cmTC_7afc9.dir/src.c.o -c /home/parallels/Downloads/cmake-3.24.0/CMakeFiles/CMakeTmp/src.c
/home/parallels/Downloads/cmake-3.24.0/CMakeFiles/CMakeTmp/src.c: In function ‘main’:
/home/parallels/Downloads/cmake-3.24.0/CMakeFiles/CMakeTmp/src.c:7:34: error: ‘struct stat’ has no member named ‘st_mtimespec’
    7 |   (void)sizeof(((struct stat *)0)->st_mtimespec.tv_nsec);
      |                                  ^~
make[1]: *** [CMakeFiles/cmTC_7afc9.dir/build.make:78: CMakeFiles/cmTC_7afc9.dir/src.c.o] Fehler 1
make[1]: Verzeichnis „/home/parallels/Downloads/cmake-3.24.0/CMakeFiles/CMakeTmp“ wird verlassen
make: *** [Makefile:127: cmTC_7afc9/fast] Fehler 2


Source file was:

#include <sys/types.h>
#include <sys/stat.h>

int main()
{
  (void)sizeof(((struct stat *)0)->st_mtimespec.tv_nsec);
  return 0;
}

Performing C SOURCE FILE Test HAVE_STRUCT_STAT_ST_MTIME_N failed with the following output:
Change Dir: /home/parallels/Downloads/cmake-3.24.0/CMakeFiles/CMakeTmp

Run Build Command(s):/usr/bin/make -f Makefile cmTC_3632a/fast && make  -f CMakeFiles/cmTC_3632a.dir/build.make CMakeFiles/cmTC_3632a.dir/build
make[1]: Verzeichnis „/home/parallels/Downloads/cmake-3.24.0/CMakeFiles/CMakeTmp“ wird betreten
Building C object CMakeFiles/cmTC_3632a.dir/src.c.o
/usr/bin/gcc -DHAVE_STRUCT_STAT_ST_MTIME_N  -w     -D_DEFAULT_SOURCE -D_BSD_SOURCE -D_XOPEN_SOURCE=600 -std=gnu11 -o CMakeFiles/cmTC_3632a.dir/src.c.o -c /home/parallels/Downloads/cmake-3.24.0/CMakeFiles/CMakeTmp/src.c
/home/parallels/Downloads/cmake-3.24.0/CMakeFiles/CMakeTmp/src.c: In function ‘main’:
/home/parallels/Downloads/cmake-3.24.0/CMakeFiles/CMakeTmp/src.c:7:36: error: ‘struct stat’ has no member named ‘st_mtime_n’; did you mean ‘st_mtim’?
    7 |   (void)sizeof(((struct stat *)0)->st_mtime_n);
      |                                    ^~~~~~~~~~
      |                                    st_mtim
make[1]: *** [CMakeFiles/cmTC_3632a.dir/build.make:78: CMakeFiles/cmTC_3632a.dir/src.c.o] Fehler 1
make[1]: Verzeichnis „/home/parallels/Downloads/cmake-3.24.0/CMakeFiles/CMakeTmp“ wird verlassen
make: *** [Makefile:127: cmTC_3632a/fast] Fehler 2


Source file was:

#include <sys/types.h>
#include <sys/stat.h>

int main()
{
  (void)sizeof(((struct stat *)0)->st_mtime_n);
  return 0;
}

Performing C SOURCE FILE Test HAVE_STRUCT_STAT_ST_UMTIME failed with the following output:
Change Dir: /home/parallels/Downloads/cmake-3.24.0/CMakeFiles/CMakeTmp

Run Build Command(s):/usr/bin/make -f Makefile cmTC_592cc/fast && make  -f CMakeFiles/cmTC_592cc.dir/build.make CMakeFiles/cmTC_592cc.dir/build
make[1]: Verzeichnis „/home/parallels/Downloads/cmake-3.24.0/CMakeFiles/CMakeTmp“ wird betreten
Building C object CMakeFiles/cmTC_592cc.dir/src.c.o
/usr/bin/gcc -DHAVE_STRUCT_STAT_ST_UMTIME  -w     -D_DEFAULT_SOURCE -D_BSD_SOURCE -D_XOPEN_SOURCE=600 -std=gnu11 -o CMakeFiles/cmTC_592cc.dir/src.c.o -c /home/parallels/Downloads/cmake-3.24.0/CMakeFiles/CMakeTmp/src.c
/home/parallels/Downloads/cmake-3.24.0/CMakeFiles/CMakeTmp/src.c: In function ‘main’:
/home/parallels/Downloads/cmake-3.24.0/CMakeFiles/CMakeTmp/src.c:7:36: error: ‘struct stat’ has no member named ‘st_umtime’; did you mean ‘st_mtim’?
    7 |   (void)sizeof(((struct stat *)0)->st_umtime);
      |                                    ^~~~~~~~~
      |                                    st_mtim
make[1]: *** [CMakeFiles/cmTC_592cc.dir/build.make:78: CMakeFiles/cmTC_592cc.dir/src.c.o] Fehler 1
make[1]: Verzeichnis „/home/parallels/Downloads/cmake-3.24.0/CMakeFiles/CMakeTmp“ wird verlassen
make: *** [Makefile:127: cmTC_592cc/fast] Fehler 2


Source file was:

#include <sys/types.h>
#include <sys/stat.h>

int main()
{
  (void)sizeof(((struct stat *)0)->st_umtime);
  return 0;
}

Performing C SOURCE FILE Test HAVE_STRUCT_STAT_ST_MTIME_USEC failed with the following output:
Change Dir: /home/parallels/Downloads/cmake-3.24.0/CMakeFiles/CMakeTmp

Run Build Command(s):/usr/bin/make -f Makefile cmTC_58536/fast && make  -f CMakeFiles/cmTC_58536.dir/build.make CMakeFiles/cmTC_58536.dir/build
make[1]: Verzeichnis „/home/parallels/Downloads/cmake-3.24.0/CMakeFiles/CMakeTmp“ wird betreten
Building C object CMakeFiles/cmTC_58536.dir/src.c.o
/usr/bin/gcc -DHAVE_STRUCT_STAT_ST_MTIME_USEC  -w     -D_DEFAULT_SOURCE -D_BSD_SOURCE -D_XOPEN_SOURCE=600 -std=gnu11 -o CMakeFiles/cmTC_58536.dir/src.c.o -c /home/parallels/Downloads/cmake-3.24.0/CMakeFiles/CMakeTmp/src.c
/home/parallels/Downloads/cmake-3.24.0/CMakeFiles/CMakeTmp/src.c: In function ‘main’:
/home/parallels/Downloads/cmake-3.24.0/CMakeFiles/CMakeTmp/src.c:7:34: error: ‘struct stat’ has no member named ‘st_mtime_usec’
    7 |   (void)sizeof(((struct stat *)0)->st_mtime_usec);
      |                                  ^~
make[1]: *** [CMakeFiles/cmTC_58536.dir/build.make:78: CMakeFiles/cmTC_58536.dir/src.c.o] Fehler 1
make[1]: Verzeichnis „/home/parallels/Downloads/cmake-3.24.0/CMakeFiles/CMakeTmp“ wird verlassen
make: *** [Makefile:127: cmTC_58536/fast] Fehler 2


Source file was:

#include <sys/types.h>
#include <sys/stat.h>

int main()
{
  (void)sizeof(((struct stat *)0)->st_mtime_usec);
  return 0;
}

Performing C SOURCE FILE Test HAVE_STRUCT_STAT_ST_FLAGS failed with the following output:
Change Dir: /home/parallels/Downloads/cmake-3.24.0/CMakeFiles/CMakeTmp

Run Build Command(s):/usr/bin/make -f Makefile cmTC_0f121/fast && make  -f CMakeFiles/cmTC_0f121.dir/build.make CMakeFiles/cmTC_0f121.dir/build
make[1]: Verzeichnis „/home/parallels/Downloads/cmake-3.24.0/CMakeFiles/CMakeTmp“ wird betreten
Building C object CMakeFiles/cmTC_0f121.dir/src.c.o
/usr/bin/gcc -DHAVE_STRUCT_STAT_ST_FLAGS  -w     -D_DEFAULT_SOURCE -D_BSD_SOURCE -D_XOPEN_SOURCE=600 -std=gnu11 -o CMakeFiles/cmTC_0f121.dir/src.c.o -c /home/parallels/Downloads/cmake-3.24.0/CMakeFiles/CMakeTmp/src.c
/home/parallels/Downloads/cmake-3.24.0/CMakeFiles/CMakeTmp/src.c: In function ‘main’:
/home/parallels/Downloads/cmake-3.24.0/CMakeFiles/CMakeTmp/src.c:7:34: error: ‘struct stat’ has no member named ‘st_flags’
    7 |   (void)sizeof(((struct stat *)0)->st_flags);
      |                                  ^~
make[1]: *** [CMakeFiles/cmTC_0f121.dir/build.make:78: CMakeFiles/cmTC_0f121.dir/src.c.o] Fehler 1
make[1]: Verzeichnis „/home/parallels/Downloads/cmake-3.24.0/CMakeFiles/CMakeTmp“ wird verlassen
make: *** [Makefile:127: cmTC_0f121/fast] Fehler 2


Source file was:

#include <sys/types.h>
#include <sys/stat.h>

int main()
{
  (void)sizeof(((struct stat *)0)->st_flags);
  return 0;
}

Performing C SOURCE FILE Test HAVE_STRUCT_STATVFS_F_IOSIZE failed with the following output:
Change Dir: /home/parallels/Downloads/cmake-3.24.0/CMakeFiles/CMakeTmp

Run Build Command(s):/usr/bin/make -f Makefile cmTC_02e5c/fast && make  -f CMakeFiles/cmTC_02e5c.dir/build.make CMakeFiles/cmTC_02e5c.dir/build
make[1]: Verzeichnis „/home/parallels/Downloads/cmake-3.24.0/CMakeFiles/CMakeTmp“ wird betreten
Building C object CMakeFiles/cmTC_02e5c.dir/src.c.o
/usr/bin/gcc -DHAVE_STRUCT_STATVFS_F_IOSIZE  -w     -D_DEFAULT_SOURCE -D_BSD_SOURCE -D_XOPEN_SOURCE=600 -std=gnu11 -o CMakeFiles/cmTC_02e5c.dir/src.c.o -c /home/parallels/Downloads/cmake-3.24.0/CMakeFiles/CMakeTmp/src.c
/home/parallels/Downloads/cmake-3.24.0/CMakeFiles/CMakeTmp/src.c: In function ‘main’:
/home/parallels/Downloads/cmake-3.24.0/CMakeFiles/CMakeTmp/src.c:7:39: error: ‘struct statvfs’ has no member named ‘f_iosize’; did you mean ‘f_bsize’?
    7 |   (void)sizeof(((struct statvfs *)0)->f_iosize);
      |                                       ^~~~~~~~
      |                                       f_bsize
make[1]: *** [CMakeFiles/cmTC_02e5c.dir/build.make:78: CMakeFiles/cmTC_02e5c.dir/src.c.o] Fehler 1
make[1]: Verzeichnis „/home/parallels/Downloads/cmake-3.24.0/CMakeFiles/CMakeTmp“ wird verlassen
make: *** [Makefile:127: cmTC_02e5c/fast] Fehler 2


Source file was:

#include <sys/types.h>
#include <sys/statvfs.h>

int main()
{
  (void)sizeof(((struct statvfs *)0)->f_iosize);
  return 0;
}

